
------------------------------------------
Test Configuration: 
--------------------------------------------
Type               = Complex to Complex
Points             = 128
Iterations         = 10
Interleaving       = 10
--------------------------------------------

Num of Platforms found - 1
  0 - intel(r) fpga sdk for opencl(tm) 
Iter: 0
	PCIe Rd: 0.038480ms
	Kernel: 0.000000ms
	PCIe Wr: 0.089396ms

Iter: 1
	PCIe Rd: 0.034203ms
	Kernel: 0.000000ms
	PCIe Wr: 0.038009ms

Iter: 2
	PCIe Rd: 0.034134ms
	Kernel: 0.000000ms
	PCIe Wr: 0.037239ms

Iter: 3
	PCIe Rd: 0.034689ms
	Kernel: 0.000000ms
	PCIe Wr: 0.037385ms

Iter: 4
	PCIe Rd: 0.034553ms
	Kernel: 0.000000ms
	PCIe Wr: 0.036458ms

Iter: 5
	PCIe Rd: 0.034683ms
	Kernel: 0.000000ms
	PCIe Wr: 0.036512ms

Iter: 6
	PCIe Rd: 0.034423ms
	Kernel: 0.000000ms
	PCIe Wr: 0.037085ms

Iter: 7
	PCIe Rd: 0.034435ms
	Kernel: 0.000000ms
	PCIe Wr: 0.037088ms

Iter: 8
	PCIe Rd: 0.034802ms
	Kernel: 0.000000ms
	PCIe Wr: 0.037147ms

Iter: 9
	PCIe Rd: 0.035375ms
	Kernel: 0.000000ms
	PCIe Wr: 0.036303ms


------------------------------------------
Measurements 
--------------------------------------------
Iterations             = 10
Points                 = 128
Data Size              = 1024 Bytes
PCIe Write Latency     = 0.04226ms
PCIe Read Latency      = 0.03498ms
PCIe Write Bandwidth   = 0.02423 GB/s
PCIe Read Bandwidth    = 0.02928 GB/s
Average Exec Time      = 0.00000ms
Average API Time       = 0.08156ms
