
------------------------------------------
Test Configuration: 
--------------------------------------------
Type               = Complex to Complex
Points             = 16777216
Iterations         = 10
Interleaving       = 10
--------------------------------------------

Num of Platforms found - 1
  0 - intel(r) fpga sdk for opencl(tm) 
Iter: 0
	PCIe Rd: 45.098027ms
	Kernel: 0.000000ms
	PCIe Wr: 21.464041ms

Iter: 1
	PCIe Rd: 42.558373ms
	Kernel: 0.000000ms
	PCIe Wr: 21.433240ms

Iter: 2
	PCIe Rd: 42.543116ms
	Kernel: 0.000000ms
	PCIe Wr: 21.424994ms

Iter: 3
	PCIe Rd: 42.592801ms
	Kernel: 0.000000ms
	PCIe Wr: 21.412957ms

Iter: 4
	PCIe Rd: 42.646509ms
	Kernel: 0.000000ms
	PCIe Wr: 21.449451ms

Iter: 5
	PCIe Rd: 42.548351ms
	Kernel: 0.000000ms
	PCIe Wr: 21.430171ms

Iter: 6
	PCIe Rd: 42.765119ms
	Kernel: 0.000000ms
	PCIe Wr: 21.506652ms

Iter: 7
	PCIe Rd: 42.809560ms
	Kernel: 0.000000ms
	PCIe Wr: 21.455844ms

Iter: 8
	PCIe Rd: 42.657976ms
	Kernel: 0.000000ms
	PCIe Wr: 21.423381ms

Iter: 9
	PCIe Rd: 42.771813ms
	Kernel: 0.000000ms
	PCIe Wr: 21.482580ms


------------------------------------------
Measurements 
--------------------------------------------
Iterations             = 10
Points                 = 16777216
Data Size              = 134217728 Bytes
PCIe Write Latency     = 21.44833ms
PCIe Read Latency      = 42.89916ms
PCIe Write Bandwidth   = 6.25772 GB/s
PCIe Read Bandwidth    = 3.12868 GB/s
Average Exec Time      = 0.00000ms
Average API Time       = 64.86623ms
