
------------------------------------------
Test Configuration: 
--------------------------------------------
Type               = Complex to Complex
Points             = 32
Iterations         = 10
Interleaving       = 10
--------------------------------------------

Num of Platforms found - 1
  0 - intel(r) fpga sdk for opencl(tm) 
Iter: 0
	PCIe Rd: 0.091646ms
	Kernel: 0.000000ms
	PCIe Wr: 0.060349ms

Iter: 1
	PCIe Rd: 0.081958ms
	Kernel: 0.000000ms
	PCIe Wr: 0.027966ms

Iter: 2
	PCIe Rd: 0.081433ms
	Kernel: 0.000000ms
	PCIe Wr: 0.027272ms

Iter: 3
	PCIe Rd: 0.082288ms
	Kernel: 0.000000ms
	PCIe Wr: 0.027070ms

Iter: 4
	PCIe Rd: 0.081664ms
	Kernel: 0.000000ms
	PCIe Wr: 0.027435ms

Iter: 5
	PCIe Rd: 0.081401ms
	Kernel: 0.000000ms
	PCIe Wr: 0.027332ms

Iter: 6
	PCIe Rd: 0.081581ms
	Kernel: 0.000000ms
	PCIe Wr: 0.027456ms

Iter: 7
	PCIe Rd: 0.081603ms
	Kernel: 0.000000ms
	PCIe Wr: 0.027648ms

Iter: 8
	PCIe Rd: 0.081582ms
	Kernel: 0.000000ms
	PCIe Wr: 0.027316ms

Iter: 9
	PCIe Rd: 0.083946ms
	Kernel: 0.000000ms
	PCIe Wr: 0.027327ms


------------------------------------------
Measurements 
--------------------------------------------
Iterations             = 10
Points                 = 32
Data Size              = 256 Bytes
PCIe Write Latency     = 0.03072ms
PCIe Read Latency      = 0.08291ms
PCIe Write Bandwidth   = 0.00833 GB/s
PCIe Read Bandwidth    = 0.00309 GB/s
Average Exec Time      = 0.00000ms
Average API Time       = 0.11958ms
