
------------------------------------------
Test Configuration: 
--------------------------------------------
Type               = Complex to Complex
Points             = 1073741824
Iterations         = 10
Interleaving       = 10
--------------------------------------------

Num of Platforms found - 1
  0 - intel(r) fpga sdk for opencl(tm) 
Iter: 0
	PCIe Rd: 2740.068195ms
	Kernel: 0.000000ms
	PCIe Wr: 1362.328905ms

Iter: 1
	PCIe Rd: 2732.627737ms
	Kernel: 0.000000ms
	PCIe Wr: 1360.773510ms

Iter: 2
	PCIe Rd: 2731.772116ms
	Kernel: 0.000000ms
	PCIe Wr: 1360.003972ms

Iter: 3
	PCIe Rd: 2733.373109ms
	Kernel: 0.000000ms
	PCIe Wr: 1360.111157ms

Iter: 4
	PCIe Rd: 2733.830168ms
	Kernel: 0.000000ms
	PCIe Wr: 1362.113025ms

Iter: 5
	PCIe Rd: 2731.505333ms
	Kernel: 0.000000ms
	PCIe Wr: 1362.266909ms

Iter: 6
	PCIe Rd: 2731.563139ms
	Kernel: 0.000000ms
	PCIe Wr: 1360.371412ms

Iter: 7
	PCIe Rd: 2732.165687ms
	Kernel: 0.000000ms
	PCIe Wr: 1360.304541ms

Iter: 8
	PCIe Rd: 2730.753553ms
	Kernel: 0.000000ms
	PCIe Wr: 1361.763042ms

Iter: 9
	PCIe Rd: 2732.812340ms
	Kernel: 0.000000ms
	PCIe Wr: 1361.598692ms


------------------------------------------
Measurements 
--------------------------------------------
Iterations             = 10
Points                 = 1073741824
Data Size              = 0 Bytes
PCIe Write Latency     = 1361.16352ms
PCIe Read Latency      = 2733.04714ms
PCIe Write Bandwidth   = 0.00000 GB/s
PCIe Read Bandwidth    = 0.00000 GB/s
Average Exec Time      = 0.00000ms
Average API Time       = 4094.76689ms
