
------------------------------------------
Test Configuration: 
--------------------------------------------
Type               = Complex to Complex
Points             = 16
Iterations         = 10
Interleaving       = 10
--------------------------------------------

Num of Platforms found - 1
  0 - intel(r) fpga sdk for opencl(tm) 
Iter: 0
	PCIe Rd: 0.057545ms
	Kernel: 0.000000ms
	PCIe Wr: 0.054485ms

Iter: 1
	PCIe Rd: 0.048506ms
	Kernel: 0.000000ms
	PCIe Wr: 0.023129ms

Iter: 2
	PCIe Rd: 0.048559ms
	Kernel: 0.000000ms
	PCIe Wr: 0.022489ms

Iter: 3
	PCIe Rd: 0.048484ms
	Kernel: 0.000000ms
	PCIe Wr: 0.022582ms

Iter: 4
	PCIe Rd: 0.048314ms
	Kernel: 0.000000ms
	PCIe Wr: 0.022829ms

Iter: 5
	PCIe Rd: 0.048144ms
	Kernel: 0.000000ms
	PCIe Wr: 0.022297ms

Iter: 6
	PCIe Rd: 0.048304ms
	Kernel: 0.000000ms
	PCIe Wr: 0.022564ms

Iter: 7
	PCIe Rd: 0.048466ms
	Kernel: 0.000000ms
	PCIe Wr: 0.022594ms

Iter: 8
	PCIe Rd: 0.048459ms
	Kernel: 0.000000ms
	PCIe Wr: 0.022773ms

Iter: 9
	PCIe Rd: 0.048328ms
	Kernel: 0.000000ms
	PCIe Wr: 0.022428ms


------------------------------------------
Measurements 
--------------------------------------------
Iterations             = 10
Points                 = 16
Data Size              = 128 Bytes
PCIe Write Latency     = 0.02582ms
PCIe Read Latency      = 0.04931ms
PCIe Write Bandwidth   = 0.00496 GB/s
PCIe Read Bandwidth    = 0.00260 GB/s
Average Exec Time      = 0.00000ms
Average API Time       = 0.08095ms
