
------------------------------------------
Test Configuration: 
--------------------------------------------
Type               = Complex to Complex
Points             = 8192
Iterations         = 10
Interleaving       = 10
--------------------------------------------

Num of Platforms found - 1
  0 - intel(r) fpga sdk for opencl(tm) 
Iter: 0
	PCIe Rd: 0.081548ms
	Kernel: 0.000000ms
	PCIe Wr: 0.127891ms

Iter: 1
	PCIe Rd: 0.056978ms
	Kernel: 0.000000ms
	PCIe Wr: 0.085870ms

Iter: 2
	PCIe Rd: 0.056304ms
	Kernel: 0.000000ms
	PCIe Wr: 0.085147ms

Iter: 3
	PCIe Rd: 0.056191ms
	Kernel: 0.000000ms
	PCIe Wr: 0.084624ms

Iter: 4
	PCIe Rd: 0.055800ms
	Kernel: 0.000000ms
	PCIe Wr: 0.084003ms

Iter: 5
	PCIe Rd: 0.056133ms
	Kernel: 0.000000ms
	PCIe Wr: 0.089078ms

Iter: 6
	PCIe Rd: 0.056407ms
	Kernel: 0.000000ms
	PCIe Wr: 0.084214ms

Iter: 7
	PCIe Rd: 0.058037ms
	Kernel: 0.000000ms
	PCIe Wr: 0.084195ms

Iter: 8
	PCIe Rd: 0.061152ms
	Kernel: 0.000000ms
	PCIe Wr: 0.084264ms

Iter: 9
	PCIe Rd: 0.056135ms
	Kernel: 0.000000ms
	PCIe Wr: 0.084305ms


------------------------------------------
Measurements 
--------------------------------------------
Iterations             = 10
Points                 = 8192
Data Size              = 65536 Bytes
PCIe Write Latency     = 0.08936ms
PCIe Read Latency      = 0.05947ms
PCIe Write Bandwidth   = 0.73340 GB/s
PCIe Read Bandwidth    = 1.10203 GB/s
Average Exec Time      = 0.00000ms
Average API Time       = 0.15364ms
