
------------------------------------------
Test Configuration: 
--------------------------------------------
Type               = Complex to Complex
Points             = 1024
Iterations         = 10
Interleaving       = 10
--------------------------------------------

Num of Platforms found - 1
  0 - intel(r) fpga sdk for opencl(tm) 
Iter: 0
	PCIe Rd: 0.058447ms
	Kernel: 0.000000ms
	PCIe Wr: 0.116394ms

Iter: 1
	PCIe Rd: 0.053350ms
	Kernel: 0.000000ms
	PCIe Wr: 0.081569ms

Iter: 2
	PCIe Rd: 0.052493ms
	Kernel: 0.000000ms
	PCIe Wr: 0.080853ms

Iter: 3
	PCIe Rd: 0.052651ms
	Kernel: 0.000000ms
	PCIe Wr: 0.083064ms

Iter: 4
	PCIe Rd: 0.052406ms
	Kernel: 0.000000ms
	PCIe Wr: 0.080815ms

Iter: 5
	PCIe Rd: 0.055035ms
	Kernel: 0.000000ms
	PCIe Wr: 0.081180ms

Iter: 6
	PCIe Rd: 0.052355ms
	Kernel: 0.000000ms
	PCIe Wr: 0.081810ms

Iter: 7
	PCIe Rd: 0.054980ms
	Kernel: 0.000000ms
	PCIe Wr: 0.081171ms

Iter: 8
	PCIe Rd: 0.054631ms
	Kernel: 0.000000ms
	PCIe Wr: 0.081275ms

Iter: 9
	PCIe Rd: 0.053051ms
	Kernel: 0.000000ms
	PCIe Wr: 0.080920ms


------------------------------------------
Measurements 
--------------------------------------------
Iterations             = 10
Points                 = 1024
Data Size              = 8192 Bytes
PCIe Write Latency     = 0.08491ms
PCIe Read Latency      = 0.05394ms
PCIe Write Bandwidth   = 0.09648 GB/s
PCIe Read Bandwidth    = 0.15187 GB/s
Average Exec Time      = 0.00000ms
Average API Time       = 0.14329ms
