
------------------------------------------
Test Configuration: 
--------------------------------------------
Type               = Complex to Complex
Points             = 2
Iterations         = 10
Interleaving       = 10
--------------------------------------------

Num of Platforms found - 1
  0 - intel(r) fpga sdk for opencl(tm) 
Iter: 0
	PCIe Rd: 0.029956ms
	Kernel: 0.000000ms
	PCIe Wr: 0.053925ms

Iter: 1
	PCIe Rd: 0.019551ms
	Kernel: 0.000000ms
	PCIe Wr: 0.018842ms

Iter: 2
	PCIe Rd: 0.019796ms
	Kernel: 0.000000ms
	PCIe Wr: 0.017816ms

Iter: 3
	PCIe Rd: 0.019277ms
	Kernel: 0.000000ms
	PCIe Wr: 0.017809ms

Iter: 4
	PCIe Rd: 0.019327ms
	Kernel: 0.000000ms
	PCIe Wr: 0.017575ms

Iter: 5
	PCIe Rd: 0.019502ms
	Kernel: 0.000000ms
	PCIe Wr: 0.017632ms

Iter: 6
	PCIe Rd: 0.019479ms
	Kernel: 0.000000ms
	PCIe Wr: 0.017975ms

Iter: 7
	PCIe Rd: 0.019294ms
	Kernel: 0.000000ms
	PCIe Wr: 0.018320ms

Iter: 8
	PCIe Rd: 0.019360ms
	Kernel: 0.000000ms
	PCIe Wr: 0.017955ms

Iter: 9
	PCIe Rd: 0.019430ms
	Kernel: 0.000000ms
	PCIe Wr: 0.017786ms


------------------------------------------
Measurements 
--------------------------------------------
Iterations             = 10
Points                 = 2
Data Size              = 16 Bytes
PCIe Write Latency     = 0.02156ms
PCIe Read Latency      = 0.02050ms
PCIe Write Bandwidth   = 0.00074 GB/s
PCIe Read Bandwidth    = 0.00078 GB/s
Average Exec Time      = 0.00000ms
Average API Time       = 0.04859ms
