
------------------------------------------
Test Configuration: 
--------------------------------------------
Type               = Complex to Complex
Points             = 1048576
Iterations         = 10
Interleaving       = 10
--------------------------------------------

Num of Platforms found - 1
  0 - intel(r) fpga sdk for opencl(tm) 
Iter: 0
	PCIe Rd: 2.628850ms
	Kernel: 0.000000ms
	PCIe Wr: 1.491254ms

Iter: 1
	PCIe Rd: 2.452567ms
	Kernel: 0.000000ms
	PCIe Wr: 1.455286ms

Iter: 2
	PCIe Rd: 1.401620ms
	Kernel: 0.000000ms
	PCIe Wr: 1.442954ms

Iter: 3
	PCIe Rd: 1.400362ms
	Kernel: 0.000000ms
	PCIe Wr: 1.444311ms

Iter: 4
	PCIe Rd: 1.404488ms
	Kernel: 0.000000ms
	PCIe Wr: 1.445217ms

Iter: 5
	PCIe Rd: 1.407945ms
	Kernel: 0.000000ms
	PCIe Wr: 1.441519ms

Iter: 6
	PCIe Rd: 1.404042ms
	Kernel: 0.000000ms
	PCIe Wr: 1.440455ms

Iter: 7
	PCIe Rd: 1.411618ms
	Kernel: 0.000000ms
	PCIe Wr: 1.445258ms

Iter: 8
	PCIe Rd: 1.412845ms
	Kernel: 0.000000ms
	PCIe Wr: 1.447771ms

Iter: 9
	PCIe Rd: 1.410572ms
	Kernel: 0.000000ms
	PCIe Wr: 1.449520ms


------------------------------------------
Measurements 
--------------------------------------------
Iterations             = 10
Points                 = 1048576
Data Size              = 8388608 Bytes
PCIe Write Latency     = 1.45035ms
PCIe Read Latency      = 1.63349ms
PCIe Write Bandwidth   = 5.78383 GB/s
PCIe Read Bandwidth    = 5.13539 GB/s
Average Exec Time      = 0.00000ms
Average API Time       = 3.14463ms
