
------------------------------------------
Test Configuration: 
--------------------------------------------
Type               = Complex to Complex
Points             = 8192
Iterations         = 2
Interleaving       = 2
--------------------------------------------

Num of Platforms found - 1
  0 - intel(r) fpga sdk for opencl(tm) 
Iter: 0
	PCIe Rd: 0.078291ms
	Kernel: 0.000000ms
	PCIe Wr: 0.122526ms

Iter: 1
	PCIe Rd: 0.057437ms
	Kernel: 0.000000ms
	PCIe Wr: 0.086075ms


------------------------------------------
Measurements 
--------------------------------------------
Iterations             = 2
Points                 = 8192
Data Size              = 65536 Bytes
PCIe Write Latency     = 0.10430ms
PCIe Read Latency      = 0.06786ms
PCIe Write Bandwidth   = 0.62834 GB/s
PCIe Read Bandwidth    = 0.96570 GB/s
Average Exec Time      = 0.00000ms
Average API Time       = 0.18741ms
