
------------------------------------------
Test Configuration: 
--------------------------------------------
Type               = Complex to Complex
Points             = 16777216
Iterations         = 2
Interleaving       = 2
--------------------------------------------

Num of Platforms found - 1
  0 - intel(r) fpga sdk for opencl(tm) 
Iter: 0
	PCIe Rd: 42.548529ms
	Kernel: 0.000000ms
	PCIe Wr: 21.452154ms

Iter: 1
	PCIe Rd: 20.852179ms
	Kernel: 0.000000ms
	PCIe Wr: 21.447776ms


------------------------------------------
Measurements 
--------------------------------------------
Iterations             = 2
Points                 = 16777216
Data Size              = 134217728 Bytes
PCIe Write Latency     = 21.44997ms
PCIe Read Latency      = 31.70035ms
PCIe Write Bandwidth   = 6.25725 GB/s
PCIe Read Bandwidth    = 4.23395 GB/s
Average Exec Time      = 0.00000ms
Average API Time       = 53.43150ms
