
------------------------------------------
Test Configuration: 
--------------------------------------------
Type               = Complex to Complex
Points             = 4096
Iterations         = 2
Interleaving       = 2
--------------------------------------------

Num of Platforms found - 1
  0 - intel(r) fpga sdk for opencl(tm) 
Iter: 0
	PCIe Rd: 0.062021ms
	Kernel: 0.000000ms
	PCIe Wr: 0.112470ms

Iter: 1
	PCIe Rd: 0.051509ms
	Kernel: 0.000000ms
	PCIe Wr: 0.079855ms


------------------------------------------
Measurements 
--------------------------------------------
Iterations             = 2
Points                 = 4096
Data Size              = 32768 Bytes
PCIe Write Latency     = 0.09616ms
PCIe Read Latency      = 0.05676ms
PCIe Write Bandwidth   = 0.34076 GB/s
PCIe Read Bandwidth    = 0.57726 GB/s
Average Exec Time      = 0.00000ms
Average API Time       = 0.16525ms
