
------------------------------------------
Test Configuration: 
--------------------------------------------
Type               = Complex to Complex
Points             = 128
Iterations         = 2
Interleaving       = 2
--------------------------------------------

Num of Platforms found - 1
  0 - intel(r) fpga sdk for opencl(tm) 
Iter: 0
	PCIe Rd: 0.032796ms
	Kernel: 0.000000ms
	PCIe Wr: 0.078041ms

Iter: 1
	PCIe Rd: 0.029540ms
	Kernel: 0.000000ms
	PCIe Wr: 0.032606ms


------------------------------------------
Measurements 
--------------------------------------------
Iterations             = 2
Points                 = 128
Data Size              = 1024 Bytes
PCIe Write Latency     = 0.05532ms
PCIe Read Latency      = 0.03117ms
PCIe Write Bandwidth   = 0.01851 GB/s
PCIe Read Bandwidth    = 0.03285 GB/s
Average Exec Time      = 0.00000ms
Average API Time       = 0.09787ms
