
------------------------------------------
Test Configuration: 
--------------------------------------------
Type               = Complex to Complex
Points             = 4
Iterations         = 2
Interleaving       = 2
--------------------------------------------

Num of Platforms found - 1
  0 - intel(r) fpga sdk for opencl(tm) 
Iter: 0
	PCIe Rd: 0.024378ms
	Kernel: 0.000000ms
	PCIe Wr: 0.047848ms

Iter: 1
	PCIe Rd: 0.023317ms
	Kernel: 0.000000ms
	PCIe Wr: 0.019080ms


------------------------------------------
Measurements 
--------------------------------------------
Iterations             = 2
Points                 = 4
Data Size              = 32 Bytes
PCIe Write Latency     = 0.03346ms
PCIe Read Latency      = 0.02385ms
PCIe Write Bandwidth   = 0.00096 GB/s
PCIe Read Bandwidth    = 0.00134 GB/s
Average Exec Time      = 0.00000ms
Average API Time       = 0.06876ms
