
------------------------------------------
Test Configuration: 
--------------------------------------------
Type               = Complex to Complex
Points             = 512
Iterations         = 2
Interleaving       = 2
--------------------------------------------

Num of Platforms found - 1
  0 - intel(r) fpga sdk for opencl(tm) 
Iter: 0
	PCIe Rd: 0.042767ms
	Kernel: 0.000000ms
	PCIe Wr: 0.110146ms

Iter: 1
	PCIe Rd: 0.040920ms
	Kernel: 0.000000ms
	PCIe Wr: 0.069211ms


------------------------------------------
Measurements 
--------------------------------------------
Iterations             = 2
Points                 = 512
Data Size              = 4096 Bytes
PCIe Write Latency     = 0.08968ms
PCIe Read Latency      = 0.04184ms
PCIe Write Bandwidth   = 0.04567 GB/s
PCIe Read Bandwidth    = 0.09789 GB/s
Average Exec Time      = 0.00000ms
Average API Time       = 0.14310ms
