
------------------------------------------
Test Configuration: 
--------------------------------------------
Type               = Complex to Complex
Points             = 16384
Iterations         = 2
Interleaving       = 2
--------------------------------------------

Num of Platforms found - 1
  0 - intel(r) fpga sdk for opencl(tm) 
Iter: 0
	PCIe Rd: 0.142848ms
	Kernel: 0.000000ms
	PCIe Wr: 0.133971ms

Iter: 1
	PCIe Rd: 0.088856ms
	Kernel: 0.000000ms
	PCIe Wr: 0.098985ms


------------------------------------------
Measurements 
--------------------------------------------
Iterations             = 2
Points                 = 16384
Data Size              = 131072 Bytes
PCIe Write Latency     = 0.11648ms
PCIe Read Latency      = 0.11585ms
PCIe Write Bandwidth   = 1.12529 GB/s
PCIe Read Bandwidth    = 1.13137 GB/s
Average Exec Time      = 0.00000ms
Average API Time       = 0.24784ms
