
------------------------------------------
Test Configuration: 
--------------------------------------------
Type               = Complex to Complex
Points             = 65536
Iterations         = 2
Interleaving       = 2
--------------------------------------------

Num of Platforms found - 1
  0 - intel(r) fpga sdk for opencl(tm) 
Iter: 0
	PCIe Rd: 0.336881ms
	Kernel: 0.000000ms
	PCIe Wr: 0.220040ms

Iter: 1
	PCIe Rd: 0.160523ms
	Kernel: 0.000000ms
	PCIe Wr: 0.176900ms


------------------------------------------
Measurements 
--------------------------------------------
Iterations             = 2
Points                 = 65536
Data Size              = 524288 Bytes
PCIe Write Latency     = 0.19847ms
PCIe Read Latency      = 0.24870ms
PCIe Write Bandwidth   = 2.64165 GB/s
PCIe Read Bandwidth    = 2.10810 GB/s
Average Exec Time      = 0.00000ms
Average API Time       = 0.46567ms
