
------------------------------------------
Test Configuration: 
--------------------------------------------
Type               = Complex to Complex
Points             = 262144
Iterations         = 2
Interleaving       = 2
--------------------------------------------

Num of Platforms found - 1
  0 - intel(r) fpga sdk for opencl(tm) 
Iter: 0
	PCIe Rd: 0.452148ms
	Kernel: 0.000000ms
	PCIe Wr: 0.512374ms

Iter: 1
	PCIe Rd: 0.432409ms
	Kernel: 0.000000ms
	PCIe Wr: 0.460625ms


------------------------------------------
Measurements 
--------------------------------------------
Iterations             = 2
Points                 = 262144
Data Size              = 2097152 Bytes
PCIe Write Latency     = 0.48650ms
PCIe Read Latency      = 0.44228ms
PCIe Write Bandwidth   = 4.31070 GB/s
PCIe Read Bandwidth    = 4.74170 GB/s
Average Exec Time      = 0.00000ms
Average API Time       = 1.18751ms
