
------------------------------------------
Test Configuration: 
--------------------------------------------
Type               = Complex to Complex
Points             = 16
Iterations         = 2
Interleaving       = 2
--------------------------------------------

Num of Platforms found - 1
  0 - intel(r) fpga sdk for opencl(tm) 
Iter: 0
	PCIe Rd: 0.049035ms
	Kernel: 0.000000ms
	PCIe Wr: 0.050622ms

Iter: 1
	PCIe Rd: 0.048225ms
	Kernel: 0.000000ms
	PCIe Wr: 0.021535ms


------------------------------------------
Measurements 
--------------------------------------------
Iterations             = 2
Points                 = 16
Data Size              = 128 Bytes
PCIe Write Latency     = 0.03608ms
PCIe Read Latency      = 0.04863ms
PCIe Write Bandwidth   = 0.00355 GB/s
PCIe Read Bandwidth    = 0.00263 GB/s
Average Exec Time      = 0.00000ms
Average API Time       = 0.09626ms
