
------------------------------------------
Test Configuration: 
--------------------------------------------
Type               = Complex to Complex
Points             = 32768
Iterations         = 2
Interleaving       = 2
--------------------------------------------

Num of Platforms found - 1
  0 - intel(r) fpga sdk for opencl(tm) 
Iter: 0
	PCIe Rd: 0.187125ms
	Kernel: 0.000000ms
	PCIe Wr: 0.168614ms

Iter: 1
	PCIe Rd: 0.111572ms
	Kernel: 0.000000ms
	PCIe Wr: 0.123649ms


------------------------------------------
Measurements 
--------------------------------------------
Iterations             = 2
Points                 = 32768
Data Size              = 262144 Bytes
PCIe Write Latency     = 0.14613ms
PCIe Read Latency      = 0.14935ms
PCIe Write Bandwidth   = 1.79389 GB/s
PCIe Read Bandwidth    = 1.75525 GB/s
Average Exec Time      = 0.00000ms
Average API Time       = 0.31165ms
