
------------------------------------------
Test Configuration: 
--------------------------------------------
Type               = Complex to Complex
Points             = 33554432
Iterations         = 2
Interleaving       = 2
--------------------------------------------

Num of Platforms found - 1
  0 - intel(r) fpga sdk for opencl(tm) 
Iter: 0
	PCIe Rd: 85.204703ms
	Kernel: 0.000000ms
	PCIe Wr: 42.738578ms

Iter: 1
	PCIe Rd: 41.605262ms
	Kernel: 0.000000ms
	PCIe Wr: 42.735514ms


------------------------------------------
Measurements 
--------------------------------------------
Iterations             = 2
Points                 = 33554432
Data Size              = 268435456 Bytes
PCIe Write Latency     = 42.73705ms
PCIe Read Latency      = 63.40498ms
PCIe Write Bandwidth   = 6.28110 GB/s
PCIe Read Bandwidth    = 4.23367 GB/s
Average Exec Time      = 0.00000ms
Average API Time       = 106.44271ms
