
------------------------------------------
Test Configuration: 
--------------------------------------------
Type               = Complex to Complex
Points             = 134217728
Iterations         = 2
Interleaving       = 2
--------------------------------------------

Num of Platforms found - 1
  0 - intel(r) fpga sdk for opencl(tm) 
Iter: 0
	PCIe Rd: 341.273363ms
	Kernel: 0.000000ms
	PCIe Wr: 170.282684ms

Iter: 1
	PCIe Rd: 166.119722ms
	Kernel: 0.000000ms
	PCIe Wr: 170.544714ms


------------------------------------------
Measurements 
--------------------------------------------
Iterations             = 2
Points                 = 134217728
Data Size              = 1073741824 Bytes
PCIe Write Latency     = 170.41370ms
PCIe Read Latency      = 253.69654ms
PCIe Write Bandwidth   = 6.30080 GB/s
PCIe Read Bandwidth    = 4.23239 GB/s
Average Exec Time      = 0.00000ms
Average API Time       = 424.41176ms
