
------------------------------------------
Test Configuration: 
--------------------------------------------
Type               = Complex to Complex
Points             = 4194304
Iterations         = 2
Interleaving       = 2
--------------------------------------------

Num of Platforms found - 1
  0 - intel(r) fpga sdk for opencl(tm) 
Iter: 0
	PCIe Rd: 10.532659ms
	Kernel: 0.000000ms
	PCIe Wr: 5.501778ms

Iter: 1
	PCIe Rd: 5.291877ms
	Kernel: 0.000000ms
	PCIe Wr: 5.465012ms


------------------------------------------
Measurements 
--------------------------------------------
Iterations             = 2
Points                 = 4194304
Data Size              = 33554432 Bytes
PCIe Write Latency     = 5.48339ms
PCIe Read Latency      = 7.91227ms
PCIe Write Bandwidth   = 6.11928 GB/s
PCIe Read Bandwidth    = 4.24081 GB/s
Average Exec Time      = 0.00000ms
Average API Time       = 13.67333ms
