
------------------------------------------
Test Configuration: 
--------------------------------------------
Type               = Complex to Complex
Points             = 67108864
Iterations         = 2
Interleaving       = 2
--------------------------------------------

Num of Platforms found - 1
  0 - intel(r) fpga sdk for opencl(tm) 
Iter: 0
	PCIe Rd: 170.528588ms
	Kernel: 0.000000ms
	PCIe Wr: 85.335286ms

Iter: 1
	PCIe Rd: 83.089719ms
	Kernel: 0.000000ms
	PCIe Wr: 85.271367ms


------------------------------------------
Measurements 
--------------------------------------------
Iterations             = 2
Points                 = 67108864
Data Size              = 536870912 Bytes
PCIe Write Latency     = 85.30333ms
PCIe Read Latency      = 126.80915ms
PCIe Write Bandwidth   = 6.29367 GB/s
PCIe Read Bandwidth    = 4.23369 GB/s
Average Exec Time      = 0.00000ms
Average API Time       = 212.41772ms
