
------------------------------------------
Test Configuration: 
--------------------------------------------
Type               = Complex to Complex
Points             = 1024
Iterations         = 2
Interleaving       = 2
--------------------------------------------

Num of Platforms found - 1
  0 - intel(r) fpga sdk for opencl(tm) 
Iter: 0
	PCIe Rd: 0.051731ms
	Kernel: 0.000000ms
	PCIe Wr: 0.108935ms

Iter: 1
	PCIe Rd: 0.046814ms
	Kernel: 0.000000ms
	PCIe Wr: 0.079310ms


------------------------------------------
Measurements 
--------------------------------------------
Iterations             = 2
Points                 = 1024
Data Size              = 8192 Bytes
PCIe Write Latency     = 0.09412ms
PCIe Read Latency      = 0.04927ms
PCIe Write Bandwidth   = 0.08704 GB/s
PCIe Read Bandwidth    = 0.16626 GB/s
Average Exec Time      = 0.00000ms
Average API Time       = 0.15478ms
