
------------------------------------------
Test Configuration: 
--------------------------------------------
Type               = Complex to Complex
Points             = 8388608
Iterations         = 10
Interleaving       = 10
--------------------------------------------

Num of Platforms found - 2
  0 - intel(r) fpga emulation platform for opencl(tm) 
  1 - intel(r) fpga sdk for opencl(tm) 
Iter: 0
	PCIe Rd: 22.354516ms
	Kernel: 0.000000ms
	PCIe Wr: 10.859372ms

Iter: 1
	PCIe Rd: 21.144683ms
	Kernel: 0.000000ms
	PCIe Wr: 10.816100ms

Iter: 2
	PCIe Rd: 21.118365ms
	Kernel: 0.000000ms
	PCIe Wr: 10.802655ms

Iter: 3
	PCIe Rd: 21.102568ms
	Kernel: 0.000000ms
	PCIe Wr: 10.832520ms

Iter: 4
	PCIe Rd: 21.085747ms
	Kernel: 0.000000ms
	PCIe Wr: 10.811546ms

Iter: 5
	PCIe Rd: 21.104112ms
	Kernel: 0.000000ms
	PCIe Wr: 10.819640ms

Iter: 6
	PCIe Rd: 21.087956ms
	Kernel: 0.000000ms
	PCIe Wr: 10.827096ms

Iter: 7
	PCIe Rd: 21.098769ms
	Kernel: 0.000000ms
	PCIe Wr: 10.825425ms

Iter: 8
	PCIe Rd: 21.107285ms
	Kernel: 0.000000ms
	PCIe Wr: 10.834749ms

Iter: 9
	PCIe Rd: 21.148170ms
	Kernel: 0.000000ms
	PCIe Wr: 10.833309ms


------------------------------------------
Measurements 
--------------------------------------------
Iterations             = 10
Points                 = 8388608
Data Size              = 67108864 Bytes
PCIe Write Latency     = 10.82624ms
PCIe Read Latency      = 21.23522ms
PCIe Write Bandwidth   = 6.19872 GB/s
PCIe Read Bandwidth    = 3.16026 GB/s
Average Exec Time      = 0.00000ms
Average API Time       = 32.07712ms
