
------------------------------------------
Test Configuration: 
--------------------------------------------
Type               = Complex to Complex
Points             = 32
Iterations         = 2
Interleaving       = 2
--------------------------------------------

Num of Platforms found - 1
  0 - intel(r) fpga sdk for opencl(tm) 
Iter: 0
	PCIe Rd: 0.083223ms
	Kernel: 0.000000ms
	PCIe Wr: 0.058120ms

Iter: 1
	PCIe Rd: 0.089532ms
	Kernel: 0.000000ms
	PCIe Wr: 0.027834ms


------------------------------------------
Measurements 
--------------------------------------------
Iterations             = 2
Points                 = 32
Data Size              = 256 Bytes
PCIe Write Latency     = 0.04298ms
PCIe Read Latency      = 0.08638ms
PCIe Write Bandwidth   = 0.00596 GB/s
PCIe Read Bandwidth    = 0.00296 GB/s
Average Exec Time      = 0.00000ms
Average API Time       = 0.13955ms
