
------------------------------------------
Test Configuration: 
--------------------------------------------
Type               = Complex to Complex
Points             = 65536
Iterations         = 2
Interleaving       = 2
--------------------------------------------

Num of Platforms found - 1
  0 - intel(r) fpga sdk for opencl(tm) 
Iter: 0
	PCIe Rd: 0.326525ms
	Kernel: 0.000000ms
	PCIe Wr: 0.226409ms

Iter: 1
	PCIe Rd: 0.159379ms
	Kernel: 0.000000ms
	PCIe Wr: 0.176027ms


------------------------------------------
Measurements 
--------------------------------------------
Iterations             = 2
Points                 = 65536
Data Size              = 524288 Bytes
PCIe Write Latency     = 0.20122ms
PCIe Read Latency      = 0.24295ms
PCIe Write Bandwidth   = 2.60557 GB/s
PCIe Read Bandwidth    = 2.15799 GB/s
Average Exec Time      = 0.00000ms
Average API Time       = 0.46363ms
