
------------------------------------------
Test Configuration: 
--------------------------------------------
Type               = Complex to Complex
Points             = 256
Iterations         = 2
Interleaving       = 2
--------------------------------------------

Num of Platforms found - 1
  0 - intel(r) fpga sdk for opencl(tm) 
Iter: 0
	PCIe Rd: 0.041475ms
	Kernel: 0.000000ms
	PCIe Wr: 0.132993ms

Iter: 1
	PCIe Rd: 0.034685ms
	Kernel: 0.000000ms
	PCIe Wr: 0.069707ms


------------------------------------------
Measurements 
--------------------------------------------
Iterations             = 2
Points                 = 256
Data Size              = 2048 Bytes
PCIe Write Latency     = 0.10135ms
PCIe Read Latency      = 0.03808ms
PCIe Write Bandwidth   = 0.02021 GB/s
PCIe Read Bandwidth    = 0.05378 GB/s
Average Exec Time      = 0.00000ms
Average API Time       = 0.15357ms
