
------------------------------------------
Test Configuration: 
--------------------------------------------
Type               = Complex to Complex
Points             = 262144
Iterations         = 2
Interleaving       = 2
--------------------------------------------

Num of Platforms found - 1
  0 - intel(r) fpga sdk for opencl(tm) 
Iter: 0
	PCIe Rd: 0.438720ms
	Kernel: 0.000000ms
	PCIe Wr: 0.496417ms

Iter: 1
	PCIe Rd: 0.419720ms
	Kernel: 0.000000ms
	PCIe Wr: 0.455010ms


------------------------------------------
Measurements 
--------------------------------------------
Iterations             = 2
Points                 = 262144
Data Size              = 2097152 Bytes
PCIe Write Latency     = 0.47571ms
PCIe Read Latency      = 0.42922ms
PCIe Write Bandwidth   = 4.40843 GB/s
PCIe Read Bandwidth    = 4.88596 GB/s
Average Exec Time      = 0.00000ms
Average API Time       = 1.18086ms
