
------------------------------------------
Test Configuration: 
--------------------------------------------
Type               = Complex to Complex
Points             = 134217728
Iterations         = 2
Interleaving       = 2
--------------------------------------------

Num of Platforms found - 1
  0 - intel(r) fpga sdk for opencl(tm) 
Iter: 0
	PCIe Rd: 341.698883ms
	Kernel: 0.000000ms
	PCIe Wr: 170.540698ms

Iter: 1
	PCIe Rd: 165.945713ms
	Kernel: 0.000000ms
	PCIe Wr: 170.322143ms


------------------------------------------
Measurements 
--------------------------------------------
Iterations             = 2
Points                 = 134217728
Data Size              = 1073741824 Bytes
PCIe Write Latency     = 170.43142ms
PCIe Read Latency      = 253.82230ms
PCIe Write Bandwidth   = 6.30014 GB/s
PCIe Read Bandwidth    = 4.23029 GB/s
Average Exec Time      = 0.00000ms
Average API Time       = 424.54938ms
