
------------------------------------------
Test Configuration: 
--------------------------------------------
Type               = Complex to Complex
Points             = 512
Iterations         = 2
Interleaving       = 2
--------------------------------------------

Num of Platforms found - 1
  0 - intel(r) fpga sdk for opencl(tm) 
Iter: 0
	PCIe Rd: 0.054658ms
	Kernel: 0.000000ms
	PCIe Wr: 0.105146ms

Iter: 1
	PCIe Rd: 0.057192ms
	Kernel: 0.000000ms
	PCIe Wr: 0.095081ms


------------------------------------------
Measurements 
--------------------------------------------
Iterations             = 2
Points                 = 512
Data Size              = 4096 Bytes
PCIe Write Latency     = 0.10011ms
PCIe Read Latency      = 0.05592ms
PCIe Write Bandwidth   = 0.04091 GB/s
PCIe Read Bandwidth    = 0.07324 GB/s
Average Exec Time      = 0.00000ms
Average API Time       = 0.16915ms
