
------------------------------------------
Test Configuration: 
--------------------------------------------
Type               = Complex to Complex
Points             = 524288
Iterations         = 2
Interleaving       = 2
--------------------------------------------

Num of Platforms found - 1
  0 - intel(r) fpga sdk for opencl(tm) 
Iter: 0
	PCIe Rd: 1.219873ms
	Kernel: 0.000000ms
	PCIe Wr: 0.826723ms

Iter: 1
	PCIe Rd: 0.753257ms
	Kernel: 0.000000ms
	PCIe Wr: 0.782708ms


------------------------------------------
Measurements 
--------------------------------------------
Iterations             = 2
Points                 = 524288
Data Size              = 4194304 Bytes
PCIe Write Latency     = 0.80472ms
PCIe Read Latency      = 0.98656ms
PCIe Write Bandwidth   = 5.21216 GB/s
PCIe Read Bandwidth    = 4.25142 GB/s
Average Exec Time      = 0.00000ms
Average API Time       = 2.06931ms
