
------------------------------------------
Test Configuration: 
--------------------------------------------
Type               = Complex to Complex
Points             = 16384
Iterations         = 2
Interleaving       = 2
--------------------------------------------

Num of Platforms found - 1
  0 - intel(r) fpga sdk for opencl(tm) 
Iter: 0
	PCIe Rd: 0.166384ms
	Kernel: 0.000000ms
	PCIe Wr: 0.136993ms

Iter: 1
	PCIe Rd: 0.088706ms
	Kernel: 0.000000ms
	PCIe Wr: 0.107728ms


------------------------------------------
Measurements 
--------------------------------------------
Iterations             = 2
Points                 = 16384
Data Size              = 131072 Bytes
PCIe Write Latency     = 0.12236ms
PCIe Read Latency      = 0.12754ms
PCIe Write Bandwidth   = 1.07120 GB/s
PCIe Read Bandwidth    = 1.02765 GB/s
Average Exec Time      = 0.00000ms
Average API Time       = 0.27046ms
