
------------------------------------------
Test Configuration: 
--------------------------------------------
Type               = Complex to Complex
Points             = 131072
Iterations         = 2
Interleaving       = 2
--------------------------------------------

Num of Platforms found - 1
  0 - intel(r) fpga sdk for opencl(tm) 
Iter: 0
	PCIe Rd: 0.581180ms
	Kernel: 0.000000ms
	PCIe Wr: 0.329210ms

Iter: 1
	PCIe Rd: 0.253562ms
	Kernel: 0.000000ms
	PCIe Wr: 0.270325ms


------------------------------------------
Measurements 
--------------------------------------------
Iterations             = 2
Points                 = 131072
Data Size              = 1048576 Bytes
PCIe Write Latency     = 0.29977ms
PCIe Read Latency      = 0.41737ms
PCIe Write Bandwidth   = 3.49796 GB/s
PCIe Read Bandwidth    = 2.51234 GB/s
Average Exec Time      = 0.00000ms
Average API Time       = 0.73764ms
