
------------------------------------------
Test Configuration: 
--------------------------------------------
Type               = Complex to Complex
Points             = 32768
Iterations         = 2
Interleaving       = 2
--------------------------------------------

Num of Platforms found - 1
  0 - intel(r) fpga sdk for opencl(tm) 
Iter: 0
	PCIe Rd: 0.194025ms
	Kernel: 0.000000ms
	PCIe Wr: 0.162956ms

Iter: 1
	PCIe Rd: 0.116155ms
	Kernel: 0.000000ms
	PCIe Wr: 0.128497ms


------------------------------------------
Measurements 
--------------------------------------------
Iterations             = 2
Points                 = 32768
Data Size              = 262144 Bytes
PCIe Write Latency     = 0.14573ms
PCIe Read Latency      = 0.15509ms
PCIe Write Bandwidth   = 1.79888 GB/s
PCIe Read Bandwidth    = 1.69027 GB/s
Average Exec Time      = 0.00000ms
Average API Time       = 0.31625ms
