
------------------------------------------
Test Configuration: 
--------------------------------------------
Type               = Complex to Complex
Points             = 16
Iterations         = 2
Interleaving       = 2
--------------------------------------------

Num of Platforms found - 1
  0 - intel(r) fpga sdk for opencl(tm) 
Iter: 0
	PCIe Rd: 0.050115ms
	Kernel: 0.000000ms
	PCIe Wr: 0.053948ms

Iter: 1
	PCIe Rd: 0.048261ms
	Kernel: 0.000000ms
	PCIe Wr: 0.023005ms


------------------------------------------
Measurements 
--------------------------------------------
Iterations             = 2
Points                 = 16
Data Size              = 128 Bytes
PCIe Write Latency     = 0.03848ms
PCIe Read Latency      = 0.04919ms
PCIe Write Bandwidth   = 0.00333 GB/s
PCIe Read Bandwidth    = 0.00260 GB/s
Average Exec Time      = 0.00000ms
Average API Time       = 0.09945ms
