
------------------------------------------
Test Configuration: 
--------------------------------------------
Type               = Complex to Complex
Points             = 2097152
Iterations         = 2
Interleaving       = 2
--------------------------------------------

Num of Platforms found - 1
  0 - intel(r) fpga sdk for opencl(tm) 
Iter: 0
	PCIe Rd: 5.485071ms
	Kernel: 0.000000ms
	PCIe Wr: 2.824620ms

Iter: 1
	PCIe Rd: 2.713038ms
	Kernel: 0.000000ms
	PCIe Wr: 2.790700ms


------------------------------------------
Measurements 
--------------------------------------------
Iterations             = 2
Points                 = 2097152
Data Size              = 16777216 Bytes
PCIe Write Latency     = 2.80766ms
PCIe Read Latency      = 4.09905ms
PCIe Write Bandwidth   = 5.97552 GB/s
PCIe Read Bandwidth    = 4.09295 GB/s
Average Exec Time      = 0.00000ms
Average API Time       = 7.19494ms
