
------------------------------------------
Test Configuration: 
--------------------------------------------
Type               = Complex to Complex
Points             = 536870912
Iterations         = 1
Interleaving       = 1
--------------------------------------------

Num of Platforms found - 1
  0 - intel(r) fpga sdk for opencl(tm) 
Iter: 0
	PCIe Rd: 1363.863825ms
	Kernel: 0.000000ms
	PCIe Wr: 680.804704ms


------------------------------------------
Measurements 
--------------------------------------------
Iterations             = 1
Points                 = 536870912
Data Size              = 0 Bytes
PCIe Write Latency     = 680.80470ms
PCIe Read Latency      = 1363.86382ms
PCIe Write Bandwidth   = 0.00000 GB/s
PCIe Read Bandwidth    = 0.00000 GB/s
Average Exec Time      = 0.00000ms
Average API Time       = 2045.23156ms
