
------------------------------------------
Test Configuration: 
--------------------------------------------
Type               = Complex to Complex
Points             = 8192
Iterations         = 1
Interleaving       = 1
--------------------------------------------

Num of Platforms found - 1
  0 - intel(r) fpga sdk for opencl(tm) 
Iter: 0
	PCIe Rd: 0.090608ms
	Kernel: 0.000000ms
	PCIe Wr: 0.123678ms


------------------------------------------
Measurements 
--------------------------------------------
Iterations             = 1
Points                 = 8192
Data Size              = 65536 Bytes
PCIe Write Latency     = 0.12368ms
PCIe Read Latency      = 0.09061ms
PCIe Write Bandwidth   = 0.52989 GB/s
PCIe Read Bandwidth    = 0.72329 GB/s
Average Exec Time      = 0.00000ms
Average API Time       = 0.23559ms
