
------------------------------------------
Test Configuration: 
--------------------------------------------
Type               = Complex to Complex
Points             = 1048576
Iterations         = 1
Interleaving       = 1
--------------------------------------------

Num of Platforms found - 1
  0 - intel(r) fpga sdk for opencl(tm) 
Iter: 0
	PCIe Rd: 2.525553ms
	Kernel: 0.000000ms
	PCIe Wr: 1.521626ms


------------------------------------------
Measurements 
--------------------------------------------
Iterations             = 1
Points                 = 1048576
Data Size              = 8388608 Bytes
PCIe Write Latency     = 1.52163ms
PCIe Read Latency      = 2.52555ms
PCIe Write Bandwidth   = 5.51292 GB/s
PCIe Read Bandwidth    = 3.32149 GB/s
Average Exec Time      = 0.00000ms
Average API Time       = 4.56669ms
