
------------------------------------------
Test Configuration: 
--------------------------------------------
Type               = Complex to Complex
Points             = 131072
Iterations         = 1
Interleaving       = 1
--------------------------------------------

Num of Platforms found - 1
  0 - intel(r) fpga sdk for opencl(tm) 
Iter: 0
	PCIe Rd: 0.579536ms
	Kernel: 0.000000ms
	PCIe Wr: 0.329350ms


------------------------------------------
Measurements 
--------------------------------------------
Iterations             = 1
Points                 = 131072
Data Size              = 1048576 Bytes
PCIe Write Latency     = 0.32935ms
PCIe Read Latency      = 0.57954ms
PCIe Write Bandwidth   = 3.18377 GB/s
PCIe Read Bandwidth    = 1.80934 GB/s
Average Exec Time      = 0.00000ms
Average API Time       = 0.93902ms
