
------------------------------------------
Test Configuration: 
--------------------------------------------
Type               = Complex to Complex
Points             = 134217728
Iterations         = 1
Interleaving       = 1
--------------------------------------------

Num of Platforms found - 1
  0 - intel(r) fpga sdk for opencl(tm) 
Iter: 0
	PCIe Rd: 340.842437ms
	Kernel: 0.000000ms
	PCIe Wr: 170.281240ms


------------------------------------------
Measurements 
--------------------------------------------
Iterations             = 1
Points                 = 134217728
Data Size              = 1073741824 Bytes
PCIe Write Latency     = 170.28124ms
PCIe Read Latency      = 340.84244ms
PCIe Write Bandwidth   = 6.30570 GB/s
PCIe Read Bandwidth    = 3.15026 GB/s
Average Exec Time      = 0.00000ms
Average API Time       = 511.67625ms
