
------------------------------------------
Test Configuration: 
--------------------------------------------
Type               = Complex to Complex
Points             = 268435456
Iterations         = 1
Interleaving       = 1
--------------------------------------------

Num of Platforms found - 1
  0 - intel(r) fpga sdk for opencl(tm) 
Iter: 0
	PCIe Rd: 681.785144ms
	Kernel: 0.000000ms
	PCIe Wr: 340.958176ms


------------------------------------------
Measurements 
--------------------------------------------
Iterations             = 1
Points                 = 268435456
Data Size              = 2147483648 Bytes
PCIe Write Latency     = 340.95818ms
PCIe Read Latency      = 681.78514ms
PCIe Write Bandwidth   = 6.29838 GB/s
PCIe Read Bandwidth    = 3.14980 GB/s
Average Exec Time      = 0.00000ms
Average API Time       = 1023.29694ms
