
------------------------------------------
Test Configuration: 
--------------------------------------------
Type               = Complex to Complex
Points             = 32768
Iterations         = 1
Interleaving       = 1
--------------------------------------------

Num of Platforms found - 1
  0 - intel(r) fpga sdk for opencl(tm) 
Iter: 0
	PCIe Rd: 0.181187ms
	Kernel: 0.000000ms
	PCIe Wr: 0.164320ms


------------------------------------------
Measurements 
--------------------------------------------
Iterations             = 1
Points                 = 32768
Data Size              = 262144 Bytes
PCIe Write Latency     = 0.16432ms
PCIe Read Latency      = 0.18119ms
PCIe Write Bandwidth   = 1.59533 GB/s
PCIe Read Bandwidth    = 1.44681 GB/s
Average Exec Time      = 0.00000ms
Average API Time       = 0.37236ms
