
------------------------------------------
Test Configuration: 
--------------------------------------------
Type               = Complex to Complex
Points             = 32
Iterations         = 1
Interleaving       = 1
--------------------------------------------

Num of Platforms found - 1
  0 - intel(r) fpga sdk for opencl(tm) 
Iter: 0
	PCIe Rd: 0.082703ms
	Kernel: 0.000000ms
	PCIe Wr: 0.057706ms


------------------------------------------
Measurements 
--------------------------------------------
Iterations             = 1
Points                 = 32
Data Size              = 256 Bytes
PCIe Write Latency     = 0.05771ms
PCIe Read Latency      = 0.08270ms
PCIe Write Bandwidth   = 0.00444 GB/s
PCIe Read Bandwidth    = 0.00310 GB/s
Average Exec Time      = 0.00000ms
Average API Time       = 0.16049ms
