
------------------------------------------
Test Configuration: 
--------------------------------------------
Type               = Complex to Complex
Points             = 16384
Iterations         = 1
Interleaving       = 1
--------------------------------------------

Num of Platforms found - 1
  0 - intel(r) fpga sdk for opencl(tm) 
Iter: 0
	PCIe Rd: 0.138345ms
	Kernel: 0.000000ms
	PCIe Wr: 0.146767ms


------------------------------------------
Measurements 
--------------------------------------------
Iterations             = 1
Points                 = 16384
Data Size              = 131072 Bytes
PCIe Write Latency     = 0.14677ms
PCIe Read Latency      = 0.13835ms
PCIe Write Bandwidth   = 0.89306 GB/s
PCIe Read Bandwidth    = 0.94743 GB/s
Average Exec Time      = 0.00000ms
Average API Time       = 0.31079ms
