
------------------------------------------
Test Configuration: 
--------------------------------------------
Type               = Complex to Complex
Points             = 67108864
Iterations         = 1
Interleaving       = 1
--------------------------------------------

Num of Platforms found - 1
  0 - intel(r) fpga sdk for opencl(tm) 
Iter: 0
	PCIe Rd: 170.565503ms
	Kernel: 0.000000ms
	PCIe Wr: 85.244201ms


------------------------------------------
Measurements 
--------------------------------------------
Iterations             = 1
Points                 = 67108864
Data Size              = 536870912 Bytes
PCIe Write Latency     = 85.24420ms
PCIe Read Latency      = 170.56550ms
PCIe Write Bandwidth   = 6.29803 GB/s
PCIe Read Bandwidth    = 3.14759 GB/s
Average Exec Time      = 0.00000ms
Average API Time       = 256.33904ms
