
------------------------------------------
Test Configuration: 
--------------------------------------------
Type               = Complex to Complex
Points             = 4096
Iterations         = 1
Interleaving       = 1
--------------------------------------------

Num of Platforms found - 1
  0 - intel(r) fpga sdk for opencl(tm) 
Iter: 0
	PCIe Rd: 0.079063ms
	Kernel: 0.000000ms
	PCIe Wr: 0.118173ms


------------------------------------------
Measurements 
--------------------------------------------
Iterations             = 1
Points                 = 4096
Data Size              = 32768 Bytes
PCIe Write Latency     = 0.11817ms
PCIe Read Latency      = 0.07906ms
PCIe Write Bandwidth   = 0.27729 GB/s
PCIe Read Bandwidth    = 0.41445 GB/s
Average Exec Time      = 0.00000ms
Average API Time       = 0.22021ms
