
------------------------------------------
Test Configuration: 
--------------------------------------------
Type               = Complex to Complex
Points             = 4096
Iterations         = 2
Interleaving       = 2
--------------------------------------------

Num of Platforms found - 1
  0 - intel(r) fpga sdk for opencl(tm) 
Iter: 0
	PCIe Rd: 0.068490ms
	Kernel: 0.000000ms
	PCIe Wr: 0.123601ms

Iter: 1
	PCIe Rd: 0.056491ms
	Kernel: 0.000000ms
	PCIe Wr: 0.086212ms


------------------------------------------
Measurements 
--------------------------------------------
Iterations             = 2
Points                 = 4096
Data Size              = 32768 Bytes
PCIe Write Latency     = 0.10491ms
PCIe Read Latency      = 0.06249ms
PCIe Write Bandwidth   = 0.31235 GB/s
PCIe Read Bandwidth    = 0.52437 GB/s
Average Exec Time      = 0.00000ms
Average API Time       = 0.18015ms
