
------------------------------------------
Test Configuration: 
--------------------------------------------
Type               = Complex to Complex
Points             = 2048
Iterations         = 2
Interleaving       = 2
--------------------------------------------

Num of Platforms found - 1
  0 - intel(r) fpga sdk for opencl(tm) 
Iter: 0
	PCIe Rd: 0.063123ms
	Kernel: 0.000000ms
	PCIe Wr: 0.119926ms

Iter: 1
	PCIe Rd: 0.053054ms
	Kernel: 0.000000ms
	PCIe Wr: 0.083574ms


------------------------------------------
Measurements 
--------------------------------------------
Iterations             = 2
Points                 = 2048
Data Size              = 16384 Bytes
PCIe Write Latency     = 0.10175ms
PCIe Read Latency      = 0.05809ms
PCIe Write Bandwidth   = 0.16102 GB/s
PCIe Read Bandwidth    = 0.28205 GB/s
Average Exec Time      = 0.00000ms
Average API Time       = 0.17234ms
