
------------------------------------------
Test Configuration: 
--------------------------------------------
Type               = Complex to Complex
Points             = 8192
Iterations         = 2
Interleaving       = 2
--------------------------------------------

Num of Platforms found - 1
  0 - intel(r) fpga sdk for opencl(tm) 
Iter: 0
	PCIe Rd: 0.087154ms
	Kernel: 0.000000ms
	PCIe Wr: 0.130694ms

Iter: 1
	PCIe Rd: 0.062195ms
	Kernel: 0.000000ms
	PCIe Wr: 0.092714ms


------------------------------------------
Measurements 
--------------------------------------------
Iterations             = 2
Points                 = 8192
Data Size              = 65536 Bytes
PCIe Write Latency     = 0.11170ms
PCIe Read Latency      = 0.07467ms
PCIe Write Bandwidth   = 0.58669 GB/s
PCIe Read Bandwidth    = 0.87762 GB/s
Average Exec Time      = 0.00000ms
Average API Time       = 0.19853ms
