
------------------------------------------
Test Configuration: 
--------------------------------------------
Type               = Complex to Complex
Points             = 131072
Iterations         = 2
Interleaving       = 2
--------------------------------------------

Num of Platforms found - 1
  0 - intel(r) fpga sdk for opencl(tm) 
Iter: 0
	PCIe Rd: 0.599226ms
	Kernel: 0.000000ms
	PCIe Wr: 0.351032ms

Iter: 1
	PCIe Rd: 0.634209ms
	Kernel: 0.000000ms
	PCIe Wr: 0.313677ms


------------------------------------------
Measurements 
--------------------------------------------
Iterations             = 2
Points                 = 131072
Data Size              = 1048576 Bytes
PCIe Write Latency     = 0.33235ms
PCIe Read Latency      = 0.61672ms
PCIe Write Bandwidth   = 3.15499 GB/s
PCIe Read Bandwidth    = 1.70025 GB/s
Average Exec Time      = 0.00000ms
Average API Time       = 0.96883ms
