
------------------------------------------
Test Configuration: 
--------------------------------------------
Type               = Complex to Complex
Points             = 2097152
Iterations         = 2
Interleaving       = 2
--------------------------------------------

Num of Platforms found - 1
  0 - intel(r) fpga sdk for opencl(tm) 
Iter: 0
	PCIe Rd: 5.491386ms
	Kernel: 0.000000ms
	PCIe Wr: 2.872116ms

Iter: 1
	PCIe Rd: 6.036793ms
	Kernel: 0.000000ms
	PCIe Wr: 2.823880ms


------------------------------------------
Measurements 
--------------------------------------------
Iterations             = 2
Points                 = 2097152
Data Size              = 16777216 Bytes
PCIe Write Latency     = 2.84800ms
PCIe Read Latency      = 5.76409ms
PCIe Write Bandwidth   = 5.89088 GB/s
PCIe Read Bandwidth    = 2.91064 GB/s
Average Exec Time      = 0.00000ms
Average API Time       = 8.88423ms
