
------------------------------------------
Test Configuration: 
--------------------------------------------
Type               = Complex to Complex
Points             = 1073741824
Iterations         = 2
Interleaving       = 2
--------------------------------------------

Num of Platforms found - 1
  0 - intel(r) fpga sdk for opencl(tm) 
Iter: 0
	PCIe Rd: 2898.177376ms
	Kernel: 0.000000ms
	PCIe Wr: 1360.550525ms

Iter: 1
	PCIe Rd: 2897.364743ms
	Kernel: 0.000000ms
	PCIe Wr: 1359.987358ms


------------------------------------------
Measurements 
--------------------------------------------
Iterations             = 2
Points                 = 1073741824
Data Size              = 0 Bytes
PCIe Write Latency     = 1360.26894ms
PCIe Read Latency      = 2897.77106ms
PCIe Write Bandwidth   = 0.00000 GB/s
PCIe Read Bandwidth    = 0.00000 GB/s
Average Exec Time      = 0.00000ms
Average API Time       = 4258.61291ms
