
------------------------------------------
Test Configuration: 
--------------------------------------------
Type               = Complex to Complex
Points             = 16384
Iterations         = 2
Interleaving       = 2
--------------------------------------------

Num of Platforms found - 1
  0 - intel(r) fpga sdk for opencl(tm) 
Iter: 0
	PCIe Rd: 0.150078ms
	Kernel: 0.000000ms
	PCIe Wr: 0.155944ms

Iter: 1
	PCIe Rd: 0.138219ms
	Kernel: 0.000000ms
	PCIe Wr: 0.107752ms


------------------------------------------
Measurements 
--------------------------------------------
Iterations             = 2
Points                 = 16384
Data Size              = 131072 Bytes
PCIe Write Latency     = 0.13185ms
PCIe Read Latency      = 0.14415ms
PCIe Write Bandwidth   = 0.99411 GB/s
PCIe Read Bandwidth    = 0.90928 GB/s
Average Exec Time      = 0.00000ms
Average API Time       = 0.29296ms
