
------------------------------------------
Test Configuration: 
--------------------------------------------
Type               = Complex to Complex
Points             = 16
Iterations         = 2
Interleaving       = 2
--------------------------------------------

Num of Platforms found - 1
  0 - intel(r) fpga sdk for opencl(tm) 
Iter: 0
	PCIe Rd: 0.050116ms
	Kernel: 0.000000ms
	PCIe Wr: 0.055304ms

Iter: 1
	PCIe Rd: 0.048386ms
	Kernel: 0.000000ms
	PCIe Wr: 0.023248ms


------------------------------------------
Measurements 
--------------------------------------------
Iterations             = 2
Points                 = 16
Data Size              = 128 Bytes
PCIe Write Latency     = 0.03928ms
PCIe Read Latency      = 0.04925ms
PCIe Write Bandwidth   = 0.00326 GB/s
PCIe Read Bandwidth    = 0.00260 GB/s
Average Exec Time      = 0.00000ms
Average API Time       = 0.10126ms
