
------------------------------------------
Test Configuration: 
--------------------------------------------
Type               = Complex to Complex
Points             = 4194304
Iterations         = 2
Interleaving       = 2
--------------------------------------------

Num of Platforms found - 1
  0 - intel(r) fpga sdk for opencl(tm) 
Iter: 0
	PCIe Rd: 11.146703ms
	Kernel: 0.000000ms
	PCIe Wr: 5.561135ms

Iter: 1
	PCIe Rd: 11.115742ms
	Kernel: 0.000000ms
	PCIe Wr: 5.494505ms


------------------------------------------
Measurements 
--------------------------------------------
Iterations             = 2
Points                 = 4194304
Data Size              = 33554432 Bytes
PCIe Write Latency     = 5.52782ms
PCIe Read Latency      = 11.13122ms
PCIe Write Bandwidth   = 6.07010 GB/s
PCIe Read Bandwidth    = 3.01444 GB/s
Average Exec Time      = 0.00000ms
Average API Time       = 17.19925ms
