
------------------------------------------
Test Configuration: 
--------------------------------------------
Type               = Complex to Complex
Points             = 512
Iterations         = 2
Interleaving       = 2
--------------------------------------------

Num of Platforms found - 1
  0 - intel(r) fpga sdk for opencl(tm) 
Iter: 0
	PCIe Rd: 0.048288ms
	Kernel: 0.000000ms
	PCIe Wr: 0.109980ms

Iter: 1
	PCIe Rd: 0.053319ms
	Kernel: 0.000000ms
	PCIe Wr: 0.074580ms


------------------------------------------
Measurements 
--------------------------------------------
Iterations             = 2
Points                 = 512
Data Size              = 4096 Bytes
PCIe Write Latency     = 0.09228ms
PCIe Read Latency      = 0.05080ms
PCIe Write Bandwidth   = 0.04439 GB/s
PCIe Read Bandwidth    = 0.08062 GB/s
Average Exec Time      = 0.00000ms
Average API Time       = 0.15477ms
