
------------------------------------------
Test Configuration: 
--------------------------------------------
Type               = Complex to Complex
Points             = 8
Iterations         = 2
Interleaving       = 2
--------------------------------------------

Num of Platforms found - 1
  0 - intel(r) fpga sdk for opencl(tm) 
Iter: 0
	PCIe Rd: 0.033465ms
	Kernel: 0.000000ms
	PCIe Wr: 0.053509ms

Iter: 1
	PCIe Rd: 0.031754ms
	Kernel: 0.000000ms
	PCIe Wr: 0.020890ms


------------------------------------------
Measurements 
--------------------------------------------
Iterations             = 2
Points                 = 8
Data Size              = 64 Bytes
PCIe Write Latency     = 0.03720ms
PCIe Read Latency      = 0.03261ms
PCIe Write Bandwidth   = 0.00172 GB/s
PCIe Read Bandwidth    = 0.00196 GB/s
Average Exec Time      = 0.00000ms
Average API Time       = 0.08300ms
