
------------------------------------------
Test Configuration: 
--------------------------------------------
Type               = Complex to Complex
Points             = 134217728
Iterations         = 2
Interleaving       = 2
--------------------------------------------

Num of Platforms found - 1
  0 - intel(r) fpga sdk for opencl(tm) 
Iter: 0
	PCIe Rd: 362.151590ms
	Kernel: 0.000000ms
	PCIe Wr: 170.251755ms

Iter: 1
	PCIe Rd: 362.550525ms
	Kernel: 0.000000ms
	PCIe Wr: 170.355351ms


------------------------------------------
Measurements 
--------------------------------------------
Iterations             = 2
Points                 = 134217728
Data Size              = 1073741824 Bytes
PCIe Write Latency     = 170.30355ms
PCIe Read Latency      = 362.35106ms
PCIe Write Bandwidth   = 6.30487 GB/s
PCIe Read Bandwidth    = 2.96326 GB/s
Average Exec Time      = 0.00000ms
Average API Time       = 533.21786ms
