
------------------------------------------
Test Configuration: 
--------------------------------------------
Type               = Complex to Complex
Points             = 256
Iterations         = 2
Interleaving       = 2
--------------------------------------------

Num of Platforms found - 1
  0 - intel(r) fpga sdk for opencl(tm) 
Iter: 0
	PCIe Rd: 0.043777ms
	Kernel: 0.000000ms
	PCIe Wr: 0.077889ms

Iter: 1
	PCIe Rd: 0.040281ms
	Kernel: 0.000000ms
	PCIe Wr: 0.039094ms


------------------------------------------
Measurements 
--------------------------------------------
Iterations             = 2
Points                 = 256
Data Size              = 2048 Bytes
PCIe Write Latency     = 0.05849ms
PCIe Read Latency      = 0.04203ms
PCIe Write Bandwidth   = 0.03501 GB/s
PCIe Read Bandwidth    = 0.04873 GB/s
Average Exec Time      = 0.00000ms
Average API Time       = 0.11082ms
