
------------------------------------------
Test Configuration: 
--------------------------------------------
Type               = Complex to Complex
Points             = 1024
Iterations         = 2
Interleaving       = 2
--------------------------------------------

Num of Platforms found - 1
  0 - intel(r) fpga sdk for opencl(tm) 
Iter: 0
	PCIe Rd: 0.058972ms
	Kernel: 0.000000ms
	PCIe Wr: 0.119109ms

Iter: 1
	PCIe Rd: 0.052184ms
	Kernel: 0.000000ms
	PCIe Wr: 0.082936ms


------------------------------------------
Measurements 
--------------------------------------------
Iterations             = 2
Points                 = 1024
Data Size              = 8192 Bytes
PCIe Write Latency     = 0.10102ms
PCIe Read Latency      = 0.05558ms
PCIe Write Bandwidth   = 0.08109 GB/s
PCIe Read Bandwidth    = 0.14740 GB/s
Average Exec Time      = 0.00000ms
Average API Time       = 0.16807ms
