
------------------------------------------
Test Configuration: 
--------------------------------------------
Type               = Complex to Complex
Points             = 4
Iterations         = 2
Interleaving       = 2
--------------------------------------------

Num of Platforms found - 1
  0 - intel(r) fpga sdk for opencl(tm) 
Iter: 0
	PCIe Rd: 0.024992ms
	Kernel: 0.000000ms
	PCIe Wr: 0.050634ms

Iter: 1
	PCIe Rd: 0.023511ms
	Kernel: 0.000000ms
	PCIe Wr: 0.019224ms


------------------------------------------
Measurements 
--------------------------------------------
Iterations             = 2
Points                 = 4
Data Size              = 32 Bytes
PCIe Write Latency     = 0.03493ms
PCIe Read Latency      = 0.02425ms
PCIe Write Bandwidth   = 0.00092 GB/s
PCIe Read Bandwidth    = 0.00132 GB/s
Average Exec Time      = 0.00000ms
Average API Time       = 0.07154ms
