
------------------------------------------
Test Configuration: 
--------------------------------------------
Type               = Complex to Complex
Points             = 16777216
Iterations         = 2
Interleaving       = 2
--------------------------------------------

Num of Platforms found - 1
  0 - intel(r) fpga sdk for opencl(tm) 
Iter: 0
	PCIe Rd: 45.149869ms
	Kernel: 0.000000ms
	PCIe Wr: 21.485791ms

Iter: 1
	PCIe Rd: 45.091951ms
	Kernel: 0.000000ms
	PCIe Wr: 21.434633ms


------------------------------------------
Measurements 
--------------------------------------------
Iterations             = 2
Points                 = 16777216
Data Size              = 134217728 Bytes
PCIe Write Latency     = 21.46021ms
PCIe Read Latency      = 45.12091ms
PCIe Write Bandwidth   = 6.25426 GB/s
PCIe Read Bandwidth    = 2.97462 GB/s
Average Exec Time      = 0.00000ms
Average API Time       = 67.11457ms
