
------------------------------------------
Test Configuration: 
--------------------------------------------
Type               = Complex to Complex
Points             = 524288
Iterations         = 2
Interleaving       = 2
--------------------------------------------

Num of Platforms found - 1
  0 - intel(r) fpga sdk for opencl(tm) 
Iter: 0
	PCIe Rd: 1.235333ms
	Kernel: 0.000000ms
	PCIe Wr: 0.879133ms

Iter: 1
	PCIe Rd: 1.795927ms
	Kernel: 0.000000ms
	PCIe Wr: 0.809517ms


------------------------------------------
Measurements 
--------------------------------------------
Iterations             = 2
Points                 = 524288
Data Size              = 4194304 Bytes
PCIe Write Latency     = 0.84432ms
PCIe Read Latency      = 1.51563ms
PCIe Write Bandwidth   = 4.96764 GB/s
PCIe Read Bandwidth    = 2.76737 GB/s
Average Exec Time      = 0.00000ms
Average API Time       = 2.62871ms
