
------------------------------------------
Test Configuration: 
--------------------------------------------
Type               = Complex to Complex
Points             = 33554432
Iterations         = 2
Interleaving       = 2
--------------------------------------------

Num of Platforms found - 1
  0 - intel(r) fpga sdk for opencl(tm) 
Iter: 0
	PCIe Rd: 90.445611ms
	Kernel: 0.000000ms
	PCIe Wr: 42.727342ms

Iter: 1
	PCIe Rd: 90.336396ms
	Kernel: 0.000000ms
	PCIe Wr: 42.697623ms


------------------------------------------
Measurements 
--------------------------------------------
Iterations             = 2
Points                 = 33554432
Data Size              = 268435456 Bytes
PCIe Write Latency     = 42.71248ms
PCIe Read Latency      = 90.39100ms
PCIe Write Bandwidth   = 6.28471 GB/s
PCIe Read Bandwidth    = 2.96971 GB/s
Average Exec Time      = 0.00000ms
Average API Time       = 133.65249ms
