
------------------------------------------
Test Configuration: 
--------------------------------------------
Type               = Complex to Complex
Points             = 32768
Iterations         = 2
Interleaving       = 2
--------------------------------------------

Num of Platforms found - 1
  0 - intel(r) fpga sdk for opencl(tm) 
Iter: 0
	PCIe Rd: 0.206270ms
	Kernel: 0.000000ms
	PCIe Wr: 0.173194ms

Iter: 1
	PCIe Rd: 0.218974ms
	Kernel: 0.000000ms
	PCIe Wr: 0.141477ms


------------------------------------------
Measurements 
--------------------------------------------
Iterations             = 2
Points                 = 32768
Data Size              = 262144 Bytes
PCIe Write Latency     = 0.15734ms
PCIe Read Latency      = 0.21262ms
PCIe Write Bandwidth   = 1.66615 GB/s
PCIe Read Bandwidth    = 1.23291 GB/s
Average Exec Time      = 0.00000ms
Average API Time       = 0.38763ms
