
------------------------------------------
Test Configuration: 
--------------------------------------------
Type               = Complex to Complex
Points             = 1048576
Iterations         = 1
Interleaving       = 1
--------------------------------------------

Num of Platforms found - 1
  0 - intel(r) fpga sdk for opencl(tm) 
Iter: 0
	PCIe Rd: 2.502874ms
	Kernel: 0.000000ms
	PCIe Wr: 1.497429ms


------------------------------------------
Measurements 
--------------------------------------------
Iterations             = 1
Points                 = 1048576
Data Size              = 8388608 Bytes
PCIe Write Latency     = 1.49743ms
PCIe Read Latency      = 2.50287ms
PCIe Write Bandwidth   = 5.60201 GB/s
PCIe Read Bandwidth    = 3.35159 GB/s
Average Exec Time      = 0.00000ms
Average API Time       = 4.51403ms
