
------------------------------------------
Test Configuration: 
--------------------------------------------
Type               = Complex to Complex
Points             = 2097152
Iterations         = 1
Interleaving       = 1
--------------------------------------------

Num of Platforms found - 1
  0 - intel(r) fpga sdk for opencl(tm) 
Iter: 0
	PCIe Rd: 4.959011ms
	Kernel: 0.000000ms
	PCIe Wr: 2.865769ms


------------------------------------------
Measurements 
--------------------------------------------
Iterations             = 1
Points                 = 2097152
Data Size              = 16777216 Bytes
PCIe Write Latency     = 2.86577ms
PCIe Read Latency      = 4.95901ms
PCIe Write Bandwidth   = 5.85435 GB/s
PCIe Read Bandwidth    = 3.38318 GB/s
Average Exec Time      = 0.00000ms
Average API Time       = 8.35230ms
