
------------------------------------------
Test Configuration: 
--------------------------------------------
Type               = Complex to Complex
Points             = 64
Iterations         = 1
Interleaving       = 1
--------------------------------------------

Num of Platforms found - 1
  0 - intel(r) fpga sdk for opencl(tm) 
Iter: 0
	PCIe Rd: 0.149448ms
	Kernel: 0.000000ms
	PCIe Wr: 0.064516ms


------------------------------------------
Measurements 
--------------------------------------------
Iterations             = 1
Points                 = 64
Data Size              = 512 Bytes
PCIe Write Latency     = 0.06452ms
PCIe Read Latency      = 0.14945ms
PCIe Write Bandwidth   = 0.00794 GB/s
PCIe Read Bandwidth    = 0.00343 GB/s
Average Exec Time      = 0.00000ms
Average API Time       = 0.23511ms
