
------------------------------------------
Test Configuration: 
--------------------------------------------
Type               = Complex to Complex
Points             = 67108864
Iterations         = 1
Interleaving       = 1
--------------------------------------------

Num of Platforms found - 1
  0 - intel(r) fpga sdk for opencl(tm) 
Iter: 0
	PCIe Rd: 175.614359ms
	Kernel: 0.000000ms
	PCIe Wr: 85.310301ms


------------------------------------------
Measurements 
--------------------------------------------
Iterations             = 1
Points                 = 67108864
Data Size              = 536870912 Bytes
PCIe Write Latency     = 85.31030ms
PCIe Read Latency      = 175.61436ms
PCIe Write Bandwidth   = 6.29315 GB/s
PCIe Read Bandwidth    = 3.05710 GB/s
Average Exec Time      = 0.00000ms
Average API Time       = 261.47993ms
