
------------------------------------------
Test Configuration: 
--------------------------------------------
Type               = Complex to Complex
Points             = 33554432
Iterations         = 1
Interleaving       = 1
--------------------------------------------

Num of Platforms found - 1
  0 - intel(r) fpga sdk for opencl(tm) 
Iter: 0
	PCIe Rd: 87.702913ms
	Kernel: 0.000000ms
	PCIe Wr: 42.736978ms


------------------------------------------
Measurements 
--------------------------------------------
Iterations             = 1
Points                 = 33554432
Data Size              = 268435456 Bytes
PCIe Write Latency     = 42.73698ms
PCIe Read Latency      = 87.70291ms
PCIe Write Bandwidth   = 6.28111 GB/s
PCIe Read Bandwidth    = 3.06074 GB/s
Average Exec Time      = 0.00000ms
Average API Time       = 130.99006ms
