
------------------------------------------
Test Configuration: 
--------------------------------------------
Type               = Complex to Complex
Points             = 1024
Iterations         = 1
Interleaving       = 1
--------------------------------------------

Num of Platforms found - 1
  0 - intel(r) fpga sdk for opencl(tm) 
Iter: 0
	PCIe Rd: 0.063242ms
	Kernel: 0.000000ms
	PCIe Wr: 0.115038ms


------------------------------------------
Measurements 
--------------------------------------------
Iterations             = 1
Points                 = 1024
Data Size              = 8192 Bytes
PCIe Write Latency     = 0.11504ms
PCIe Read Latency      = 0.06324ms
PCIe Write Bandwidth   = 0.07121 GB/s
PCIe Read Bandwidth    = 0.12953 GB/s
Average Exec Time      = 0.00000ms
Average API Time       = 0.20102ms
