
------------------------------------------
Test Configuration: 
--------------------------------------------
Type               = Complex to Complex
Points             = 32
Iterations         = 1
Interleaving       = 1
--------------------------------------------

Num of Platforms found - 1
  0 - intel(r) fpga sdk for opencl(tm) 
Iter: 0
	PCIe Rd: 0.082988ms
	Kernel: 0.000000ms
	PCIe Wr: 0.058164ms


------------------------------------------
Measurements 
--------------------------------------------
Iterations             = 1
Points                 = 32
Data Size              = 256 Bytes
PCIe Write Latency     = 0.05816ms
PCIe Read Latency      = 0.08299ms
PCIe Write Bandwidth   = 0.00440 GB/s
PCIe Read Bandwidth    = 0.00308 GB/s
Average Exec Time      = 0.00000ms
Average API Time       = 0.16186ms
