
------------------------------------------
Test Configuration: 
--------------------------------------------
Type               = Complex to Complex
Points             = 16
Iterations         = 1
Interleaving       = 1
--------------------------------------------

Num of Platforms found - 1
  0 - intel(r) fpga sdk for opencl(tm) 
Iter: 0
	PCIe Rd: 0.049733ms
	Kernel: 0.000000ms
	PCIe Wr: 0.056022ms


------------------------------------------
Measurements 
--------------------------------------------
Iterations             = 1
Points                 = 16
Data Size              = 128 Bytes
PCIe Write Latency     = 0.05602ms
PCIe Read Latency      = 0.04973ms
PCIe Write Bandwidth   = 0.00228 GB/s
PCIe Read Bandwidth    = 0.00257 GB/s
Average Exec Time      = 0.00000ms
Average API Time       = 0.12557ms
