
------------------------------------------
Test Configuration: 
--------------------------------------------
Type               = Complex to Complex
Points             = 131072
Iterations         = 1
Interleaving       = 1
--------------------------------------------

Num of Platforms found - 1
  0 - intel(r) fpga sdk for opencl(tm) 
Iter: 0
	PCIe Rd: 0.610380ms
	Kernel: 0.000000ms
	PCIe Wr: 0.324839ms


------------------------------------------
Measurements 
--------------------------------------------
Iterations             = 1
Points                 = 131072
Data Size              = 1048576 Bytes
PCIe Write Latency     = 0.32484ms
PCIe Read Latency      = 0.61038ms
PCIe Write Bandwidth   = 3.22799 GB/s
PCIe Read Bandwidth    = 1.71791 GB/s
Average Exec Time      = 0.00000ms
Average API Time       = 0.96412ms
