
------------------------------------------
Test Configuration: 
--------------------------------------------
Type               = Complex to Complex
Points             = 512
Iterations         = 1
Interleaving       = 1
--------------------------------------------

Num of Platforms found - 1
  0 - intel(r) fpga sdk for opencl(tm) 
Iter: 0
	PCIe Rd: 0.058554ms
	Kernel: 0.000000ms
	PCIe Wr: 0.129127ms


------------------------------------------
Measurements 
--------------------------------------------
Iterations             = 1
Points                 = 512
Data Size              = 4096 Bytes
PCIe Write Latency     = 0.12913ms
PCIe Read Latency      = 0.05855ms
PCIe Write Bandwidth   = 0.03172 GB/s
PCIe Read Bandwidth    = 0.06995 GB/s
Average Exec Time      = 0.00000ms
Average API Time       = 0.20997ms
