
------------------------------------------
Test Configuration: 
--------------------------------------------
Type               = Complex to Complex
Points             = 32768
Iterations         = 1
Interleaving       = 1
--------------------------------------------

Num of Platforms found - 1
  0 - intel(r) fpga sdk for opencl(tm) 
Iter: 0
	PCIe Rd: 0.188672ms
	Kernel: 0.000000ms
	PCIe Wr: 0.162813ms


------------------------------------------
Measurements 
--------------------------------------------
Iterations             = 1
Points                 = 32768
Data Size              = 262144 Bytes
PCIe Write Latency     = 0.16281ms
PCIe Read Latency      = 0.18867ms
PCIe Write Bandwidth   = 1.61009 GB/s
PCIe Read Bandwidth    = 1.38942 GB/s
Average Exec Time      = 0.00000ms
Average API Time       = 0.37878ms
