
------------------------------------------
Test Configuration: 
--------------------------------------------
Type               = Complex to Complex
Points             = 4096
Iterations         = 1
Interleaving       = 1
--------------------------------------------

Num of Platforms found - 1
  0 - intel(r) fpga sdk for opencl(tm) 
Iter: 0
	PCIe Rd: 0.074966ms
	Kernel: 0.000000ms
	PCIe Wr: 0.119258ms


------------------------------------------
Measurements 
--------------------------------------------
Iterations             = 1
Points                 = 4096
Data Size              = 32768 Bytes
PCIe Write Latency     = 0.11926ms
PCIe Read Latency      = 0.07497ms
PCIe Write Bandwidth   = 0.27477 GB/s
PCIe Read Bandwidth    = 0.43711 GB/s
Average Exec Time      = 0.00000ms
Average API Time       = 0.22435ms
