
------------------------------------------
Test Configuration: 
--------------------------------------------
Type               = Complex to Complex
Points             = 2048
Iterations         = 1
Interleaving       = 1
--------------------------------------------

Num of Platforms found - 1
  0 - intel(r) fpga sdk for opencl(tm) 
Iter: 0
	PCIe Rd: 0.061692ms
	Kernel: 0.000000ms
	PCIe Wr: 0.126024ms


------------------------------------------
Measurements 
--------------------------------------------
Iterations             = 1
Points                 = 2048
Data Size              = 16384 Bytes
PCIe Write Latency     = 0.12602ms
PCIe Read Latency      = 0.06169ms
PCIe Write Bandwidth   = 0.13001 GB/s
PCIe Read Bandwidth    = 0.26558 GB/s
Average Exec Time      = 0.00000ms
Average API Time       = 0.21025ms
