
------------------------------------------
Test Configuration: 
--------------------------------------------
Type               = Complex to Complex
Points             = 16384
Iterations         = 1
Interleaving       = 1
--------------------------------------------

Num of Platforms found - 1
  0 - intel(r) fpga sdk for opencl(tm) 
Iter: 0
	PCIe Rd: 0.149873ms
	Kernel: 0.000000ms
	PCIe Wr: 0.159405ms


------------------------------------------
Measurements 
--------------------------------------------
Iterations             = 1
Points                 = 16384
Data Size              = 131072 Bytes
PCIe Write Latency     = 0.15940ms
PCIe Read Latency      = 0.14987ms
PCIe Write Bandwidth   = 0.82226 GB/s
PCIe Read Bandwidth    = 0.87456 GB/s
Average Exec Time      = 0.00000ms
Average API Time       = 0.33739ms
