
------------------------------------------
Test Configuration: 
--------------------------------------------
Type               = Complex to Complex
Points             = 33554432
Iterations         = 1
Interleaving       = 1
--------------------------------------------

Num of Platforms found - 1
  0 - intel(r) fpga sdk for opencl(tm) 
Iter: 0
	PCIe Rd: 85.310821ms
	Kernel: 0.000000ms
	PCIe Wr: 42.740570ms


------------------------------------------
Measurements 
--------------------------------------------
Iterations             = 1
Points                 = 33554432
Data Size              = 268435456 Bytes
PCIe Write Latency     = 42.74057ms
PCIe Read Latency      = 85.31082ms
PCIe Write Bandwidth   = 6.28058 GB/s
PCIe Read Bandwidth    = 3.14656 GB/s
Average Exec Time      = 0.00000ms
Average API Time       = 128.57937ms
