
------------------------------------------
Test Configuration: 
--------------------------------------------
Type               = Complex to Complex
Points             = 4194304
Iterations         = 1
Interleaving       = 1
--------------------------------------------

Num of Platforms found - 1
  0 - intel(r) fpga sdk for opencl(tm) 
Iter: 0
	PCIe Rd: 10.860047ms
	Kernel: 0.000000ms
	PCIe Wr: 5.543480ms


------------------------------------------
Measurements 
--------------------------------------------
Iterations             = 1
Points                 = 4194304
Data Size              = 33554432 Bytes
PCIe Write Latency     = 5.54348ms
PCIe Read Latency      = 10.86005ms
PCIe Write Bandwidth   = 6.05295 GB/s
PCIe Read Bandwidth    = 3.08971 GB/s
Average Exec Time      = 0.00000ms
Average API Time       = 16.93577ms
