
------------------------------------------
Test Configuration: 
--------------------------------------------
Type               = Complex to Complex
Points             = 1024
Iterations         = 1
Interleaving       = 1
--------------------------------------------

Num of Platforms found - 1
  0 - intel(r) fpga sdk for opencl(tm) 
Iter: 0
	PCIe Rd: 0.059165ms
	Kernel: 0.000000ms
	PCIe Wr: 0.118652ms


------------------------------------------
Measurements 
--------------------------------------------
Iterations             = 1
Points                 = 1024
Data Size              = 8192 Bytes
PCIe Write Latency     = 0.11865ms
PCIe Read Latency      = 0.05917ms
PCIe Write Bandwidth   = 0.06904 GB/s
PCIe Read Bandwidth    = 0.13846 GB/s
Average Exec Time      = 0.00000ms
Average API Time       = 0.19804ms
