
------------------------------------------
Test Configuration: 
--------------------------------------------
Type               = Complex to Complex
Points             = 128
Iterations         = 1
Interleaving       = 1
--------------------------------------------

Num of Platforms found - 1
  0 - intel(r) fpga sdk for opencl(tm) 
Iter: 0
	PCIe Rd: 0.038333ms
	Kernel: 0.000000ms
	PCIe Wr: 0.085682ms


------------------------------------------
Measurements 
--------------------------------------------
Iterations             = 1
Points                 = 128
Data Size              = 1024 Bytes
PCIe Write Latency     = 0.08568ms
PCIe Read Latency      = 0.03833ms
PCIe Write Bandwidth   = 0.01195 GB/s
PCIe Read Bandwidth    = 0.02671 GB/s
Average Exec Time      = 0.00000ms
Average API Time       = 0.14442ms
