
------------------------------------------
Test Configuration: 
--------------------------------------------
Type               = Complex to Complex
Points             = 2097152
Iterations         = 1
Interleaving       = 1
--------------------------------------------

Num of Platforms found - 1
  0 - intel(r) fpga sdk for opencl(tm) 
Iter: 0
	PCIe Rd: 5.288748ms
	Kernel: 0.000000ms
	PCIe Wr: 2.873271ms


------------------------------------------
Measurements 
--------------------------------------------
Iterations             = 1
Points                 = 2097152
Data Size              = 16777216 Bytes
PCIe Write Latency     = 2.87327ms
PCIe Read Latency      = 5.28875ms
PCIe Write Bandwidth   = 5.83906 GB/s
PCIe Read Bandwidth    = 3.17225 GB/s
Average Exec Time      = 0.00000ms
Average API Time       = 8.68820ms
