
------------------------------------------
Test Configuration: 
--------------------------------------------
Type               = Complex to Complex
Points             = 16777216
Iterations         = 1
Interleaving       = 1
--------------------------------------------

Num of Platforms found - 1
  0 - intel(r) fpga sdk for opencl(tm) 
Iter: 0
	PCIe Rd: 42.539576ms
	Kernel: 0.000000ms
	PCIe Wr: 21.519105ms


------------------------------------------
Measurements 
--------------------------------------------
Iterations             = 1
Points                 = 16777216
Data Size              = 134217728 Bytes
PCIe Write Latency     = 21.51910ms
PCIe Read Latency      = 42.53958ms
PCIe Write Bandwidth   = 6.23714 GB/s
PCIe Read Bandwidth    = 3.15513 GB/s
Average Exec Time      = 0.00000ms
Average API Time       = 64.59267ms
