
------------------------------------------
Test Configuration: 
--------------------------------------------
Type               = Complex to Complex
Points             = 8192
Iterations         = 1
Interleaving       = 1
--------------------------------------------

Num of Platforms found - 1
  0 - intel(r) fpga sdk for opencl(tm) 
Iter: 0
	PCIe Rd: 0.085255ms
	Kernel: 0.000000ms
	PCIe Wr: 0.132073ms


------------------------------------------
Measurements 
--------------------------------------------
Iterations             = 1
Points                 = 8192
Data Size              = 65536 Bytes
PCIe Write Latency     = 0.13207ms
PCIe Read Latency      = 0.08526ms
PCIe Write Bandwidth   = 0.49621 GB/s
PCIe Read Bandwidth    = 0.76870 GB/s
Average Exec Time      = 0.00000ms
Average API Time       = 0.23823ms
