
------------------------------------------
Test Configuration: 
--------------------------------------------
Type               = Complex to Complex
Points             = 512
Iterations         = 1
Interleaving       = 1
--------------------------------------------

Num of Platforms found - 1
  0 - intel(r) fpga sdk for opencl(tm) 
Iter: 0
	PCIe Rd: 0.068239ms
	Kernel: 0.000000ms
	PCIe Wr: 0.101011ms


------------------------------------------
Measurements 
--------------------------------------------
Iterations             = 1
Points                 = 512
Data Size              = 4096 Bytes
PCIe Write Latency     = 0.10101ms
PCIe Read Latency      = 0.06824ms
PCIe Write Bandwidth   = 0.04055 GB/s
PCIe Read Bandwidth    = 0.06002 GB/s
Average Exec Time      = 0.00000ms
Average API Time       = 0.19053ms
