
------------------------------------------
Test Configuration: 
--------------------------------------------
Type               = Complex to Complex
Points             = 33554432
Iterations         = 1
Interleaving       = 1
--------------------------------------------

Num of Platforms found - 1
  0 - intel(r) fpga sdk for opencl(tm) 
Iter: 0
	PCIe Rd: 85.029214ms
	Kernel: 0.000000ms
	PCIe Wr: 42.705610ms


------------------------------------------
Measurements 
--------------------------------------------
Iterations             = 1
Points                 = 33554432
Data Size              = 268435456 Bytes
PCIe Write Latency     = 42.70561ms
PCIe Read Latency      = 85.02921ms
PCIe Write Bandwidth   = 6.28572 GB/s
PCIe Read Bandwidth    = 3.15698 GB/s
Average Exec Time      = 0.00000ms
Average API Time       = 128.28418ms
