
------------------------------------------
Test Configuration: 
--------------------------------------------
Type               = Complex to Complex
Points             = 16777216
Iterations         = 1
Interleaving       = 1
--------------------------------------------

Num of Platforms found - 1
  0 - intel(r) fpga sdk for opencl(tm) 
Iter: 0
	PCIe Rd: 42.587644ms
	Kernel: 0.000000ms
	PCIe Wr: 21.470056ms


------------------------------------------
Measurements 
--------------------------------------------
Iterations             = 1
Points                 = 16777216
Data Size              = 134217728 Bytes
PCIe Write Latency     = 21.47006ms
PCIe Read Latency      = 42.58764ms
PCIe Write Bandwidth   = 6.25139 GB/s
PCIe Read Bandwidth    = 3.15156 GB/s
Average Exec Time      = 0.00000ms
Average API Time       = 64.58710ms
