
------------------------------------------
Test Configuration: 
--------------------------------------------
Type               = Complex to Complex
Points             = 67108864
Iterations         = 1
Interleaving       = 1
--------------------------------------------

Num of Platforms found - 1
  0 - intel(r) fpga sdk for opencl(tm) 
Iter: 0
	PCIe Rd: 175.963117ms
	Kernel: 0.000000ms
	PCIe Wr: 85.113842ms


------------------------------------------
Measurements 
--------------------------------------------
Iterations             = 1
Points                 = 67108864
Data Size              = 536870912 Bytes
PCIe Write Latency     = 85.11384ms
PCIe Read Latency      = 175.96312ms
PCIe Write Bandwidth   = 6.30768 GB/s
PCIe Read Bandwidth    = 3.05104 GB/s
Average Exec Time      = 0.00000ms
Average API Time       = 261.62071ms
