
------------------------------------------
Test Configuration: 
--------------------------------------------
Type               = Complex to Complex
Points             = 16384
Iterations         = 1
Interleaving       = 1
--------------------------------------------

Num of Platforms found - 1
  0 - intel(r) fpga sdk for opencl(tm) 
Iter: 0
	PCIe Rd: 0.133517ms
	Kernel: 0.000000ms
	PCIe Wr: 0.137911ms


------------------------------------------
Measurements 
--------------------------------------------
Iterations             = 1
Points                 = 16384
Data Size              = 131072 Bytes
PCIe Write Latency     = 0.13791ms
PCIe Read Latency      = 0.13352ms
PCIe Write Bandwidth   = 0.95041 GB/s
PCIe Read Bandwidth    = 0.98169 GB/s
Average Exec Time      = 0.00000ms
Average API Time       = 0.29721ms
