
------------------------------------------
Test Configuration: 
--------------------------------------------
Type               = Complex to Complex
Points             = 1073741824
Iterations         = 1
Interleaving       = 1
--------------------------------------------

Num of Platforms found - 1
  0 - intel(r) fpga sdk for opencl(tm) 
Iter: 0
	PCIe Rd: 2820.231741ms
	Kernel: 0.000000ms
	PCIe Wr: 1359.441226ms


------------------------------------------
Measurements 
--------------------------------------------
Iterations             = 1
Points                 = 1073741824
Data Size              = 0 Bytes
PCIe Write Latency     = 1359.44123ms
PCIe Read Latency      = 2820.23174ms
PCIe Write Bandwidth   = 0.00000 GB/s
PCIe Read Bandwidth    = 0.00000 GB/s
Average Exec Time      = 0.00000ms
Average API Time       = 4180.25220ms
