
------------------------------------------
Test Configuration: 
--------------------------------------------
Type               = Complex to Complex
Points             = 131072
Iterations         = 1
Interleaving       = 1
--------------------------------------------

Num of Platforms found - 1
  0 - intel(r) fpga sdk for opencl(tm) 
Iter: 0
	PCIe Rd: 0.582720ms
	Kernel: 0.000000ms
	PCIe Wr: 0.329771ms


------------------------------------------
Measurements 
--------------------------------------------
Iterations             = 1
Points                 = 131072
Data Size              = 1048576 Bytes
PCIe Write Latency     = 0.32977ms
PCIe Read Latency      = 0.58272ms
PCIe Write Bandwidth   = 3.17971 GB/s
PCIe Read Bandwidth    = 1.79945 GB/s
Average Exec Time      = 0.00000ms
Average API Time       = 0.94192ms
