
------------------------------------------
Test Configuration: 
--------------------------------------------
Type               = Complex to Complex
Points             = 8388608
Iterations         = 1
Interleaving       = 1
--------------------------------------------

Num of Platforms found - 1
  0 - intel(r) fpga sdk for opencl(tm) 
Iter: 0
	PCIe Rd: 21.158369ms
	Kernel: 0.000000ms
	PCIe Wr: 10.804789ms


------------------------------------------
Measurements 
--------------------------------------------
Iterations             = 1
Points                 = 8388608
Data Size              = 67108864 Bytes
PCIe Write Latency     = 10.80479ms
PCIe Read Latency      = 21.15837ms
PCIe Write Bandwidth   = 6.21103 GB/s
PCIe Read Bandwidth    = 3.17174 GB/s
Average Exec Time      = 0.00000ms
Average API Time       = 32.49166ms
