
------------------------------------------
Test Configuration: 
--------------------------------------------
Type               = Complex to Complex
Points             = 4096
Iterations         = 1
Interleaving       = 1
--------------------------------------------

Num of Platforms found - 1
  0 - intel(r) fpga sdk for opencl(tm) 
Iter: 0
	PCIe Rd: 0.064864ms
	Kernel: 0.000000ms
	PCIe Wr: 0.119970ms


------------------------------------------
Measurements 
--------------------------------------------
Iterations             = 1
Points                 = 4096
Data Size              = 32768 Bytes
PCIe Write Latency     = 0.11997ms
PCIe Read Latency      = 0.06486ms
PCIe Write Bandwidth   = 0.27313 GB/s
PCIe Read Bandwidth    = 0.50518 GB/s
Average Exec Time      = 0.00000ms
Average API Time       = 0.20663ms
