
------------------------------------------
Test Configuration: 
--------------------------------------------
Type               = Complex to Complex
Points             = 65536
Iterations         = 1
Interleaving       = 1
--------------------------------------------

Num of Platforms found - 1
  0 - intel(r) fpga sdk for opencl(tm) 
Iter: 0
	PCIe Rd: 0.326362ms
	Kernel: 0.000000ms
	PCIe Wr: 0.223045ms


------------------------------------------
Measurements 
--------------------------------------------
Iterations             = 1
Points                 = 65536
Data Size              = 524288 Bytes
PCIe Write Latency     = 0.22305ms
PCIe Read Latency      = 0.32636ms
PCIe Write Bandwidth   = 2.35059 GB/s
PCIe Read Bandwidth    = 1.60646 GB/s
Average Exec Time      = 0.00000ms
Average API Time       = 0.57527ms
