
------------------------------------------
Test Configuration: 
--------------------------------------------
Type               = Complex to Complex
Points             = 128
Iterations         = 1
Interleaving       = 1
--------------------------------------------

Num of Platforms found - 1
  0 - intel(r) fpga sdk for opencl(tm) 
Iter: 0
	PCIe Rd: 0.032700ms
	Kernel: 0.000000ms
	PCIe Wr: 0.075975ms


------------------------------------------
Measurements 
--------------------------------------------
Iterations             = 1
Points                 = 128
Data Size              = 1024 Bytes
PCIe Write Latency     = 0.07597ms
PCIe Read Latency      = 0.03270ms
PCIe Write Bandwidth   = 0.01348 GB/s
PCIe Read Bandwidth    = 0.03132 GB/s
Average Exec Time      = 0.00000ms
Average API Time       = 0.12888ms
