
------------------------------------------
Test Configuration: 
--------------------------------------------
Type               = Complex to Complex
Points             = 32768
Iterations         = 1
Interleaving       = 1
--------------------------------------------

Num of Platforms found - 1
  0 - intel(r) fpga sdk for opencl(tm) 
Iter: 0
	PCIe Rd: 0.203319ms
	Kernel: 0.000000ms
	PCIe Wr: 0.168712ms


------------------------------------------
Measurements 
--------------------------------------------
Iterations             = 1
Points                 = 32768
Data Size              = 262144 Bytes
PCIe Write Latency     = 0.16871ms
PCIe Read Latency      = 0.20332ms
PCIe Write Bandwidth   = 1.55379 GB/s
PCIe Read Bandwidth    = 1.28932 GB/s
Average Exec Time      = 0.00000ms
Average API Time       = 0.39746ms
