
------------------------------------------
Test Configuration: 
--------------------------------------------
Type               = Complex to Complex
Points             = 2048
Iterations         = 1
Interleaving       = 1
--------------------------------------------

Num of Platforms found - 1
  0 - intel(r) fpga sdk for opencl(tm) 
Iter: 0
	PCIe Rd: 0.054222ms
	Kernel: 0.000000ms
	PCIe Wr: 0.110480ms


------------------------------------------
Measurements 
--------------------------------------------
Iterations             = 1
Points                 = 2048
Data Size              = 16384 Bytes
PCIe Write Latency     = 0.11048ms
PCIe Read Latency      = 0.05422ms
PCIe Write Bandwidth   = 0.14830 GB/s
PCIe Read Bandwidth    = 0.30217 GB/s
Average Exec Time      = 0.00000ms
Average API Time       = 0.18542ms
