
------------------------------------------
Test Configuration: 
--------------------------------------------
Type               = Complex to Complex
Points             = 2097152
Iterations         = 1
Interleaving       = 1
--------------------------------------------

Num of Platforms found - 1
  0 - intel(r) fpga sdk for opencl(tm) 
Iter: 0
	PCIe Rd: 5.474146ms
	Kernel: 0.000000ms
	PCIe Wr: 2.821282ms


------------------------------------------
Measurements 
--------------------------------------------
Iterations             = 1
Points                 = 2097152
Data Size              = 16777216 Bytes
PCIe Write Latency     = 2.82128ms
PCIe Read Latency      = 5.47415ms
PCIe Write Bandwidth   = 5.94666 GB/s
PCIe Read Bandwidth    = 3.06481 GB/s
Average Exec Time      = 0.00000ms
Average API Time       = 8.86425ms
