
------------------------------------------
Test Configuration: 
--------------------------------------------
Type               = Complex to Complex
Points             = 4096
Iterations         = 1
Interleaving       = 1
--------------------------------------------

Num of Platforms found - 1
  0 - intel(r) fpga sdk for opencl(tm) 
Iter: 0
	PCIe Rd: 0.065486ms
	Kernel: 0.000000ms
	PCIe Wr: 0.116037ms


------------------------------------------
Measurements 
--------------------------------------------
Iterations             = 1
Points                 = 4096
Data Size              = 32768 Bytes
PCIe Write Latency     = 0.11604ms
PCIe Read Latency      = 0.06549ms
PCIe Write Bandwidth   = 0.28239 GB/s
PCIe Read Bandwidth    = 0.50038 GB/s
Average Exec Time      = 0.00000ms
Average API Time       = 0.20338ms
