
------------------------------------------
Test Configuration: 
--------------------------------------------
Type               = Complex to Complex
Points             = 16777216
Iterations         = 1
Interleaving       = 1
--------------------------------------------

Num of Platforms found - 1
  0 - intel(r) fpga sdk for opencl(tm) 
Iter: 0
	PCIe Rd: 44.058786ms
	Kernel: 0.000000ms
	PCIe Wr: 21.523437ms


------------------------------------------
Measurements 
--------------------------------------------
Iterations             = 1
Points                 = 16777216
Data Size              = 134217728 Bytes
PCIe Write Latency     = 21.52344ms
PCIe Read Latency      = 44.05879ms
PCIe Write Bandwidth   = 6.23589 GB/s
PCIe Read Bandwidth    = 3.04633 GB/s
Average Exec Time      = 0.00000ms
Average API Time       = 66.14189ms
