
------------------------------------------
Test Configuration: 
--------------------------------------------
Type               = Complex to Complex
Points             = 131072
Iterations         = 1
Interleaving       = 1
--------------------------------------------

Num of Platforms found - 1
  0 - intel(r) fpga sdk for opencl(tm) 
Iter: 0
	PCIe Rd: 0.571197ms
	Kernel: 0.000000ms
	PCIe Wr: 0.333373ms


------------------------------------------
Measurements 
--------------------------------------------
Iterations             = 1
Points                 = 131072
Data Size              = 1048576 Bytes
PCIe Write Latency     = 0.33337ms
PCIe Read Latency      = 0.57120ms
PCIe Write Bandwidth   = 3.14536 GB/s
PCIe Read Bandwidth    = 1.83575 GB/s
Average Exec Time      = 0.00000ms
Average API Time       = 0.92856ms
