
------------------------------------------
Test Configuration: 
--------------------------------------------
Type               = Complex to Complex
Points             = 1024
Iterations         = 1
Interleaving       = 1
--------------------------------------------

Num of Platforms found - 1
  0 - intel(r) fpga sdk for opencl(tm) 
Iter: 0
	PCIe Rd: 0.051794ms
	Kernel: 0.000000ms
	PCIe Wr: 0.108754ms


------------------------------------------
Measurements 
--------------------------------------------
Iterations             = 1
Points                 = 1024
Data Size              = 8192 Bytes
PCIe Write Latency     = 0.10875ms
PCIe Read Latency      = 0.05179ms
PCIe Write Bandwidth   = 0.07533 GB/s
PCIe Read Bandwidth    = 0.15816 GB/s
Average Exec Time      = 0.00000ms
Average API Time       = 0.17931ms
