
------------------------------------------
Test Configuration: 
--------------------------------------------
Type               = Complex to Complex
Points             = 33554432
Iterations         = 1
Interleaving       = 1
--------------------------------------------

Num of Platforms found - 1
  0 - intel(r) fpga sdk for opencl(tm) 
Iter: 0
	PCIe Rd: 85.205615ms
	Kernel: 0.000000ms
	PCIe Wr: 42.647591ms


------------------------------------------
Measurements 
--------------------------------------------
Iterations             = 1
Points                 = 33554432
Data Size              = 268435456 Bytes
PCIe Write Latency     = 42.64759ms
PCIe Read Latency      = 85.20562ms
PCIe Write Bandwidth   = 6.29427 GB/s
PCIe Read Bandwidth    = 3.15044 GB/s
Average Exec Time      = 0.00000ms
Average API Time       = 128.38530ms
