
------------------------------------------
Test Configuration: 
--------------------------------------------
Type               = Complex to Complex
Points             = 1048576
Iterations         = 1
Interleaving       = 1
--------------------------------------------

Num of Platforms found - 1
  0 - intel(r) fpga sdk for opencl(tm) 
Iter: 0
	PCIe Rd: 2.625578ms
	Kernel: 0.000000ms
	PCIe Wr: 1.504524ms


------------------------------------------
Measurements 
--------------------------------------------
Iterations             = 1
Points                 = 1048576
Data Size              = 8388608 Bytes
PCIe Write Latency     = 1.50452ms
PCIe Read Latency      = 2.62558ms
PCIe Write Bandwidth   = 5.57559 GB/s
PCIe Read Bandwidth    = 3.19496 GB/s
Average Exec Time      = 0.00000ms
Average API Time       = 4.68691ms
