
------------------------------------------
Test Configuration: 
--------------------------------------------
Type               = Complex to Complex
Points             = 8388608
Iterations         = 2
Interleaving       = 2
--------------------------------------------

Num of Platforms found - 1
  0 - intel(r) fpga sdk for opencl(tm) 
Iter: 0
	PCIe Rd: 21.607760ms
	Kernel: 0.000000ms
	PCIe Wr: 10.845146ms

Iter: 1
	PCIe Rd: 10.476985ms
	Kernel: 0.000000ms
	PCIe Wr: 10.819316ms


------------------------------------------
Measurements 
--------------------------------------------
Iterations             = 2
Points                 = 8388608
Data Size              = 67108864 Bytes
PCIe Write Latency     = 10.83223ms
PCIe Read Latency      = 16.04237ms
PCIe Write Bandwidth   = 6.19529 GB/s
PCIe Read Bandwidth    = 4.18323 GB/s
Average Exec Time      = 0.00000ms
Average API Time       = 27.16022ms
