
------------------------------------------
Test Configuration: 
--------------------------------------------
Type               = Complex to Complex
Points             = 64
Iterations         = 2
Interleaving       = 2
--------------------------------------------

Num of Platforms found - 1
  0 - intel(r) fpga sdk for opencl(tm) 
Iter: 0
	PCIe Rd: 0.156093ms
	Kernel: 0.000000ms
	PCIe Wr: 0.062542ms

Iter: 1
	PCIe Rd: 0.148159ms
	Kernel: 0.000000ms
	PCIe Wr: 0.031248ms


------------------------------------------
Measurements 
--------------------------------------------
Iterations             = 2
Points                 = 64
Data Size              = 512 Bytes
PCIe Write Latency     = 0.04689ms
PCIe Read Latency      = 0.15213ms
PCIe Write Bandwidth   = 0.01092 GB/s
PCIe Read Bandwidth    = 0.00337 GB/s
Average Exec Time      = 0.00000ms
Average API Time       = 0.21074ms
