
------------------------------------------
Test Configuration: 
--------------------------------------------
Type               = Complex to Complex
Points             = 16
Iterations         = 2
Interleaving       = 2
--------------------------------------------

Num of Platforms found - 1
  0 - intel(r) fpga sdk for opencl(tm) 
Iter: 0
	PCIe Rd: 0.049516ms
	Kernel: 0.000000ms
	PCIe Wr: 0.049260ms

Iter: 1
	PCIe Rd: 0.048163ms
	Kernel: 0.000000ms
	PCIe Wr: 0.021144ms


------------------------------------------
Measurements 
--------------------------------------------
Iterations             = 2
Points                 = 16
Data Size              = 128 Bytes
PCIe Write Latency     = 0.03520ms
PCIe Read Latency      = 0.04884ms
PCIe Write Bandwidth   = 0.00364 GB/s
PCIe Read Bandwidth    = 0.00262 GB/s
Average Exec Time      = 0.00000ms
Average API Time       = 0.09570ms
