
------------------------------------------
Test Configuration: 
--------------------------------------------
Type               = Complex to Complex
Points             = 134217728
Iterations         = 2
Interleaving       = 2
--------------------------------------------

Num of Platforms found - 1
  0 - intel(r) fpga sdk for opencl(tm) 
Iter: 0
	PCIe Rd: 352.026199ms
	Kernel: 0.000000ms
	PCIe Wr: 170.214332ms

Iter: 1
	PCIe Rd: 165.960479ms
	Kernel: 0.000000ms
	PCIe Wr: 170.320584ms


------------------------------------------
Measurements 
--------------------------------------------
Iterations             = 2
Points                 = 134217728
Data Size              = 1073741824 Bytes
PCIe Write Latency     = 170.26746ms
PCIe Read Latency      = 258.99334ms
PCIe Write Bandwidth   = 6.30621 GB/s
PCIe Read Bandwidth    = 4.14583 GB/s
Average Exec Time      = 0.00000ms
Average API Time       = 429.55828ms
