
------------------------------------------
Test Configuration: 
--------------------------------------------
Type               = Complex to Complex
Points             = 67108864
Iterations         = 2
Interleaving       = 2
--------------------------------------------

Num of Platforms found - 1
  0 - intel(r) fpga sdk for opencl(tm) 
Iter: 0
	PCIe Rd: 175.822493ms
	Kernel: 0.000000ms
	PCIe Wr: 85.251967ms

Iter: 1
	PCIe Rd: 83.096104ms
	Kernel: 0.000000ms
	PCIe Wr: 85.108627ms


------------------------------------------
Measurements 
--------------------------------------------
Iterations             = 2
Points                 = 67108864
Data Size              = 536870912 Bytes
PCIe Write Latency     = 85.18030ms
PCIe Read Latency      = 129.45930ms
PCIe Write Bandwidth   = 6.30276 GB/s
PCIe Read Bandwidth    = 4.14702 GB/s
Average Exec Time      = 0.00000ms
Average API Time       = 214.93105ms
