
------------------------------------------
Test Configuration: 
--------------------------------------------
Type               = Complex to Complex
Points             = 8192
Iterations         = 2
Interleaving       = 2
--------------------------------------------

Num of Platforms found - 1
  0 - intel(r) fpga sdk for opencl(tm) 
Iter: 0
	PCIe Rd: 0.083318ms
	Kernel: 0.000000ms
	PCIe Wr: 0.128315ms

Iter: 1
	PCIe Rd: 0.056951ms
	Kernel: 0.000000ms
	PCIe Wr: 0.085502ms


------------------------------------------
Measurements 
--------------------------------------------
Iterations             = 2
Points                 = 8192
Data Size              = 65536 Bytes
PCIe Write Latency     = 0.10691ms
PCIe Read Latency      = 0.07013ms
PCIe Write Bandwidth   = 0.61301 GB/s
PCIe Read Bandwidth    = 0.93443 GB/s
Average Exec Time      = 0.00000ms
Average API Time       = 0.18912ms
