
------------------------------------------
Test Configuration: 
--------------------------------------------
Type               = Complex to Complex
Points             = 128
Iterations         = 2
Interleaving       = 2
--------------------------------------------

Num of Platforms found - 1
  0 - intel(r) fpga sdk for opencl(tm) 
Iter: 0
	PCIe Rd: 0.030588ms
	Kernel: 0.000000ms
	PCIe Wr: 0.068431ms

Iter: 1
	PCIe Rd: 0.029323ms
	Kernel: 0.000000ms
	PCIe Wr: 0.032056ms


------------------------------------------
Measurements 
--------------------------------------------
Iterations             = 2
Points                 = 128
Data Size              = 1024 Bytes
PCIe Write Latency     = 0.05024ms
PCIe Read Latency      = 0.02996ms
PCIe Write Bandwidth   = 0.02038 GB/s
PCIe Read Bandwidth    = 0.03418 GB/s
Average Exec Time      = 0.00000ms
Average API Time       = 0.09646ms
