
------------------------------------------
Test Configuration: 
--------------------------------------------
Type               = Complex to Complex
Points             = 4194304
Iterations         = 2
Interleaving       = 2
--------------------------------------------

Num of Platforms found - 1
  0 - intel(r) fpga sdk for opencl(tm) 
Iter: 0
	PCIe Rd: 9.908344ms
	Kernel: 0.000000ms
	PCIe Wr: 5.542004ms

Iter: 1
	PCIe Rd: 5.301999ms
	Kernel: 0.000000ms
	PCIe Wr: 5.482938ms


------------------------------------------
Measurements 
--------------------------------------------
Iterations             = 2
Points                 = 4194304
Data Size              = 33554432 Bytes
PCIe Write Latency     = 5.51247ms
PCIe Read Latency      = 7.60517ms
PCIe Write Bandwidth   = 6.08700 GB/s
PCIe Read Bandwidth    = 4.41205 GB/s
Average Exec Time      = 0.00000ms
Average API Time       = 13.39508ms
