
------------------------------------------
Test Configuration: 
--------------------------------------------
Type               = Complex to Complex
Points             = 16777216
Iterations         = 2
Interleaving       = 2
--------------------------------------------

Num of Platforms found - 1
  0 - intel(r) fpga sdk for opencl(tm) 
Iter: 0
	PCIe Rd: 43.859403ms
	Kernel: 0.000000ms
	PCIe Wr: 21.461491ms

Iter: 1
	PCIe Rd: 20.853224ms
	Kernel: 0.000000ms
	PCIe Wr: 21.439801ms


------------------------------------------
Measurements 
--------------------------------------------
Iterations             = 2
Points                 = 16777216
Data Size              = 134217728 Bytes
PCIe Write Latency     = 21.45065ms
PCIe Read Latency      = 32.35631ms
PCIe Write Bandwidth   = 6.25705 GB/s
PCIe Read Bandwidth    = 4.14812 GB/s
Average Exec Time      = 0.00000ms
Average API Time       = 54.08845ms
