
------------------------------------------
Test Configuration: 
--------------------------------------------
Type               = Complex to Complex
Points             = 262144
Iterations         = 2
Interleaving       = 2
--------------------------------------------

Num of Platforms found - 1
  0 - intel(r) fpga sdk for opencl(tm) 
Iter: 0
	PCIe Rd: 0.450725ms
	Kernel: 0.000000ms
	PCIe Wr: 0.510211ms

Iter: 1
	PCIe Rd: 0.426171ms
	Kernel: 0.000000ms
	PCIe Wr: 0.455604ms


------------------------------------------
Measurements 
--------------------------------------------
Iterations             = 2
Points                 = 262144
Data Size              = 2097152 Bytes
PCIe Write Latency     = 0.48291ms
PCIe Read Latency      = 0.43845ms
PCIe Write Bandwidth   = 4.34276 GB/s
PCIe Read Bandwidth    = 4.78313 GB/s
Average Exec Time      = 0.00000ms
Average API Time       = 1.17912ms
