
------------------------------------------
Test Configuration: 
--------------------------------------------
Type               = Complex to Complex
Points             = 32768
Iterations         = 2
Interleaving       = 2
--------------------------------------------

Num of Platforms found - 1
  0 - intel(r) fpga sdk for opencl(tm) 
Iter: 0
	PCIe Rd: 0.186798ms
	Kernel: 0.000000ms
	PCIe Wr: 0.190347ms

Iter: 1
	PCIe Rd: 0.111047ms
	Kernel: 0.000000ms
	PCIe Wr: 0.128079ms


------------------------------------------
Measurements 
--------------------------------------------
Iterations             = 2
Points                 = 32768
Data Size              = 262144 Bytes
PCIe Write Latency     = 0.15921ms
PCIe Read Latency      = 0.14892ms
PCIe Write Bandwidth   = 1.64650 GB/s
PCIe Read Bandwidth    = 1.76027 GB/s
Average Exec Time      = 0.00000ms
Average API Time       = 0.32425ms
