
------------------------------------------
Test Configuration: 
--------------------------------------------
Type               = Complex to Complex
Points             = 524288
Iterations         = 2
Interleaving       = 2
--------------------------------------------

Num of Platforms found - 1
  0 - intel(r) fpga sdk for opencl(tm) 
Iter: 0
	PCIe Rd: 0.941435ms
	Kernel: 0.000000ms
	PCIe Wr: 0.854751ms

Iter: 1
	PCIe Rd: 0.756490ms
	Kernel: 0.000000ms
	PCIe Wr: 0.798723ms


------------------------------------------
Measurements 
--------------------------------------------
Iterations             = 2
Points                 = 524288
Data Size              = 4194304 Bytes
PCIe Write Latency     = 0.82674ms
PCIe Read Latency      = 0.84896ms
PCIe Write Bandwidth   = 5.07332 GB/s
PCIe Read Bandwidth    = 4.94051 GB/s
Average Exec Time      = 0.00000ms
Average API Time       = 1.94076ms
