
------------------------------------------
Test Configuration: 
--------------------------------------------
Type               = Complex to Complex
Points             = 2048
Iterations         = 2
Interleaving       = 2
--------------------------------------------

Num of Platforms found - 1
  0 - intel(r) fpga sdk for opencl(tm) 
Iter: 0
	PCIe Rd: 0.053646ms
	Kernel: 0.000000ms
	PCIe Wr: 0.110415ms

Iter: 1
	PCIe Rd: 0.048675ms
	Kernel: 0.000000ms
	PCIe Wr: 0.077215ms


------------------------------------------
Measurements 
--------------------------------------------
Iterations             = 2
Points                 = 2048
Data Size              = 16384 Bytes
PCIe Write Latency     = 0.09382ms
PCIe Read Latency      = 0.05116ms
PCIe Write Bandwidth   = 0.17464 GB/s
PCIe Read Bandwidth    = 0.32025 GB/s
Average Exec Time      = 0.00000ms
Average API Time       = 0.15699ms
