
------------------------------------------
Test Configuration: 
--------------------------------------------
Type               = Complex to Complex
Points             = 2097152
Iterations         = 2
Interleaving       = 2
--------------------------------------------

Num of Platforms found - 1
  0 - intel(r) fpga sdk for opencl(tm) 
Iter: 0
	PCIe Rd: 4.991754ms
	Kernel: 0.000000ms
	PCIe Wr: 2.850081ms

Iter: 1
	PCIe Rd: 2.697952ms
	Kernel: 0.000000ms
	PCIe Wr: 2.800580ms


------------------------------------------
Measurements 
--------------------------------------------
Iterations             = 2
Points                 = 2097152
Data Size              = 16777216 Bytes
PCIe Write Latency     = 2.82533ms
PCIe Read Latency      = 3.84485ms
PCIe Write Bandwidth   = 5.93814 GB/s
PCIe Read Bandwidth    = 4.36355 GB/s
Average Exec Time      = 0.00000ms
Average API Time       = 6.94004ms
