
------------------------------------------
Test Configuration: 
--------------------------------------------
Type               = Complex to Complex
Points             = 1024
Iterations         = 2
Interleaving       = 2
--------------------------------------------

Num of Platforms found - 1
  0 - intel(r) fpga sdk for opencl(tm) 
Iter: 0
	PCIe Rd: 0.051499ms
	Kernel: 0.000000ms
	PCIe Wr: 0.112952ms

Iter: 1
	PCIe Rd: 0.053994ms
	Kernel: 0.000000ms
	PCIe Wr: 0.074421ms


------------------------------------------
Measurements 
--------------------------------------------
Iterations             = 2
Points                 = 1024
Data Size              = 8192 Bytes
PCIe Write Latency     = 0.09369ms
PCIe Read Latency      = 0.05275ms
PCIe Write Bandwidth   = 0.08744 GB/s
PCIe Read Bandwidth    = 0.15531 GB/s
Average Exec Time      = 0.00000ms
Average API Time       = 0.15817ms
