
------------------------------------------
Test Configuration: 
--------------------------------------------
Type               = Complex to Complex
Points             = 1024
Iterations         = 2
Interleaving       = 2
--------------------------------------------

Num of Platforms found - 1
  0 - intel(r) fpga sdk for opencl(tm) 
Iter: 0
	PCIe Rd: 0.097126ms
	Kernel: 0.000000ms
	PCIe Wr: 0.118376ms

Iter: 1
	PCIe Rd: 0.064077ms
	Kernel: 0.000000ms
	PCIe Wr: 0.091387ms


------------------------------------------
Measurements 
--------------------------------------------
Iterations             = 2
Points                 = 1024
Data Size              = 8192 Bytes
PCIe Write Latency     = 0.10488ms
PCIe Read Latency      = 0.08060ms
PCIe Write Bandwidth   = 0.07811 GB/s
PCIe Read Bandwidth    = 0.10164 GB/s
Average Exec Time      = 0.00000ms
Average API Time       = 0.19956ms
