
------------------------------------------
Test Configuration: 
--------------------------------------------
Type               = Complex to Complex
Points             = 134217728
Iterations         = 2
Interleaving       = 2
--------------------------------------------

Num of Platforms found - 1
  0 - intel(r) fpga sdk for opencl(tm) 
Iter: 0
	PCIe Rd: 341.089340ms
	Kernel: 0.000000ms
	PCIe Wr: 170.341101ms

Iter: 1
	PCIe Rd: 340.808251ms
	Kernel: 0.000000ms
	PCIe Wr: 170.401583ms


------------------------------------------
Measurements 
--------------------------------------------
Iterations             = 2
Points                 = 134217728
Data Size              = 1073741824 Bytes
PCIe Write Latency     = 170.37134ms
PCIe Read Latency      = 340.94880ms
PCIe Write Bandwidth   = 6.30236 GB/s
PCIe Read Bandwidth    = 3.14928 GB/s
Average Exec Time      = 0.00000ms
Average API Time       = 511.87116ms
