
------------------------------------------
Test Configuration: 
--------------------------------------------
Type               = Complex to Complex
Points             = 32768
Iterations         = 2
Interleaving       = 2
--------------------------------------------

Num of Platforms found - 1
  0 - intel(r) fpga sdk for opencl(tm) 
Iter: 0
	PCIe Rd: 0.204673ms
	Kernel: 0.000000ms
	PCIe Wr: 0.165255ms

Iter: 1
	PCIe Rd: 0.188048ms
	Kernel: 0.000000ms
	PCIe Wr: 0.139241ms


------------------------------------------
Measurements 
--------------------------------------------
Iterations             = 2
Points                 = 32768
Data Size              = 262144 Bytes
PCIe Write Latency     = 0.15225ms
PCIe Read Latency      = 0.19636ms
PCIe Write Bandwidth   = 1.72182 GB/s
PCIe Read Bandwidth    = 1.33501 GB/s
Average Exec Time      = 0.00000ms
Average API Time       = 0.36502ms
