
------------------------------------------
Test Configuration: 
--------------------------------------------
Type               = Complex to Complex
Points             = 131072
Iterations         = 2
Interleaving       = 2
--------------------------------------------

Num of Platforms found - 1
  0 - intel(r) fpga sdk for opencl(tm) 
Iter: 0
	PCIe Rd: 0.530059ms
	Kernel: 0.000000ms
	PCIe Wr: 0.324107ms

Iter: 1
	PCIe Rd: 0.511064ms
	Kernel: 0.000000ms
	PCIe Wr: 0.307854ms


------------------------------------------
Measurements 
--------------------------------------------
Iterations             = 2
Points                 = 131072
Data Size              = 1048576 Bytes
PCIe Write Latency     = 0.31598ms
PCIe Read Latency      = 0.52056ms
PCIe Write Bandwidth   = 3.31848 GB/s
PCIe Read Bandwidth    = 2.01432 GB/s
Average Exec Time      = 0.00000ms
Average API Time       = 0.85520ms
