
------------------------------------------
Test Configuration: 
--------------------------------------------
Type               = Complex to Complex
Points             = 1048576
Iterations         = 2
Interleaving       = 2
--------------------------------------------

Num of Platforms found - 1
  0 - intel(r) fpga sdk for opencl(tm) 
Iter: 0
	PCIe Rd: 2.504445ms
	Kernel: 0.000000ms
	PCIe Wr: 1.505320ms

Iter: 1
	PCIe Rd: 2.260782ms
	Kernel: 0.000000ms
	PCIe Wr: 1.458449ms


------------------------------------------
Measurements 
--------------------------------------------
Iterations             = 2
Points                 = 1048576
Data Size              = 8388608 Bytes
PCIe Write Latency     = 1.48188ms
PCIe Read Latency      = 2.38261ms
PCIe Write Bandwidth   = 5.66077 GB/s
PCIe Read Bandwidth    = 3.52076 GB/s
Average Exec Time      = 0.00000ms
Average API Time       = 4.13179ms
