
------------------------------------------
Test Configuration: 
--------------------------------------------
Type               = Complex to Complex
Points             = 4096
Iterations         = 2
Interleaving       = 2
--------------------------------------------

Num of Platforms found - 1
  0 - intel(r) fpga sdk for opencl(tm) 
Iter: 0
	PCIe Rd: 0.073279ms
	Kernel: 0.000000ms
	PCIe Wr: 0.120520ms

Iter: 1
	PCIe Rd: 0.065438ms
	Kernel: 0.000000ms
	PCIe Wr: 0.081575ms


------------------------------------------
Measurements 
--------------------------------------------
Iterations             = 2
Points                 = 4096
Data Size              = 32768 Bytes
PCIe Write Latency     = 0.10105ms
PCIe Read Latency      = 0.06936ms
PCIe Write Bandwidth   = 0.32428 GB/s
PCIe Read Bandwidth    = 0.47244 GB/s
Average Exec Time      = 0.00000ms
Average API Time       = 0.18274ms
