
------------------------------------------
Test Configuration: 
--------------------------------------------
Type               = Complex to Complex
Points             = 256
Iterations         = 2
Interleaving       = 2
--------------------------------------------

Num of Platforms found - 1
  0 - intel(r) fpga sdk for opencl(tm) 
Iter: 0
	PCIe Rd: 0.037457ms
	Kernel: 0.000000ms
	PCIe Wr: 0.104648ms

Iter: 1
	PCIe Rd: 0.035103ms
	Kernel: 0.000000ms
	PCIe Wr: 0.069292ms


------------------------------------------
Measurements 
--------------------------------------------
Iterations             = 2
Points                 = 256
Data Size              = 2048 Bytes
PCIe Write Latency     = 0.08697ms
PCIe Read Latency      = 0.03628ms
PCIe Write Bandwidth   = 0.02355 GB/s
PCIe Read Bandwidth    = 0.05645 GB/s
Average Exec Time      = 0.00000ms
Average API Time       = 0.13543ms
