
------------------------------------------
Test Configuration: 
--------------------------------------------
Type               = Complex to Complex
Points             = 268435456
Iterations         = 2
Interleaving       = 2
--------------------------------------------

Num of Platforms found - 1
  0 - intel(r) fpga sdk for opencl(tm) 
Iter: 0
	PCIe Rd: 682.464604ms
	Kernel: 0.000000ms
	PCIe Wr: 340.420209ms

Iter: 1
	PCIe Rd: 682.003762ms
	Kernel: 0.000000ms
	PCIe Wr: 340.768969ms


------------------------------------------
Measurements 
--------------------------------------------
Iterations             = 2
Points                 = 268435456
Data Size              = 2147483648 Bytes
PCIe Write Latency     = 340.59459ms
PCIe Read Latency      = 682.23418ms
PCIe Write Bandwidth   = 6.30510 GB/s
PCIe Read Bandwidth    = 3.14772 GB/s
Average Exec Time      = 0.00000ms
Average API Time       = 1023.38406ms
