
------------------------------------------
Test Configuration: 
--------------------------------------------
Type               = Complex to Complex
Points             = 4194304
Iterations         = 2
Interleaving       = 2
--------------------------------------------

Num of Platforms found - 1
  0 - intel(r) fpga sdk for opencl(tm) 
Iter: 0
	PCIe Rd: 10.494234ms
	Kernel: 0.000000ms
	PCIe Wr: 5.532047ms

Iter: 1
	PCIe Rd: 10.413211ms
	Kernel: 0.000000ms
	PCIe Wr: 5.485173ms


------------------------------------------
Measurements 
--------------------------------------------
Iterations             = 2
Points                 = 4194304
Data Size              = 33554432 Bytes
PCIe Write Latency     = 5.50861ms
PCIe Read Latency      = 10.45372ms
PCIe Write Bandwidth   = 6.09127 GB/s
PCIe Read Bandwidth    = 3.20981 GB/s
Average Exec Time      = 0.00000ms
Average API Time       = 16.48065ms
