
------------------------------------------
Test Configuration: 
--------------------------------------------
Type               = Complex to Complex
Points             = 8388608
Iterations         = 2
Interleaving       = 2
--------------------------------------------

Num of Platforms found - 1
  0 - intel(r) fpga sdk for opencl(tm) 
Iter: 0
	PCIe Rd: 21.141891ms
	Kernel: 0.000000ms
	PCIe Wr: 10.841615ms

Iter: 1
	PCIe Rd: 21.143586ms
	Kernel: 0.000000ms
	PCIe Wr: 10.802527ms


------------------------------------------
Measurements 
--------------------------------------------
Iterations             = 2
Points                 = 8388608
Data Size              = 67108864 Bytes
PCIe Write Latency     = 10.82207ms
PCIe Read Latency      = 21.14274ms
PCIe Write Bandwidth   = 6.20111 GB/s
PCIe Read Bandwidth    = 3.17409 GB/s
Average Exec Time      = 0.00000ms
Average API Time       = 32.48501ms
