
------------------------------------------
Test Configuration: 
--------------------------------------------
Type               = Complex to Complex
Points             = 16
Iterations         = 2
Interleaving       = 2
--------------------------------------------

Num of Platforms found - 1
  0 - intel(r) fpga sdk for opencl(tm) 
Iter: 0
	PCIe Rd: 0.050047ms
	Kernel: 0.000000ms
	PCIe Wr: 0.063865ms

Iter: 1
	PCIe Rd: 0.048005ms
	Kernel: 0.000000ms
	PCIe Wr: 0.021434ms


------------------------------------------
Measurements 
--------------------------------------------
Iterations             = 2
Points                 = 16
Data Size              = 128 Bytes
PCIe Write Latency     = 0.04265ms
PCIe Read Latency      = 0.04903ms
PCIe Write Bandwidth   = 0.00300 GB/s
PCIe Read Bandwidth    = 0.00261 GB/s
Average Exec Time      = 0.00000ms
Average API Time       = 0.10365ms
