
------------------------------------------
Test Configuration: 
--------------------------------------------
Type               = Complex to Complex
Points             = 16384
Iterations         = 2
Interleaving       = 2
--------------------------------------------

Num of Platforms found - 1
  0 - intel(r) fpga sdk for opencl(tm) 
Iter: 0
	PCIe Rd: 0.131937ms
	Kernel: 0.000000ms
	PCIe Wr: 0.151423ms

Iter: 1
	PCIe Rd: 0.136566ms
	Kernel: 0.000000ms
	PCIe Wr: 0.119568ms


------------------------------------------
Measurements 
--------------------------------------------
Iterations             = 2
Points                 = 16384
Data Size              = 131072 Bytes
PCIe Write Latency     = 0.13550ms
PCIe Read Latency      = 0.13425ms
PCIe Write Bandwidth   = 0.96735 GB/s
PCIe Read Bandwidth    = 0.97632 GB/s
Average Exec Time      = 0.00000ms
Average API Time       = 0.28843ms
