
------------------------------------------
Test Configuration: 
--------------------------------------------
Type               = Complex to Complex
Points             = 32
Iterations         = 2
Interleaving       = 2
--------------------------------------------

Num of Platforms found - 1
  0 - intel(r) fpga sdk for opencl(tm) 
Iter: 0
	PCIe Rd: 0.083144ms
	Kernel: 0.000000ms
	PCIe Wr: 0.060458ms

Iter: 1
	PCIe Rd: 0.081794ms
	Kernel: 0.000000ms
	PCIe Wr: 0.025156ms


------------------------------------------
Measurements 
--------------------------------------------
Iterations             = 2
Points                 = 32
Data Size              = 256 Bytes
PCIe Write Latency     = 0.04281ms
PCIe Read Latency      = 0.08247ms
PCIe Write Bandwidth   = 0.00598 GB/s
PCIe Read Bandwidth    = 0.00310 GB/s
Average Exec Time      = 0.00000ms
Average API Time       = 0.13799ms
