
------------------------------------------
Test Configuration: 
--------------------------------------------
Type               = Complex to Complex
Points             = 2048
Iterations         = 2
Interleaving       = 2
--------------------------------------------

Num of Platforms found - 1
  0 - intel(r) fpga sdk for opencl(tm) 
Iter: 0
	PCIe Rd: 0.070618ms
	Kernel: 0.000000ms
	PCIe Wr: 0.140660ms

Iter: 1
	PCIe Rd: 0.059441ms
	Kernel: 0.000000ms
	PCIe Wr: 0.080105ms


------------------------------------------
Measurements 
--------------------------------------------
Iterations             = 2
Points                 = 2048
Data Size              = 16384 Bytes
PCIe Write Latency     = 0.11038ms
PCIe Read Latency      = 0.06503ms
PCIe Write Bandwidth   = 0.14843 GB/s
PCIe Read Bandwidth    = 0.25195 GB/s
Average Exec Time      = 0.00000ms
Average API Time       = 0.18926ms
