
------------------------------------------
Test Configuration: 
--------------------------------------------
Type               = Complex to Complex
Points             = 2
Iterations         = 2
Interleaving       = 2
--------------------------------------------

Num of Platforms found - 1
  0 - intel(r) fpga sdk for opencl(tm) 
Iter: 0
	PCIe Rd: 0.021124ms
	Kernel: 0.000000ms
	PCIe Wr: 0.053935ms

Iter: 1
	PCIe Rd: 0.019343ms
	Kernel: 0.000000ms
	PCIe Wr: 0.018770ms


------------------------------------------
Measurements 
--------------------------------------------
Iterations             = 2
Points                 = 2
Data Size              = 16 Bytes
PCIe Write Latency     = 0.03635ms
PCIe Read Latency      = 0.02023ms
PCIe Write Bandwidth   = 0.00044 GB/s
PCIe Read Bandwidth    = 0.00079 GB/s
Average Exec Time      = 0.00000ms
Average API Time       = 0.07190ms
