
------------------------------------------
Test Configuration: 
--------------------------------------------
Type               = Complex to Complex
Points             = 33554432
Iterations         = 2
Interleaving       = 2
--------------------------------------------

Num of Platforms found - 1
  0 - intel(r) fpga sdk for opencl(tm) 
Iter: 0
	PCIe Rd: 85.031843ms
	Kernel: 0.000000ms
	PCIe Wr: 42.691892ms

Iter: 1
	PCIe Rd: 85.023961ms
	Kernel: 0.000000ms
	PCIe Wr: 42.710591ms


------------------------------------------
Measurements 
--------------------------------------------
Iterations             = 2
Points                 = 33554432
Data Size              = 268435456 Bytes
PCIe Write Latency     = 42.70124ms
PCIe Read Latency      = 85.02790ms
PCIe Write Bandwidth   = 6.28636 GB/s
PCIe Read Bandwidth    = 3.15703 GB/s
Average Exec Time      = 0.00000ms
Average API Time       = 128.26209ms
