
------------------------------------------
Test Configuration: 
--------------------------------------------
Type               = Complex to Complex
Points             = 8192
Iterations         = 2
Interleaving       = 2
--------------------------------------------

Num of Platforms found - 1
  0 - intel(r) fpga sdk for opencl(tm) 
Iter: 0
	PCIe Rd: 0.103807ms
	Kernel: 0.000000ms
	PCIe Wr: 0.134360ms

Iter: 1
	PCIe Rd: 0.072501ms
	Kernel: 0.000000ms
	PCIe Wr: 0.093330ms


------------------------------------------
Measurements 
--------------------------------------------
Iterations             = 2
Points                 = 8192
Data Size              = 65536 Bytes
PCIe Write Latency     = 0.11384ms
PCIe Read Latency      = 0.08815ms
PCIe Write Bandwidth   = 0.57566 GB/s
PCIe Read Bandwidth    = 0.74343 GB/s
Average Exec Time      = 0.00000ms
Average API Time       = 0.21260ms
