
------------------------------------------
Test Configuration: 
--------------------------------------------
Type               = Complex to Complex
Points             = 128
Iterations         = 2
Interleaving       = 2
--------------------------------------------

Num of Platforms found - 1
  0 - intel(r) fpga sdk for opencl(tm) 
Iter: 0
	PCIe Rd: 0.042255ms
	Kernel: 0.000000ms
	PCIe Wr: 0.073044ms

Iter: 1
	PCIe Rd: 0.039176ms
	Kernel: 0.000000ms
	PCIe Wr: 0.032162ms


------------------------------------------
Measurements 
--------------------------------------------
Iterations             = 2
Points                 = 128
Data Size              = 1024 Bytes
PCIe Write Latency     = 0.05260ms
PCIe Read Latency      = 0.04072ms
PCIe Write Bandwidth   = 0.01947 GB/s
PCIe Read Bandwidth    = 0.02515 GB/s
Average Exec Time      = 0.00000ms
Average API Time       = 0.10520ms
