
------------------------------------------
Test Configuration: 
--------------------------------------------
Type               = Complex to Complex
Points             = 8
Iterations         = 2
Interleaving       = 2
--------------------------------------------

Num of Platforms found - 1
  0 - intel(r) fpga sdk for opencl(tm) 
Iter: 0
	PCIe Rd: 0.033097ms
	Kernel: 0.000000ms
	PCIe Wr: 0.052344ms

Iter: 1
	PCIe Rd: 0.031684ms
	Kernel: 0.000000ms
	PCIe Wr: 0.020728ms


------------------------------------------
Measurements 
--------------------------------------------
Iterations             = 2
Points                 = 8
Data Size              = 64 Bytes
PCIe Write Latency     = 0.03654ms
PCIe Read Latency      = 0.03239ms
PCIe Write Bandwidth   = 0.00175 GB/s
PCIe Read Bandwidth    = 0.00198 GB/s
Average Exec Time      = 0.00000ms
Average API Time       = 0.08056ms
