
------------------------------------------
Test Configuration: 
--------------------------------------------
Type               = Complex to Complex
Points             = 16777216
Iterations         = 2
Interleaving       = 2
--------------------------------------------

Num of Platforms found - 1
  0 - intel(r) fpga sdk for opencl(tm) 
Iter: 0
	PCIe Rd: 42.486615ms
	Kernel: 0.000000ms
	PCIe Wr: 21.508777ms

Iter: 1
	PCIe Rd: 42.442711ms
	Kernel: 0.000000ms
	PCIe Wr: 21.448781ms


------------------------------------------
Measurements 
--------------------------------------------
Iterations             = 2
Points                 = 16777216
Data Size              = 134217728 Bytes
PCIe Write Latency     = 21.47878ms
PCIe Read Latency      = 42.46466ms
PCIe Write Bandwidth   = 6.24885 GB/s
PCIe Read Bandwidth    = 3.16069 GB/s
Average Exec Time      = 0.00000ms
Average API Time       = 64.48654ms
