
------------------------------------------
Test Configuration: 
--------------------------------------------
Type               = Complex to Complex
Points             = 67108864
Iterations         = 2
Interleaving       = 2
--------------------------------------------

Num of Platforms found - 1
  0 - intel(r) fpga sdk for opencl(tm) 
Iter: 0
	PCIe Rd: 170.455169ms
	Kernel: 0.000000ms
	PCIe Wr: 85.275784ms

Iter: 1
	PCIe Rd: 170.562848ms
	Kernel: 0.000000ms
	PCIe Wr: 85.363891ms


------------------------------------------
Measurements 
--------------------------------------------
Iterations             = 2
Points                 = 67108864
Data Size              = 536870912 Bytes
PCIe Write Latency     = 85.31984ms
PCIe Read Latency      = 170.50901ms
PCIe Write Bandwidth   = 6.29245 GB/s
PCIe Read Bandwidth    = 3.14864 GB/s
Average Exec Time      = 0.00000ms
Average API Time       = 256.36743ms
