
------------------------------------------
Test Configuration: 
--------------------------------------------
Type               = Complex to Complex
Points             = 65536
Iterations         = 2
Interleaving       = 2
--------------------------------------------

Num of Platforms found - 1
  0 - intel(r) fpga sdk for opencl(tm) 
Iter: 0
	PCIe Rd: 0.330575ms
	Kernel: 0.000000ms
	PCIe Wr: 0.223114ms

Iter: 1
	PCIe Rd: 0.270200ms
	Kernel: 0.000000ms
	PCIe Wr: 0.191448ms


------------------------------------------
Measurements 
--------------------------------------------
Iterations             = 2
Points                 = 65536
Data Size              = 524288 Bytes
PCIe Write Latency     = 0.20728ms
PCIe Read Latency      = 0.30039ms
PCIe Write Bandwidth   = 2.52936 GB/s
PCIe Read Bandwidth    = 1.74537 GB/s
Average Exec Time      = 0.00000ms
Average API Time       = 0.52907ms
