
------------------------------------------
Test Configuration: 
--------------------------------------------
Type               = Complex to Complex
Points             = 64
Iterations         = 2
Interleaving       = 2
--------------------------------------------

Num of Platforms found - 1
  0 - intel(r) fpga sdk for opencl(tm) 
Iter: 0
	PCIe Rd: 0.159426ms
	Kernel: 0.000000ms
	PCIe Wr: 0.065337ms

Iter: 1
	PCIe Rd: 0.148599ms
	Kernel: 0.000000ms
	PCIe Wr: 0.031339ms


------------------------------------------
Measurements 
--------------------------------------------
Iterations             = 2
Points                 = 64
Data Size              = 512 Bytes
PCIe Write Latency     = 0.04834ms
PCIe Read Latency      = 0.15401ms
PCIe Write Bandwidth   = 0.01059 GB/s
PCIe Read Bandwidth    = 0.00332 GB/s
Average Exec Time      = 0.00000ms
Average API Time       = 0.21277ms
