
------------------------------------------
FFT Configuration: 
--------------------------------------------
Type               = Complex to Complex
Points             = 256 
Precision          = Single 
Direction          = Forward 
Placement          = In Place    
Batch              = 65536 
Iterations         = 10 
Transpose          = DDR 
Interleaving       = No 
--------------------------------------------

Initialized BSP
Supports SVM 
Initialized BSP
Iter: 0
	PCIe Rd: 0.000000ms
	Kernel: 17.739451ms
	PCIe Wr: 0.000000ms

Iter: 1
	PCIe Rd: 0.000000ms
	Kernel: 17.811417ms
	PCIe Wr: 0.000000ms

Iter: 2
	PCIe Rd: 0.000000ms
	Kernel: 17.659767ms
	PCIe Wr: 0.000000ms

Iter: 3
	PCIe Rd: 0.000000ms
	Kernel: 17.791264ms
	PCIe Wr: 0.000000ms

Iter: 4
	PCIe Rd: 0.000000ms
	Kernel: 17.772289ms
	PCIe Wr: 0.000000ms

Iter: 5
	PCIe Rd: 0.000000ms
	Kernel: 17.784133ms
	PCIe Wr: 0.000000ms

Iter: 6
	PCIe Rd: 0.000000ms
	Kernel: 17.801730ms
	PCIe Wr: 0.000000ms

Iter: 7
	PCIe Rd: 0.000000ms
	Kernel: 17.770006ms
	PCIe Wr: 0.000000ms

Iter: 8
	PCIe Rd: 0.000000ms
	Kernel: 17.773854ms
	PCIe Wr: 0.000000ms

Iter: 9
	PCIe Rd: 0.000000ms
	Kernel: 17.810384ms
	PCIe Wr: 0.000000ms



------------------------------------------
Measurements 
--------------------------------------------
Points             = 256 
Precision          = Single
Direction          = Forward
Iterations         = 10
Batch              = 65536
Average Measurements of iterations
PCIe Write         = 0.00ms
Kernel Execution   = 17.77ms
PCIe Read          = 0.00ms
Total              = 17.77ms
Throughput         = 35.17GFLOPS/s | 7.03 GB/s
API runtime        = 347.04ms
