
------------------------------------------
FFT Configuration: 
--------------------------------------------
Type               = Complex to Complex
Points             = 256 
Precision          = Single 
Direction          = Forward 
Placement          = In Place    
Batch              = 1 
Iterations         = 10 
Transpose          = DDR 
Interleaving       = No 
--------------------------------------------

Initialized BSP
Supports SVM 
Initialized BSP
Iter: 0
	PCIe Rd: 0.000000ms
	Kernel: 0.161882ms
	PCIe Wr: 0.000000ms

Iter: 1
	PCIe Rd: 0.000000ms
	Kernel: 0.134280ms
	PCIe Wr: 0.000000ms

Iter: 2
	PCIe Rd: 0.000000ms
	Kernel: 0.131895ms
	PCIe Wr: 0.000000ms

Iter: 3
	PCIe Rd: 0.000000ms
	Kernel: 0.130223ms
	PCIe Wr: 0.000000ms

Iter: 4
	PCIe Rd: 0.000000ms
	Kernel: 0.130517ms
	PCIe Wr: 0.000000ms

Iter: 5
	PCIe Rd: 0.000000ms
	Kernel: 0.129707ms
	PCIe Wr: 0.000000ms

Iter: 6
	PCIe Rd: 0.000000ms
	Kernel: 0.130521ms
	PCIe Wr: 0.000000ms

Iter: 7
	PCIe Rd: 0.000000ms
	Kernel: 0.129953ms
	PCIe Wr: 0.000000ms

Iter: 8
	PCIe Rd: 0.000000ms
	Kernel: 0.128431ms
	PCIe Wr: 0.000000ms

Iter: 9
	PCIe Rd: 0.000000ms
	Kernel: 0.130207ms
	PCIe Wr: 0.000000ms



------------------------------------------
Measurements 
--------------------------------------------
Points             = 256 
Precision          = Single
Direction          = Forward
Iterations         = 10
Batch              = 1
Average Measurements of iterations
PCIe Write         = 0.00ms
Kernel Execution   = 0.13ms
PCIe Read          = 0.00ms
Total              = 0.13ms
Throughput         = 0.07GFLOPS/s | 0.01 GB/s
API runtime        = 4.02ms
