
------------------------------------------
Test Configuration: 
--------------------------------------------
Type               = Complex to Complex
Points             = 8
Iterations         = 10
Interleaving       = 10
--------------------------------------------

Num of Platforms found - 1
  0 - intel(r) fpga sdk for opencl(tm) 
Iter: 0
	PCIe Rd: 0.032717ms
	Kernel: 0.000000ms
	PCIe Wr: 0.048288ms

Iter: 1
	PCIe Rd: 0.031700ms
	Kernel: 0.000000ms
	PCIe Wr: 0.019412ms

Iter: 2
	PCIe Rd: 0.031498ms
	Kernel: 0.000000ms
	PCIe Wr: 0.018746ms

Iter: 3
	PCIe Rd: 0.031292ms
	Kernel: 0.000000ms
	PCIe Wr: 0.018539ms

Iter: 4
	PCIe Rd: 0.031362ms
	Kernel: 0.000000ms
	PCIe Wr: 0.018488ms

Iter: 5
	PCIe Rd: 0.031419ms
	Kernel: 0.000000ms
	PCIe Wr: 0.018491ms

Iter: 6
	PCIe Rd: 0.031592ms
	Kernel: 0.000000ms
	PCIe Wr: 0.020421ms

Iter: 7
	PCIe Rd: 0.031285ms
	Kernel: 0.000000ms
	PCIe Wr: 0.018605ms

Iter: 8
	PCIe Rd: 0.031357ms
	Kernel: 0.000000ms
	PCIe Wr: 0.018554ms

Iter: 9
	PCIe Rd: 0.031328ms
	Kernel: 0.000000ms
	PCIe Wr: 0.018536ms


------------------------------------------
Measurements 
--------------------------------------------
Iterations             = 10
Points                 = 8
Data Size              = 64 Bytes
PCIe Write Latency     = 0.02181ms
PCIe Read Latency      = 0.03155ms
PCIe Write Bandwidth   = 0.00293 GB/s
PCIe Read Bandwidth    = 0.00203 GB/s
Average Exec Time      = 0.00000ms
Average API Time       = 0.05756ms
