
------------------------------------------
Test Configuration: 
--------------------------------------------
Type               = Complex to Complex
Points             = 128
Iterations         = 10
Interleaving       = 10
--------------------------------------------

Num of Platforms found - 1
  0 - intel(r) fpga sdk for opencl(tm) 
Iter: 0
	PCIe Rd: 0.032434ms
	Kernel: 0.000000ms
	PCIe Wr: 0.077677ms

Iter: 1
	PCIe Rd: 0.029363ms
	Kernel: 0.000000ms
	PCIe Wr: 0.032602ms

Iter: 2
	PCIe Rd: 0.028939ms
	Kernel: 0.000000ms
	PCIe Wr: 0.031484ms

Iter: 3
	PCIe Rd: 0.028876ms
	Kernel: 0.000000ms
	PCIe Wr: 0.031333ms

Iter: 4
	PCIe Rd: 0.028720ms
	Kernel: 0.000000ms
	PCIe Wr: 0.031238ms

Iter: 5
	PCIe Rd: 0.028928ms
	Kernel: 0.000000ms
	PCIe Wr: 0.031504ms

Iter: 6
	PCIe Rd: 0.028879ms
	Kernel: 0.000000ms
	PCIe Wr: 0.031399ms

Iter: 7
	PCIe Rd: 0.028872ms
	Kernel: 0.000000ms
	PCIe Wr: 0.031080ms

Iter: 8
	PCIe Rd: 0.029022ms
	Kernel: 0.000000ms
	PCIe Wr: 0.031125ms

Iter: 9
	PCIe Rd: 0.028813ms
	Kernel: 0.000000ms
	PCIe Wr: 0.031220ms


------------------------------------------
Measurements 
--------------------------------------------
Iterations             = 10
Points                 = 128
Data Size              = 1024 Bytes
PCIe Write Latency     = 0.03607ms
PCIe Read Latency      = 0.02928ms
PCIe Write Bandwidth   = 0.02839 GB/s
PCIe Read Bandwidth    = 0.03497 GB/s
Average Exec Time      = 0.00000ms
Average API Time       = 0.06976ms
