
------------------------------------------
Test Configuration: 
--------------------------------------------
Type               = Complex to Complex
Points             = 8192
Iterations         = 10
Interleaving       = 10
--------------------------------------------

Num of Platforms found - 1
  0 - intel(r) fpga sdk for opencl(tm) 
Iter: 0
	PCIe Rd: 0.079360ms
	Kernel: 0.000000ms
	PCIe Wr: 0.120952ms

Iter: 1
	PCIe Rd: 0.061678ms
	Kernel: 0.000000ms
	PCIe Wr: 0.084908ms

Iter: 2
	PCIe Rd: 0.056189ms
	Kernel: 0.000000ms
	PCIe Wr: 0.083993ms

Iter: 3
	PCIe Rd: 0.057908ms
	Kernel: 0.000000ms
	PCIe Wr: 0.083522ms

Iter: 4
	PCIe Rd: 0.055504ms
	Kernel: 0.000000ms
	PCIe Wr: 0.092767ms

Iter: 5
	PCIe Rd: 0.055256ms
	Kernel: 0.000000ms
	PCIe Wr: 0.083215ms

Iter: 6
	PCIe Rd: 0.055717ms
	Kernel: 0.000000ms
	PCIe Wr: 0.083854ms

Iter: 7
	PCIe Rd: 0.057810ms
	Kernel: 0.000000ms
	PCIe Wr: 0.083266ms

Iter: 8
	PCIe Rd: 0.062901ms
	Kernel: 0.000000ms
	PCIe Wr: 0.084079ms

Iter: 9
	PCIe Rd: 0.055522ms
	Kernel: 0.000000ms
	PCIe Wr: 0.083198ms


------------------------------------------
Measurements 
--------------------------------------------
Iterations             = 10
Points                 = 8192
Data Size              = 65536 Bytes
PCIe Write Latency     = 0.08838ms
PCIe Read Latency      = 0.05978ms
PCIe Write Bandwidth   = 0.74156 GB/s
PCIe Read Bandwidth    = 1.09620 GB/s
Average Exec Time      = 0.00000ms
Average API Time       = 0.15290ms
