
------------------------------------------
Test Configuration: 
--------------------------------------------
Type               = Complex to Complex
Points             = 1048576
Iterations         = 10
Interleaving       = 10
--------------------------------------------

Num of Platforms found - 1
  0 - intel(r) fpga sdk for opencl(tm) 
Iter: 0
	PCIe Rd: 2.503686ms
	Kernel: 0.000000ms
	PCIe Wr: 1.491060ms

Iter: 1
	PCIe Rd: 1.396518ms
	Kernel: 0.000000ms
	PCIe Wr: 1.447791ms

Iter: 2
	PCIe Rd: 1.395961ms
	Kernel: 0.000000ms
	PCIe Wr: 1.443369ms

Iter: 3
	PCIe Rd: 1.395004ms
	Kernel: 0.000000ms
	PCIe Wr: 1.440430ms

Iter: 4
	PCIe Rd: 1.396936ms
	Kernel: 0.000000ms
	PCIe Wr: 1.442507ms

Iter: 5
	PCIe Rd: 1.400425ms
	Kernel: 0.000000ms
	PCIe Wr: 1.442477ms

Iter: 6
	PCIe Rd: 1.407859ms
	Kernel: 0.000000ms
	PCIe Wr: 1.442949ms

Iter: 7
	PCIe Rd: 1.409883ms
	Kernel: 0.000000ms
	PCIe Wr: 1.445232ms

Iter: 8
	PCIe Rd: 1.411002ms
	Kernel: 0.000000ms
	PCIe Wr: 1.448867ms

Iter: 9
	PCIe Rd: 1.414400ms
	Kernel: 0.000000ms
	PCIe Wr: 1.444186ms


------------------------------------------
Measurements 
--------------------------------------------
Iterations             = 10
Points                 = 1048576
Data Size              = 8388608 Bytes
PCIe Write Latency     = 1.44889ms
PCIe Read Latency      = 1.51317ms
PCIe Write Bandwidth   = 5.78969 GB/s
PCIe Read Bandwidth    = 5.54374 GB/s
Average Exec Time      = 0.00000ms
Average API Time       = 3.01804ms
