
------------------------------------------
Test Configuration: 
--------------------------------------------
Type               = Complex to Complex
Points             = 4194304
Iterations         = 10
Interleaving       = 10
--------------------------------------------

Num of Platforms found - 1
  0 - intel(r) fpga sdk for opencl(tm) 
Iter: 0
	PCIe Rd: 10.521540ms
	Kernel: 0.000000ms
	PCIe Wr: 5.514142ms

Iter: 1
	PCIe Rd: 5.287585ms
	Kernel: 0.000000ms
	PCIe Wr: 5.467148ms

Iter: 2
	PCIe Rd: 5.286576ms
	Kernel: 0.000000ms
	PCIe Wr: 5.459498ms

Iter: 3
	PCIe Rd: 5.284308ms
	Kernel: 0.000000ms
	PCIe Wr: 5.451330ms

Iter: 4
	PCIe Rd: 5.285601ms
	Kernel: 0.000000ms
	PCIe Wr: 5.447227ms

Iter: 5
	PCIe Rd: 5.288319ms
	Kernel: 0.000000ms
	PCIe Wr: 5.446623ms

Iter: 6
	PCIe Rd: 5.289242ms
	Kernel: 0.000000ms
	PCIe Wr: 5.445478ms

Iter: 7
	PCIe Rd: 5.293382ms
	Kernel: 0.000000ms
	PCIe Wr: 5.443854ms

Iter: 8
	PCIe Rd: 5.298304ms
	Kernel: 0.000000ms
	PCIe Wr: 5.499665ms

Iter: 9
	PCIe Rd: 5.305525ms
	Kernel: 0.000000ms
	PCIe Wr: 5.449972ms


------------------------------------------
Measurements 
--------------------------------------------
Iterations             = 10
Points                 = 4194304
Data Size              = 33554432 Bytes
PCIe Write Latency     = 5.46249ms
PCIe Read Latency      = 5.81404ms
PCIe Write Bandwidth   = 6.14269 GB/s
PCIe Read Bandwidth    = 5.77128 GB/s
Average Exec Time      = 0.00000ms
Average API Time       = 11.34988ms
