
------------------------------------------
Test Configuration: 
--------------------------------------------
Type               = Complex to Complex
Points             = 2
Iterations         = 10
Interleaving       = 10
--------------------------------------------

Num of Platforms found - 1
  0 - intel(r) fpga sdk for opencl(tm) 
Iter: 0
	PCIe Rd: 0.020398ms
	Kernel: 0.000000ms
	PCIe Wr: 0.047609ms

Iter: 1
	PCIe Rd: 0.019439ms
	Kernel: 0.000000ms
	PCIe Wr: 0.018148ms

Iter: 2
	PCIe Rd: 0.019532ms
	Kernel: 0.000000ms
	PCIe Wr: 0.017460ms

Iter: 3
	PCIe Rd: 0.019140ms
	Kernel: 0.000000ms
	PCIe Wr: 0.017302ms

Iter: 4
	PCIe Rd: 0.019263ms
	Kernel: 0.000000ms
	PCIe Wr: 0.017268ms

Iter: 5
	PCIe Rd: 0.019159ms
	Kernel: 0.000000ms
	PCIe Wr: 0.017368ms

Iter: 6
	PCIe Rd: 0.019021ms
	Kernel: 0.000000ms
	PCIe Wr: 0.017250ms

Iter: 7
	PCIe Rd: 0.019382ms
	Kernel: 0.000000ms
	PCIe Wr: 0.019005ms

Iter: 8
	PCIe Rd: 0.019255ms
	Kernel: 0.000000ms
	PCIe Wr: 0.017279ms

Iter: 9
	PCIe Rd: 0.019382ms
	Kernel: 0.000000ms
	PCIe Wr: 0.017231ms


------------------------------------------
Measurements 
--------------------------------------------
Iterations             = 10
Points                 = 2
Data Size              = 16 Bytes
PCIe Write Latency     = 0.02059ms
PCIe Read Latency      = 0.01940ms
PCIe Write Bandwidth   = 0.00078 GB/s
PCIe Read Bandwidth    = 0.00082 GB/s
Average Exec Time      = 0.00000ms
Average API Time       = 0.04435ms
