
------------------------------------------
Test Configuration: 
--------------------------------------------
Type               = Complex to Complex
Points             = 2048
Iterations         = 1
Interleaving       = 1
--------------------------------------------

Num of Platforms found - 1
  0 - intel(r) fpga sdk for opencl(tm) 
Iter: 0
	PCIe Rd: 0.065385ms
	Kernel: 0.000000ms
	PCIe Wr: 0.116271ms


------------------------------------------
Measurements 
--------------------------------------------
Iterations             = 1
Points                 = 2048
Data Size              = 16384 Bytes
PCIe Write Latency     = 0.11627ms
PCIe Read Latency      = 0.06538ms
PCIe Write Bandwidth   = 0.14091 GB/s
PCIe Read Bandwidth    = 0.25058 GB/s
Average Exec Time      = 0.00000ms
Average API Time       = 0.20511ms
