
------------------------------------------
Test Configuration: 
--------------------------------------------
Type               = Complex to Complex
Points             = 33554432
Iterations         = 1
Interleaving       = 1
--------------------------------------------

Num of Platforms found - 1
  0 - intel(r) fpga sdk for opencl(tm) 
Iter: 0
	PCIe Rd: 90.190933ms
	Kernel: 0.000000ms
	PCIe Wr: 42.745485ms


------------------------------------------
Measurements 
--------------------------------------------
Iterations             = 1
Points                 = 33554432
Data Size              = 268435456 Bytes
PCIe Write Latency     = 42.74548ms
PCIe Read Latency      = 90.19093ms
PCIe Write Bandwidth   = 6.27986 GB/s
PCIe Read Bandwidth    = 2.97630 GB/s
Average Exec Time      = 0.00000ms
Average API Time       = 133.50836ms
