
------------------------------------------
Test Configuration: 
--------------------------------------------
Type               = Complex to Complex
Points             = 131072
Iterations         = 1
Interleaving       = 1
--------------------------------------------

Num of Platforms found - 1
  0 - intel(r) fpga sdk for opencl(tm) 
Iter: 0
	PCIe Rd: 0.581401ms
	Kernel: 0.000000ms
	PCIe Wr: 0.331166ms


------------------------------------------
Measurements 
--------------------------------------------
Iterations             = 1
Points                 = 131072
Data Size              = 1048576 Bytes
PCIe Write Latency     = 0.33117ms
PCIe Read Latency      = 0.58140ms
PCIe Write Bandwidth   = 3.16632 GB/s
PCIe Read Bandwidth    = 1.80353 GB/s
Average Exec Time      = 0.00000ms
Average API Time       = 0.94449ms
