
------------------------------------------
Test Configuration: 
--------------------------------------------
Type               = Complex to Complex
Points             = 8192
Iterations         = 1
Interleaving       = 1
--------------------------------------------

Num of Platforms found - 1
  0 - intel(r) fpga sdk for opencl(tm) 
Iter: 0
	PCIe Rd: 0.091664ms
	Kernel: 0.000000ms
	PCIe Wr: 0.125476ms


------------------------------------------
Measurements 
--------------------------------------------
Iterations             = 1
Points                 = 8192
Data Size              = 65536 Bytes
PCIe Write Latency     = 0.12548ms
PCIe Read Latency      = 0.09166ms
PCIe Write Bandwidth   = 0.52230 GB/s
PCIe Read Bandwidth    = 0.71496 GB/s
Average Exec Time      = 0.00000ms
Average API Time       = 0.23916ms
