
------------------------------------------
Test Configuration: 
--------------------------------------------
Type               = Complex to Complex
Points             = 128
Iterations         = 1
Interleaving       = 1
--------------------------------------------

Num of Platforms found - 1
  0 - intel(r) fpga sdk for opencl(tm) 
Iter: 0
	PCIe Rd: 0.042728ms
	Kernel: 0.000000ms
	PCIe Wr: 0.076271ms


------------------------------------------
Measurements 
--------------------------------------------
Iterations             = 1
Points                 = 128
Data Size              = 1024 Bytes
PCIe Write Latency     = 0.07627ms
PCIe Read Latency      = 0.04273ms
PCIe Write Bandwidth   = 0.01343 GB/s
PCIe Read Bandwidth    = 0.02397 GB/s
Average Exec Time      = 0.00000ms
Average API Time       = 0.13939ms
