
------------------------------------------
Test Configuration: 
--------------------------------------------
Type               = Complex to Complex
Points             = 512
Iterations         = 1
Interleaving       = 1
--------------------------------------------

Num of Platforms found - 1
  0 - intel(r) fpga sdk for opencl(tm) 
Iter: 0
	PCIe Rd: 0.054196ms
	Kernel: 0.000000ms
	PCIe Wr: 0.110575ms


------------------------------------------
Measurements 
--------------------------------------------
Iterations             = 1
Points                 = 512
Data Size              = 4096 Bytes
PCIe Write Latency     = 0.11057ms
PCIe Read Latency      = 0.05420ms
PCIe Write Bandwidth   = 0.03704 GB/s
PCIe Read Bandwidth    = 0.07558 GB/s
Average Exec Time      = 0.00000ms
Average API Time       = 0.18762ms
