
------------------------------------------
Test Configuration: 
--------------------------------------------
Type               = Complex to Complex
Points             = 256
Iterations         = 1
Interleaving       = 1
--------------------------------------------

Num of Platforms found - 1
  0 - intel(r) fpga sdk for opencl(tm) 
Iter: 0
	PCIe Rd: 0.031158ms
	Kernel: 0.000000ms
	PCIe Wr: 0.098762ms


------------------------------------------
Measurements 
--------------------------------------------
Iterations             = 1
Points                 = 256
Data Size              = 2048 Bytes
PCIe Write Latency     = 0.09876ms
PCIe Read Latency      = 0.03116ms
PCIe Write Bandwidth   = 0.02074 GB/s
PCIe Read Bandwidth    = 0.06573 GB/s
Average Exec Time      = 0.00000ms
Average API Time       = 0.15236ms
