
------------------------------------------
Test Configuration: 
--------------------------------------------
Type               = Complex to Complex
Points             = 4
Iterations         = 1
Interleaving       = 1
--------------------------------------------

Num of Platforms found - 1
  0 - intel(r) fpga sdk for opencl(tm) 
Iter: 0
	PCIe Rd: 0.025323ms
	Kernel: 0.000000ms
	PCIe Wr: 0.053922ms


------------------------------------------
Measurements 
--------------------------------------------
Iterations             = 1
Points                 = 4
Data Size              = 32 Bytes
PCIe Write Latency     = 0.05392ms
PCIe Read Latency      = 0.02532ms
PCIe Write Bandwidth   = 0.00059 GB/s
PCIe Read Bandwidth    = 0.00126 GB/s
Average Exec Time      = 0.00000ms
Average API Time       = 0.09950ms
