
------------------------------------------
Test Configuration: 
--------------------------------------------
Type               = Complex to Complex
Points             = 268435456
Iterations         = 1
Interleaving       = 1
--------------------------------------------

Num of Platforms found - 1
  0 - intel(r) fpga sdk for opencl(tm) 
Iter: 0
	PCIe Rd: 724.222984ms
	Kernel: 0.000000ms
	PCIe Wr: 340.409291ms


------------------------------------------
Measurements 
--------------------------------------------
Iterations             = 1
Points                 = 268435456
Data Size              = 2147483648 Bytes
PCIe Write Latency     = 340.40929ms
PCIe Read Latency      = 724.22298ms
PCIe Write Bandwidth   = 6.30853 GB/s
PCIe Read Bandwidth    = 2.96522 GB/s
Average Exec Time      = 0.00000ms
Average API Time       = 1065.23053ms
