
------------------------------------------
Test Configuration: 
--------------------------------------------
Type               = Complex to Complex
Points             = 64
Iterations         = 10
Interleaving       = 10
--------------------------------------------

Num of Platforms found - 1
  0 - intel(r) fpga sdk for opencl(tm) 
Iter: 0
	PCIe Rd: 0.149279ms
	Kernel: 0.000000ms
	PCIe Wr: 0.063928ms

Iter: 1
	PCIe Rd: 0.148088ms
	Kernel: 0.000000ms
	PCIe Wr: 0.030751ms

Iter: 2
	PCIe Rd: 0.148000ms
	Kernel: 0.000000ms
	PCIe Wr: 0.030147ms

Iter: 3
	PCIe Rd: 0.151088ms
	Kernel: 0.000000ms
	PCIe Wr: 0.030130ms

Iter: 4
	PCIe Rd: 0.147977ms
	Kernel: 0.000000ms
	PCIe Wr: 0.030085ms

Iter: 5
	PCIe Rd: 0.147821ms
	Kernel: 0.000000ms
	PCIe Wr: 0.029827ms

Iter: 6
	PCIe Rd: 0.147716ms
	Kernel: 0.000000ms
	PCIe Wr: 0.029881ms

Iter: 7
	PCIe Rd: 0.147661ms
	Kernel: 0.000000ms
	PCIe Wr: 0.029923ms

Iter: 8
	PCIe Rd: 0.157226ms
	Kernel: 0.000000ms
	PCIe Wr: 0.029881ms

Iter: 9
	PCIe Rd: 0.148068ms
	Kernel: 0.000000ms
	PCIe Wr: 0.030013ms


------------------------------------------
Measurements 
--------------------------------------------
Iterations             = 10
Points                 = 64
Data Size              = 512 Bytes
PCIe Write Latency     = 0.03346ms
PCIe Read Latency      = 0.14929ms
PCIe Write Bandwidth   = 0.01530 GB/s
PCIe Read Bandwidth    = 0.00343 GB/s
Average Exec Time      = 0.00000ms
Average API Time       = 0.18718ms
