
------------------------------------------
Test Configuration: 
--------------------------------------------
Type               = Complex to Complex
Points             = 256
Iterations         = 10
Interleaving       = 10
--------------------------------------------

Num of Platforms found - 1
  0 - intel(r) fpga sdk for opencl(tm) 
Iter: 0
	PCIe Rd: 0.031835ms
	Kernel: 0.000000ms
	PCIe Wr: 0.102728ms

Iter: 1
	PCIe Rd: 0.029886ms
	Kernel: 0.000000ms
	PCIe Wr: 0.062734ms

Iter: 2
	PCIe Rd: 0.029511ms
	Kernel: 0.000000ms
	PCIe Wr: 0.062262ms

Iter: 3
	PCIe Rd: 0.029337ms
	Kernel: 0.000000ms
	PCIe Wr: 0.061551ms

Iter: 4
	PCIe Rd: 0.029477ms
	Kernel: 0.000000ms
	PCIe Wr: 0.061622ms

Iter: 5
	PCIe Rd: 0.029413ms
	Kernel: 0.000000ms
	PCIe Wr: 0.061956ms

Iter: 6
	PCIe Rd: 0.029607ms
	Kernel: 0.000000ms
	PCIe Wr: 0.068707ms

Iter: 7
	PCIe Rd: 0.029243ms
	Kernel: 0.000000ms
	PCIe Wr: 0.061916ms

Iter: 8
	PCIe Rd: 0.029148ms
	Kernel: 0.000000ms
	PCIe Wr: 0.061323ms

Iter: 9
	PCIe Rd: 0.029368ms
	Kernel: 0.000000ms
	PCIe Wr: 0.064418ms


------------------------------------------
Measurements 
--------------------------------------------
Iterations             = 10
Points                 = 256
Data Size              = 2048 Bytes
PCIe Write Latency     = 0.06692ms
PCIe Read Latency      = 0.02968ms
PCIe Write Bandwidth   = 0.03060 GB/s
PCIe Read Bandwidth    = 0.06900 GB/s
Average Exec Time      = 0.00000ms
Average API Time       = 0.10128ms
