
------------------------------------------
Test Configuration: 
--------------------------------------------
Type               = Complex to Complex
Points             = 32
Iterations         = 10
Interleaving       = 10
--------------------------------------------

Num of Platforms found - 1
  0 - intel(r) fpga sdk for opencl(tm) 
Iter: 0
	PCIe Rd: 0.083128ms
	Kernel: 0.000000ms
	PCIe Wr: 0.056911ms

Iter: 1
	PCIe Rd: 0.081242ms
	Kernel: 0.000000ms
	PCIe Wr: 0.023844ms

Iter: 2
	PCIe Rd: 0.081323ms
	Kernel: 0.000000ms
	PCIe Wr: 0.023376ms

Iter: 3
	PCIe Rd: 0.081129ms
	Kernel: 0.000000ms
	PCIe Wr: 0.023263ms

Iter: 4
	PCIe Rd: 0.080966ms
	Kernel: 0.000000ms
	PCIe Wr: 0.023253ms

Iter: 5
	PCIe Rd: 0.085715ms
	Kernel: 0.000000ms
	PCIe Wr: 0.023155ms

Iter: 6
	PCIe Rd: 0.081584ms
	Kernel: 0.000000ms
	PCIe Wr: 0.023321ms

Iter: 7
	PCIe Rd: 0.081122ms
	Kernel: 0.000000ms
	PCIe Wr: 0.023277ms

Iter: 8
	PCIe Rd: 0.080911ms
	Kernel: 0.000000ms
	PCIe Wr: 0.023217ms

Iter: 9
	PCIe Rd: 0.081098ms
	Kernel: 0.000000ms
	PCIe Wr: 0.023241ms


------------------------------------------
Measurements 
--------------------------------------------
Iterations             = 10
Points                 = 32
Data Size              = 256 Bytes
PCIe Write Latency     = 0.02669ms
PCIe Read Latency      = 0.08182ms
PCIe Write Bandwidth   = 0.00959 GB/s
PCIe Read Bandwidth    = 0.00313 GB/s
Average Exec Time      = 0.00000ms
Average API Time       = 0.11281ms
