
------------------------------------------
Test Configuration: 
--------------------------------------------
Type               = Complex to Complex
Points             = 4096
Iterations         = 10
Interleaving       = 10
--------------------------------------------

Num of Platforms found - 1
  0 - intel(r) fpga sdk for opencl(tm) 
Iter: 0
	PCIe Rd: 0.331665ms
	Kernel: 0.000000ms
	PCIe Wr: 0.118400ms

Iter: 1
	PCIe Rd: 0.061767ms
	Kernel: 0.000000ms
	PCIe Wr: 0.083296ms

Iter: 2
	PCIe Rd: 0.061304ms
	Kernel: 0.000000ms
	PCIe Wr: 0.079339ms

Iter: 3
	PCIe Rd: 0.061256ms
	Kernel: 0.000000ms
	PCIe Wr: 0.080845ms

Iter: 4
	PCIe Rd: 0.061458ms
	Kernel: 0.000000ms
	PCIe Wr: 0.079829ms

Iter: 5
	PCIe Rd: 0.066691ms
	Kernel: 0.000000ms
	PCIe Wr: 0.078734ms

Iter: 6
	PCIe Rd: 0.061114ms
	Kernel: 0.000000ms
	PCIe Wr: 0.078940ms

Iter: 7
	PCIe Rd: 0.061502ms
	Kernel: 0.000000ms
	PCIe Wr: 0.080957ms

Iter: 8
	PCIe Rd: 0.061307ms
	Kernel: 0.000000ms
	PCIe Wr: 0.079324ms

Iter: 9
	PCIe Rd: 0.061196ms
	Kernel: 0.000000ms
	PCIe Wr: 0.079296ms


------------------------------------------
Measurements 
--------------------------------------------
Iterations             = 10
Points                 = 4096
Data Size              = 32768 Bytes
PCIe Write Latency     = 0.08390ms
PCIe Read Latency      = 0.08893ms
PCIe Write Bandwidth   = 0.39058 GB/s
PCIe Read Bandwidth    = 0.36849 GB/s
Average Exec Time      = 0.00000ms
Average API Time       = 0.17791ms
