
------------------------------------------
Test Configuration: 
--------------------------------------------
Type               = Complex to Complex
Points             = 2097152
Iterations         = 10
Interleaving       = 10
--------------------------------------------

Num of Platforms found - 1
  0 - intel(r) fpga sdk for opencl(tm) 
Iter: 0
	PCIe Rd: 5.189919ms
	Kernel: 0.000000ms
	PCIe Wr: 2.829831ms

Iter: 1
	PCIe Rd: 2.706549ms
	Kernel: 0.000000ms
	PCIe Wr: 2.794752ms

Iter: 2
	PCIe Rd: 2.708961ms
	Kernel: 0.000000ms
	PCIe Wr: 2.786167ms

Iter: 3
	PCIe Rd: 2.712739ms
	Kernel: 0.000000ms
	PCIe Wr: 2.788342ms

Iter: 4
	PCIe Rd: 2.680427ms
	Kernel: 0.000000ms
	PCIe Wr: 2.780536ms

Iter: 5
	PCIe Rd: 2.700963ms
	Kernel: 0.000000ms
	PCIe Wr: 2.783135ms

Iter: 6
	PCIe Rd: 2.701727ms
	Kernel: 0.000000ms
	PCIe Wr: 2.779967ms

Iter: 7
	PCIe Rd: 2.698825ms
	Kernel: 0.000000ms
	PCIe Wr: 2.775286ms

Iter: 8
	PCIe Rd: 2.692816ms
	Kernel: 0.000000ms
	PCIe Wr: 2.777229ms

Iter: 9
	PCIe Rd: 2.685704ms
	Kernel: 0.000000ms
	PCIe Wr: 2.766844ms


------------------------------------------
Measurements 
--------------------------------------------
Iterations             = 10
Points                 = 2097152
Data Size              = 16777216 Bytes
PCIe Write Latency     = 2.78621ms
PCIe Read Latency      = 2.94786ms
PCIe Write Bandwidth   = 6.02152 GB/s
PCIe Read Bandwidth    = 5.69131 GB/s
Average Exec Time      = 0.00000ms
Average API Time       = 5.79512ms
