
------------------------------------------
Test Configuration: 
--------------------------------------------
Type               = Complex to Complex
Points             = 128
Iterations         = 10
Interleaving       = 10
--------------------------------------------

Num of Platforms found - 1
  0 - intel(r) fpga sdk for opencl(tm) 
Iter: 0
	PCIe Rd: 0.044681ms
	Kernel: 0.000000ms
	PCIe Wr: 0.080269ms

Iter: 1
	PCIe Rd: 0.039941ms
	Kernel: 0.000000ms
	PCIe Wr: 0.032572ms

Iter: 2
	PCIe Rd: 0.039952ms
	Kernel: 0.000000ms
	PCIe Wr: 0.034199ms

Iter: 3
	PCIe Rd: 0.039892ms
	Kernel: 0.000000ms
	PCIe Wr: 0.031715ms

Iter: 4
	PCIe Rd: 0.039833ms
	Kernel: 0.000000ms
	PCIe Wr: 0.031616ms

Iter: 5
	PCIe Rd: 0.039833ms
	Kernel: 0.000000ms
	PCIe Wr: 0.031607ms

Iter: 6
	PCIe Rd: 0.039733ms
	Kernel: 0.000000ms
	PCIe Wr: 0.031383ms

Iter: 7
	PCIe Rd: 0.039837ms
	Kernel: 0.000000ms
	PCIe Wr: 0.031796ms

Iter: 8
	PCIe Rd: 0.039680ms
	Kernel: 0.000000ms
	PCIe Wr: 0.031391ms

Iter: 9
	PCIe Rd: 0.040059ms
	Kernel: 0.000000ms
	PCIe Wr: 0.035128ms


------------------------------------------
Measurements 
--------------------------------------------
Iterations             = 10
Points                 = 128
Data Size              = 1024 Bytes
PCIe Write Latency     = 0.03717ms
PCIe Read Latency      = 0.04034ms
PCIe Write Bandwidth   = 0.02755 GB/s
PCIe Read Bandwidth    = 0.02538 GB/s
Average Exec Time      = 0.00000ms
Average API Time       = 0.08195ms
