
------------------------------------------
Test Configuration: 
--------------------------------------------
Type               = Complex to Complex
Points             = 2
Iterations         = 10
Interleaving       = 10
--------------------------------------------

Num of Platforms found - 1
  0 - intel(r) fpga sdk for opencl(tm) 
Iter: 0
	PCIe Rd: 0.020476ms
	Kernel: 0.000000ms
	PCIe Wr: 0.053935ms

Iter: 1
	PCIe Rd: 0.019126ms
	Kernel: 0.000000ms
	PCIe Wr: 0.018038ms

Iter: 2
	PCIe Rd: 0.019072ms
	Kernel: 0.000000ms
	PCIe Wr: 0.017313ms

Iter: 3
	PCIe Rd: 0.027802ms
	Kernel: 0.000000ms
	PCIe Wr: 0.017227ms

Iter: 4
	PCIe Rd: 0.019041ms
	Kernel: 0.000000ms
	PCIe Wr: 0.017529ms

Iter: 5
	PCIe Rd: 0.019073ms
	Kernel: 0.000000ms
	PCIe Wr: 0.017096ms

Iter: 6
	PCIe Rd: 0.019030ms
	Kernel: 0.000000ms
	PCIe Wr: 0.017145ms

Iter: 7
	PCIe Rd: 0.019276ms
	Kernel: 0.000000ms
	PCIe Wr: 0.017085ms

Iter: 8
	PCIe Rd: 0.019024ms
	Kernel: 0.000000ms
	PCIe Wr: 0.017181ms

Iter: 9
	PCIe Rd: 0.019019ms
	Kernel: 0.000000ms
	PCIe Wr: 0.017133ms


------------------------------------------
Measurements 
--------------------------------------------
Iterations             = 10
Points                 = 2
Data Size              = 16 Bytes
PCIe Write Latency     = 0.02097ms
PCIe Read Latency      = 0.02009ms
PCIe Write Bandwidth   = 0.00076 GB/s
PCIe Read Bandwidth    = 0.00080 GB/s
Average Exec Time      = 0.00000ms
Average API Time       = 0.04541ms
