
------------------------------------------
Test Configuration: 
--------------------------------------------
Type               = Complex to Complex
Points             = 65536
Iterations         = 10
Interleaving       = 10
--------------------------------------------

Num of Platforms found - 1
  0 - intel(r) fpga sdk for opencl(tm) 
Iter: 0
	PCIe Rd: 0.311633ms
	Kernel: 0.000000ms
	PCIe Wr: 0.230113ms

Iter: 1
	PCIe Rd: 0.160891ms
	Kernel: 0.000000ms
	PCIe Wr: 0.172296ms

Iter: 2
	PCIe Rd: 0.160271ms
	Kernel: 0.000000ms
	PCIe Wr: 0.173095ms

Iter: 3
	PCIe Rd: 0.162104ms
	Kernel: 0.000000ms
	PCIe Wr: 0.173097ms

Iter: 4
	PCIe Rd: 0.159904ms
	Kernel: 0.000000ms
	PCIe Wr: 0.173689ms

Iter: 5
	PCIe Rd: 0.159949ms
	Kernel: 0.000000ms
	PCIe Wr: 0.173274ms

Iter: 6
	PCIe Rd: 0.160246ms
	Kernel: 0.000000ms
	PCIe Wr: 0.174459ms

Iter: 7
	PCIe Rd: 0.160913ms
	Kernel: 0.000000ms
	PCIe Wr: 0.175185ms

Iter: 8
	PCIe Rd: 0.161125ms
	Kernel: 0.000000ms
	PCIe Wr: 0.172610ms

Iter: 9
	PCIe Rd: 0.160661ms
	Kernel: 0.000000ms
	PCIe Wr: 0.173238ms


------------------------------------------
Measurements 
--------------------------------------------
Iterations             = 10
Points                 = 65536
Data Size              = 524288 Bytes
PCIe Write Latency     = 0.17911ms
PCIe Read Latency      = 0.17577ms
PCIe Write Bandwidth   = 2.92726 GB/s
PCIe Read Bandwidth    = 2.98281 GB/s
Average Exec Time      = 0.00000ms
Average API Time       = 0.36244ms
