
------------------------------------------
Test Configuration: 
--------------------------------------------
Type               = Complex to Complex
Points             = 2048
Iterations         = 10
Interleaving       = 10
--------------------------------------------

Num of Platforms found - 1
  0 - intel(r) fpga sdk for opencl(tm) 
Iter: 0
	PCIe Rd: 0.065277ms
	Kernel: 0.000000ms
	PCIe Wr: 0.122932ms

Iter: 1
	PCIe Rd: 0.059163ms
	Kernel: 0.000000ms
	PCIe Wr: 0.083213ms

Iter: 2
	PCIe Rd: 0.058231ms
	Kernel: 0.000000ms
	PCIe Wr: 0.075765ms

Iter: 3
	PCIe Rd: 0.060918ms
	Kernel: 0.000000ms
	PCIe Wr: 0.075771ms

Iter: 4
	PCIe Rd: 0.058164ms
	Kernel: 0.000000ms
	PCIe Wr: 0.075951ms

Iter: 5
	PCIe Rd: 0.059582ms
	Kernel: 0.000000ms
	PCIe Wr: 0.075808ms

Iter: 6
	PCIe Rd: 0.057988ms
	Kernel: 0.000000ms
	PCIe Wr: 0.075721ms

Iter: 7
	PCIe Rd: 0.058405ms
	Kernel: 0.000000ms
	PCIe Wr: 0.075856ms

Iter: 8
	PCIe Rd: 0.058736ms
	Kernel: 0.000000ms
	PCIe Wr: 0.077317ms

Iter: 9
	PCIe Rd: 0.058501ms
	Kernel: 0.000000ms
	PCIe Wr: 0.075925ms


------------------------------------------
Measurements 
--------------------------------------------
Iterations             = 10
Points                 = 2048
Data Size              = 16384 Bytes
PCIe Write Latency     = 0.08143ms
PCIe Read Latency      = 0.05950ms
PCIe Write Bandwidth   = 0.20121 GB/s
PCIe Read Bandwidth    = 0.27538 GB/s
Average Exec Time      = 0.00000ms
Average API Time       = 0.14581ms
