
------------------------------------------
Test Configuration: 
--------------------------------------------
Type               = Complex to Complex
Points             = 67108864
Iterations         = 10
Interleaving       = 10
--------------------------------------------

Num of Platforms found - 1
  0 - intel(r) fpga sdk for opencl(tm) 
Iter: 0
	PCIe Rd: 170.242055ms
	Kernel: 0.000000ms
	PCIe Wr: 85.160005ms

Iter: 1
	PCIe Rd: 83.081024ms
	Kernel: 0.000000ms
	PCIe Wr: 85.236972ms

Iter: 2
	PCIe Rd: 83.039088ms
	Kernel: 0.000000ms
	PCIe Wr: 85.353231ms

Iter: 3
	PCIe Rd: 83.024616ms
	Kernel: 0.000000ms
	PCIe Wr: 85.253203ms

Iter: 4
	PCIe Rd: 82.888740ms
	Kernel: 0.000000ms
	PCIe Wr: 85.105356ms

Iter: 5
	PCIe Rd: 83.004426ms
	Kernel: 0.000000ms
	PCIe Wr: 85.198835ms

Iter: 6
	PCIe Rd: 83.014006ms
	Kernel: 0.000000ms
	PCIe Wr: 85.319192ms

Iter: 7
	PCIe Rd: 83.009596ms
	Kernel: 0.000000ms
	PCIe Wr: 85.205716ms

Iter: 8
	PCIe Rd: 83.027050ms
	Kernel: 0.000000ms
	PCIe Wr: 85.205210ms

Iter: 9
	PCIe Rd: 83.007671ms
	Kernel: 0.000000ms
	PCIe Wr: 85.184677ms


------------------------------------------
Measurements 
--------------------------------------------
Iterations             = 10
Points                 = 67108864
Data Size              = 536870912 Bytes
PCIe Write Latency     = 85.22224ms
PCIe Read Latency      = 91.73383ms
PCIe Write Bandwidth   = 6.29966 GB/s
PCIe Read Bandwidth    = 5.85249 GB/s
Average Exec Time      = 0.00000ms
Average API Time       = 177.03578ms
