
------------------------------------------
Test Configuration: 
--------------------------------------------
Type               = Complex to Complex
Points             = 262144
Iterations         = 10
Interleaving       = 10
--------------------------------------------

Num of Platforms found - 1
  0 - intel(r) fpga sdk for opencl(tm) 
Iter: 0
	PCIe Rd: 0.438930ms
	Kernel: 0.000000ms
	PCIe Wr: 0.506593ms

Iter: 1
	PCIe Rd: 0.429578ms
	Kernel: 0.000000ms
	PCIe Wr: 0.457823ms

Iter: 2
	PCIe Rd: 0.419507ms
	Kernel: 0.000000ms
	PCIe Wr: 0.455723ms

Iter: 3
	PCIe Rd: 0.420568ms
	Kernel: 0.000000ms
	PCIe Wr: 0.451541ms

Iter: 4
	PCIe Rd: 0.424440ms
	Kernel: 0.000000ms
	PCIe Wr: 0.460387ms

Iter: 5
	PCIe Rd: 0.420533ms
	Kernel: 0.000000ms
	PCIe Wr: 0.453826ms

Iter: 6
	PCIe Rd: 0.420991ms
	Kernel: 0.000000ms
	PCIe Wr: 0.453714ms

Iter: 7
	PCIe Rd: 0.422394ms
	Kernel: 0.000000ms
	PCIe Wr: 0.451054ms

Iter: 8
	PCIe Rd: 0.421849ms
	Kernel: 0.000000ms
	PCIe Wr: 0.451450ms

Iter: 9
	PCIe Rd: 0.421117ms
	Kernel: 0.000000ms
	PCIe Wr: 0.452480ms


------------------------------------------
Measurements 
--------------------------------------------
Iterations             = 10
Points                 = 262144
Data Size              = 2097152 Bytes
PCIe Write Latency     = 0.45946ms
PCIe Read Latency      = 0.42399ms
PCIe Write Bandwidth   = 4.56439 GB/s
PCIe Read Bandwidth    = 4.94622 GB/s
Average Exec Time      = 0.00000ms
Average API Time       = 0.93934ms
