
------------------------------------------
Test Configuration: 
--------------------------------------------
Type               = Complex to Complex
Points             = 32
Iterations         = 10
Interleaving       = 10
--------------------------------------------

Num of Platforms found - 1
  0 - intel(r) fpga sdk for opencl(tm) 
Iter: 0
	PCIe Rd: 0.083313ms
	Kernel: 0.000000ms
	PCIe Wr: 0.056885ms

Iter: 1
	PCIe Rd: 0.081485ms
	Kernel: 0.000000ms
	PCIe Wr: 0.023920ms

Iter: 2
	PCIe Rd: 0.081113ms
	Kernel: 0.000000ms
	PCIe Wr: 0.023336ms

Iter: 3
	PCIe Rd: 0.081101ms
	Kernel: 0.000000ms
	PCIe Wr: 0.023208ms

Iter: 4
	PCIe Rd: 0.081037ms
	Kernel: 0.000000ms
	PCIe Wr: 0.023200ms

Iter: 5
	PCIe Rd: 0.084625ms
	Kernel: 0.000000ms
	PCIe Wr: 0.023160ms

Iter: 6
	PCIe Rd: 0.081522ms
	Kernel: 0.000000ms
	PCIe Wr: 0.023253ms

Iter: 7
	PCIe Rd: 0.081368ms
	Kernel: 0.000000ms
	PCIe Wr: 0.023168ms

Iter: 8
	PCIe Rd: 0.081134ms
	Kernel: 0.000000ms
	PCIe Wr: 0.023162ms

Iter: 9
	PCIe Rd: 0.080959ms
	Kernel: 0.000000ms
	PCIe Wr: 0.023127ms


------------------------------------------
Measurements 
--------------------------------------------
Iterations             = 10
Points                 = 32
Data Size              = 256 Bytes
PCIe Write Latency     = 0.02664ms
PCIe Read Latency      = 0.08177ms
PCIe Write Bandwidth   = 0.00961 GB/s
PCIe Read Bandwidth    = 0.00313 GB/s
Average Exec Time      = 0.00000ms
Average API Time       = 0.11278ms
