
------------------------------------------
Test Configuration: 
--------------------------------------------
Type               = Complex to Complex
Points             = 65536
Iterations         = 10
Interleaving       = 10
--------------------------------------------

Num of Platforms found - 1
  0 - intel(r) fpga sdk for opencl(tm) 
Iter: 0
	PCIe Rd: 0.330029ms
	Kernel: 0.000000ms
	PCIe Wr: 0.223195ms

Iter: 1
	PCIe Rd: 0.168409ms
	Kernel: 0.000000ms
	PCIe Wr: 0.175314ms

Iter: 2
	PCIe Rd: 0.159645ms
	Kernel: 0.000000ms
	PCIe Wr: 0.175463ms

Iter: 3
	PCIe Rd: 0.159736ms
	Kernel: 0.000000ms
	PCIe Wr: 0.170683ms

Iter: 4
	PCIe Rd: 0.158848ms
	Kernel: 0.000000ms
	PCIe Wr: 0.170901ms

Iter: 5
	PCIe Rd: 0.167146ms
	Kernel: 0.000000ms
	PCIe Wr: 0.170127ms

Iter: 6
	PCIe Rd: 0.158818ms
	Kernel: 0.000000ms
	PCIe Wr: 0.172970ms

Iter: 7
	PCIe Rd: 0.158944ms
	Kernel: 0.000000ms
	PCIe Wr: 0.171510ms

Iter: 8
	PCIe Rd: 0.159157ms
	Kernel: 0.000000ms
	PCIe Wr: 0.170758ms

Iter: 9
	PCIe Rd: 0.161365ms
	Kernel: 0.000000ms
	PCIe Wr: 0.177657ms


------------------------------------------
Measurements 
--------------------------------------------
Iterations             = 10
Points                 = 65536
Data Size              = 524288 Bytes
PCIe Write Latency     = 0.17786ms
PCIe Read Latency      = 0.17821ms
PCIe Write Bandwidth   = 2.94779 GB/s
PCIe Read Bandwidth    = 2.94197 GB/s
Average Exec Time      = 0.00000ms
Average API Time       = 0.36374ms
