
------------------------------------------
Test Configuration: 
--------------------------------------------
Type               = Complex to Complex
Points             = 1024
Iterations         = 10
Interleaving       = 10
--------------------------------------------

Num of Platforms found - 1
  0 - intel(r) fpga sdk for opencl(tm) 
Iter: 0
	PCIe Rd: 0.062900ms
	Kernel: 0.000000ms
	PCIe Wr: 0.113159ms

Iter: 1
	PCIe Rd: 0.056966ms
	Kernel: 0.000000ms
	PCIe Wr: 0.075373ms

Iter: 2
	PCIe Rd: 0.056495ms
	Kernel: 0.000000ms
	PCIe Wr: 0.074415ms

Iter: 3
	PCIe Rd: 0.056730ms
	Kernel: 0.000000ms
	PCIe Wr: 0.076999ms

Iter: 4
	PCIe Rd: 0.056364ms
	Kernel: 0.000000ms
	PCIe Wr: 0.073941ms

Iter: 5
	PCIe Rd: 0.059046ms
	Kernel: 0.000000ms
	PCIe Wr: 0.074087ms

Iter: 6
	PCIe Rd: 0.056855ms
	Kernel: 0.000000ms
	PCIe Wr: 0.074739ms

Iter: 7
	PCIe Rd: 0.058255ms
	Kernel: 0.000000ms
	PCIe Wr: 0.074087ms

Iter: 8
	PCIe Rd: 0.056771ms
	Kernel: 0.000000ms
	PCIe Wr: 0.074288ms

Iter: 9
	PCIe Rd: 0.056456ms
	Kernel: 0.000000ms
	PCIe Wr: 0.073980ms


------------------------------------------
Measurements 
--------------------------------------------
Iterations             = 10
Points                 = 1024
Data Size              = 8192 Bytes
PCIe Write Latency     = 0.07851ms
PCIe Read Latency      = 0.05768ms
PCIe Write Bandwidth   = 0.10435 GB/s
PCIe Read Bandwidth    = 0.14202 GB/s
Average Exec Time      = 0.00000ms
Average API Time       = 0.14066ms
