
------------------------------------------
Test Configuration: 
--------------------------------------------
Type               = Complex to Complex
Points             = 4
Iterations         = 10
Interleaving       = 10
--------------------------------------------

Num of Platforms found - 1
  0 - intel(r) fpga sdk for opencl(tm) 
Iter: 0
	PCIe Rd: 0.024710ms
	Kernel: 0.000000ms
	PCIe Wr: 0.055041ms

Iter: 1
	PCIe Rd: 0.023255ms
	Kernel: 0.000000ms
	PCIe Wr: 0.018480ms

Iter: 2
	PCIe Rd: 0.023151ms
	Kernel: 0.000000ms
	PCIe Wr: 0.017719ms

Iter: 3
	PCIe Rd: 0.023041ms
	Kernel: 0.000000ms
	PCIe Wr: 0.017628ms

Iter: 4
	PCIe Rd: 0.023022ms
	Kernel: 0.000000ms
	PCIe Wr: 0.017488ms

Iter: 5
	PCIe Rd: 0.023177ms
	Kernel: 0.000000ms
	PCIe Wr: 0.017483ms

Iter: 6
	PCIe Rd: 0.022949ms
	Kernel: 0.000000ms
	PCIe Wr: 0.017483ms

Iter: 7
	PCIe Rd: 0.022928ms
	Kernel: 0.000000ms
	PCIe Wr: 0.017473ms

Iter: 8
	PCIe Rd: 0.023096ms
	Kernel: 0.000000ms
	PCIe Wr: 0.017497ms

Iter: 9
	PCIe Rd: 0.022918ms
	Kernel: 0.000000ms
	PCIe Wr: 0.017599ms


------------------------------------------
Measurements 
--------------------------------------------
Iterations             = 10
Points                 = 4
Data Size              = 32 Bytes
PCIe Write Latency     = 0.02139ms
PCIe Read Latency      = 0.02322ms
PCIe Write Bandwidth   = 0.00150 GB/s
PCIe Read Bandwidth    = 0.00138 GB/s
Average Exec Time      = 0.00000ms
Average API Time       = 0.04899ms
