
------------------------------------------
Test Configuration: 
--------------------------------------------
Type               = Complex to Complex
Points             = 16
Iterations         = 10
Interleaving       = 10
--------------------------------------------

Num of Platforms found - 1
  0 - intel(r) fpga sdk for opencl(tm) 
Iter: 0
	PCIe Rd: 0.049727ms
	Kernel: 0.000000ms
	PCIe Wr: 0.053348ms

Iter: 1
	PCIe Rd: 0.048352ms
	Kernel: 0.000000ms
	PCIe Wr: 0.021449ms

Iter: 2
	PCIe Rd: 0.048137ms
	Kernel: 0.000000ms
	PCIe Wr: 0.020584ms

Iter: 3
	PCIe Rd: 0.048105ms
	Kernel: 0.000000ms
	PCIe Wr: 0.020480ms

Iter: 4
	PCIe Rd: 0.048455ms
	Kernel: 0.000000ms
	PCIe Wr: 0.020563ms

Iter: 5
	PCIe Rd: 0.048252ms
	Kernel: 0.000000ms
	PCIe Wr: 0.020515ms

Iter: 6
	PCIe Rd: 0.054242ms
	Kernel: 0.000000ms
	PCIe Wr: 0.020721ms

Iter: 7
	PCIe Rd: 0.047984ms
	Kernel: 0.000000ms
	PCIe Wr: 0.020420ms

Iter: 8
	PCIe Rd: 0.048000ms
	Kernel: 0.000000ms
	PCIe Wr: 0.020413ms

Iter: 9
	PCIe Rd: 0.048303ms
	Kernel: 0.000000ms
	PCIe Wr: 0.020281ms


------------------------------------------
Measurements 
--------------------------------------------
Iterations             = 10
Points                 = 16
Data Size              = 128 Bytes
PCIe Write Latency     = 0.02388ms
PCIe Read Latency      = 0.04896ms
PCIe Write Bandwidth   = 0.00536 GB/s
PCIe Read Bandwidth    = 0.00261 GB/s
Average Exec Time      = 0.00000ms
Average API Time       = 0.07867ms
