
------------------------------------------
Test Configuration: 
--------------------------------------------
Type               = Complex to Complex
Points             = 134217728
Iterations         = 10
Interleaving       = 10
--------------------------------------------

Num of Platforms found - 1
  0 - intel(r) fpga sdk for opencl(tm) 
Iter: 0
	PCIe Rd: 340.909802ms
	Kernel: 0.000000ms
	PCIe Wr: 170.327907ms

Iter: 1
	PCIe Rd: 340.950177ms
	Kernel: 0.000000ms
	PCIe Wr: 170.376916ms

Iter: 2
	PCIe Rd: 340.899017ms
	Kernel: 0.000000ms
	PCIe Wr: 170.287146ms

Iter: 3
	PCIe Rd: 341.035412ms
	Kernel: 0.000000ms
	PCIe Wr: 170.265582ms

Iter: 4
	PCIe Rd: 340.754147ms
	Kernel: 0.000000ms
	PCIe Wr: 170.122549ms

Iter: 5
	PCIe Rd: 341.012582ms
	Kernel: 0.000000ms
	PCIe Wr: 170.224209ms

Iter: 6
	PCIe Rd: 341.130018ms
	Kernel: 0.000000ms
	PCIe Wr: 170.315860ms

Iter: 7
	PCIe Rd: 340.838769ms
	Kernel: 0.000000ms
	PCIe Wr: 170.307580ms

Iter: 8
	PCIe Rd: 341.102504ms
	Kernel: 0.000000ms
	PCIe Wr: 170.151442ms

Iter: 9
	PCIe Rd: 340.958169ms
	Kernel: 0.000000ms
	PCIe Wr: 170.284659ms


------------------------------------------
Measurements 
--------------------------------------------
Iterations             = 10
Points                 = 134217728
Data Size              = 1073741824 Bytes
PCIe Write Latency     = 170.26639ms
PCIe Read Latency      = 340.95906ms
PCIe Write Bandwidth   = 6.30625 GB/s
PCIe Read Bandwidth    = 3.14918 GB/s
Average Exec Time      = 0.00000ms
Average API Time       = 511.76324ms
