
------------------------------------------
Test Configuration: 
--------------------------------------------
Type               = Complex to Complex
Points             = 8
Iterations         = 10
Interleaving       = 10
--------------------------------------------

Num of Platforms found - 1
  0 - intel(r) fpga sdk for opencl(tm) 
Iter: 0
	PCIe Rd: 0.041184ms
	Kernel: 0.000000ms
	PCIe Wr: 0.051842ms

Iter: 1
	PCIe Rd: 0.031449ms
	Kernel: 0.000000ms
	PCIe Wr: 0.019658ms

Iter: 2
	PCIe Rd: 0.031559ms
	Kernel: 0.000000ms
	PCIe Wr: 0.019114ms

Iter: 3
	PCIe Rd: 0.031672ms
	Kernel: 0.000000ms
	PCIe Wr: 0.018890ms

Iter: 4
	PCIe Rd: 0.031390ms
	Kernel: 0.000000ms
	PCIe Wr: 0.018881ms

Iter: 5
	PCIe Rd: 0.031332ms
	Kernel: 0.000000ms
	PCIe Wr: 0.018687ms

Iter: 6
	PCIe Rd: 0.031782ms
	Kernel: 0.000000ms
	PCIe Wr: 0.018731ms

Iter: 7
	PCIe Rd: 0.031671ms
	Kernel: 0.000000ms
	PCIe Wr: 0.019048ms

Iter: 8
	PCIe Rd: 0.031600ms
	Kernel: 0.000000ms
	PCIe Wr: 0.019129ms

Iter: 9
	PCIe Rd: 0.031362ms
	Kernel: 0.000000ms
	PCIe Wr: 0.019056ms


------------------------------------------
Measurements 
--------------------------------------------
Iterations             = 10
Points                 = 8
Data Size              = 64 Bytes
PCIe Write Latency     = 0.02230ms
PCIe Read Latency      = 0.03250ms
PCIe Write Bandwidth   = 0.00287 GB/s
PCIe Read Bandwidth    = 0.00197 GB/s
Average Exec Time      = 0.00000ms
Average API Time       = 0.06062ms
