
------------------------------------------
Test Configuration: 
--------------------------------------------
Type               = Complex to Complex
Points             = 8388608
Iterations         = 10
Interleaving       = 10
--------------------------------------------

Num of Platforms found - 1
  0 - intel(r) fpga sdk for opencl(tm) 
Iter: 0
	PCIe Rd: 21.188302ms
	Kernel: 0.000000ms
	PCIe Wr: 10.827008ms

Iter: 1
	PCIe Rd: 21.189519ms
	Kernel: 0.000000ms
	PCIe Wr: 10.798413ms

Iter: 2
	PCIe Rd: 21.203266ms
	Kernel: 0.000000ms
	PCIe Wr: 10.797010ms

Iter: 3
	PCIe Rd: 21.203261ms
	Kernel: 0.000000ms
	PCIe Wr: 10.801459ms

Iter: 4
	PCIe Rd: 21.217958ms
	Kernel: 0.000000ms
	PCIe Wr: 10.796069ms

Iter: 5
	PCIe Rd: 21.232951ms
	Kernel: 0.000000ms
	PCIe Wr: 10.807049ms

Iter: 6
	PCIe Rd: 21.217827ms
	Kernel: 0.000000ms
	PCIe Wr: 10.828852ms

Iter: 7
	PCIe Rd: 21.245576ms
	Kernel: 0.000000ms
	PCIe Wr: 10.823507ms

Iter: 8
	PCIe Rd: 21.240532ms
	Kernel: 0.000000ms
	PCIe Wr: 10.792625ms

Iter: 9
	PCIe Rd: 21.201214ms
	Kernel: 0.000000ms
	PCIe Wr: 10.837110ms


------------------------------------------
Measurements 
--------------------------------------------
Iterations             = 10
Points                 = 8388608
Data Size              = 67108864 Bytes
PCIe Write Latency     = 10.81091ms
PCIe Read Latency      = 21.21404ms
PCIe Write Bandwidth   = 6.20751 GB/s
PCIe Read Bandwidth    = 3.16342 GB/s
Average Exec Time      = 0.00000ms
Average API Time       = 32.54609ms
