
------------------------------------------
Test Configuration: 
--------------------------------------------
Type               = Complex to Complex
Points             = 32
Iterations         = 10
Interleaving       = 10
--------------------------------------------

Num of Platforms found - 1
  0 - intel(r) fpga sdk for opencl(tm) 
Iter: 0
	PCIe Rd: 0.083263ms
	Kernel: 0.000000ms
	PCIe Wr: 0.056038ms

Iter: 1
	PCIe Rd: 0.081657ms
	Kernel: 0.000000ms
	PCIe Wr: 0.024525ms

Iter: 2
	PCIe Rd: 0.081153ms
	Kernel: 0.000000ms
	PCIe Wr: 0.024191ms

Iter: 3
	PCIe Rd: 0.081771ms
	Kernel: 0.000000ms
	PCIe Wr: 0.023824ms

Iter: 4
	PCIe Rd: 0.081252ms
	Kernel: 0.000000ms
	PCIe Wr: 0.024136ms

Iter: 5
	PCIe Rd: 0.081333ms
	Kernel: 0.000000ms
	PCIe Wr: 0.023734ms

Iter: 6
	PCIe Rd: 0.081534ms
	Kernel: 0.000000ms
	PCIe Wr: 0.023940ms

Iter: 7
	PCIe Rd: 0.081579ms
	Kernel: 0.000000ms
	PCIe Wr: 0.027123ms

Iter: 8
	PCIe Rd: 0.081477ms
	Kernel: 0.000000ms
	PCIe Wr: 0.024118ms

Iter: 9
	PCIe Rd: 0.081494ms
	Kernel: 0.000000ms
	PCIe Wr: 0.023900ms


------------------------------------------
Measurements 
--------------------------------------------
Iterations             = 10
Points                 = 32
Data Size              = 256 Bytes
PCIe Write Latency     = 0.02755ms
PCIe Read Latency      = 0.08165ms
PCIe Write Bandwidth   = 0.00929 GB/s
PCIe Read Bandwidth    = 0.00314 GB/s
Average Exec Time      = 0.00000ms
Average API Time       = 0.11509ms
