
------------------------------------------
Test Configuration: 
--------------------------------------------
Type               = Complex to Complex
Points             = 268435456
Iterations         = 10
Interleaving       = 10
--------------------------------------------

Num of Platforms found - 1
  0 - intel(r) fpga sdk for opencl(tm) 
Iter: 0
	PCIe Rd: 682.031276ms
	Kernel: 0.000000ms
	PCIe Wr: 340.476474ms

Iter: 1
	PCIe Rd: 681.926821ms
	Kernel: 0.000000ms
	PCIe Wr: 340.597525ms

Iter: 2
	PCIe Rd: 682.218693ms
	Kernel: 0.000000ms
	PCIe Wr: 340.567255ms

Iter: 3
	PCIe Rd: 682.389698ms
	Kernel: 0.000000ms
	PCIe Wr: 340.827008ms

Iter: 4
	PCIe Rd: 682.111785ms
	Kernel: 0.000000ms
	PCIe Wr: 340.479334ms

Iter: 5
	PCIe Rd: 682.013896ms
	Kernel: 0.000000ms
	PCIe Wr: 340.529248ms

Iter: 6
	PCIe Rd: 681.810464ms
	Kernel: 0.000000ms
	PCIe Wr: 340.140150ms

Iter: 7
	PCIe Rd: 681.807366ms
	Kernel: 0.000000ms
	PCIe Wr: 340.399723ms

Iter: 8
	PCIe Rd: 682.145053ms
	Kernel: 0.000000ms
	PCIe Wr: 340.467337ms

Iter: 9
	PCIe Rd: 681.937931ms
	Kernel: 0.000000ms
	PCIe Wr: 340.093641ms


------------------------------------------
Measurements 
--------------------------------------------
Iterations             = 10
Points                 = 268435456
Data Size              = 2147483648 Bytes
PCIe Write Latency     = 340.45777ms
PCIe Read Latency      = 682.03930ms
PCIe Write Bandwidth   = 6.30764 GB/s
PCIe Read Bandwidth    = 3.14862 GB/s
Average Exec Time      = 0.00000ms
Average API Time       = 1023.04973ms
