
------------------------------------------
Test Configuration: 
--------------------------------------------
Type               = Complex to Complex
Points             = 32768
Iterations         = 10
Interleaving       = 10
--------------------------------------------

Num of Platforms found - 1
  0 - intel(r) fpga sdk for opencl(tm) 
Iter: 0
	PCIe Rd: 0.202566ms
	Kernel: 0.000000ms
	PCIe Wr: 0.179188ms

Iter: 1
	PCIe Rd: 0.122121ms
	Kernel: 0.000000ms
	PCIe Wr: 0.135979ms

Iter: 2
	PCIe Rd: 0.121235ms
	Kernel: 0.000000ms
	PCIe Wr: 0.124752ms

Iter: 3
	PCIe Rd: 0.119354ms
	Kernel: 0.000000ms
	PCIe Wr: 0.129897ms

Iter: 4
	PCIe Rd: 0.121571ms
	Kernel: 0.000000ms
	PCIe Wr: 0.124105ms

Iter: 5
	PCIe Rd: 0.115633ms
	Kernel: 0.000000ms
	PCIe Wr: 0.129693ms

Iter: 6
	PCIe Rd: 0.126697ms
	Kernel: 0.000000ms
	PCIe Wr: 0.130575ms

Iter: 7
	PCIe Rd: 0.121862ms
	Kernel: 0.000000ms
	PCIe Wr: 0.123837ms

Iter: 8
	PCIe Rd: 0.121800ms
	Kernel: 0.000000ms
	PCIe Wr: 0.131185ms

Iter: 9
	PCIe Rd: 0.116323ms
	Kernel: 0.000000ms
	PCIe Wr: 0.125337ms


------------------------------------------
Measurements 
--------------------------------------------
Iterations             = 10
Points                 = 32768
Data Size              = 262144 Bytes
PCIe Write Latency     = 0.13345ms
PCIe Read Latency      = 0.12892ms
PCIe Write Bandwidth   = 1.96429 GB/s
PCIe Read Bandwidth    = 2.03345 GB/s
Average Exec Time      = 0.00000ms
Average API Time       = 0.26847ms
