
------------------------------------------
Test Configuration: 
--------------------------------------------
Type               = Complex to Complex
Points             = 8388608
Iterations         = 10
Interleaving       = 10
--------------------------------------------

Num of Platforms found - 1
  0 - intel(r) fpga sdk for opencl(tm) 
Iter: 0
	PCIe Rd: 22.631973ms
	Kernel: 0.000000ms
	PCIe Wr: 10.864944ms

Iter: 1
	PCIe Rd: 10.481102ms
	Kernel: 0.000000ms
	PCIe Wr: 10.815263ms

Iter: 2
	PCIe Rd: 10.468732ms
	Kernel: 0.000000ms
	PCIe Wr: 10.783986ms

Iter: 3
	PCIe Rd: 10.466985ms
	Kernel: 0.000000ms
	PCIe Wr: 10.770972ms

Iter: 4
	PCIe Rd: 10.466102ms
	Kernel: 0.000000ms
	PCIe Wr: 10.775630ms

Iter: 5
	PCIe Rd: 10.467029ms
	Kernel: 0.000000ms
	PCIe Wr: 10.760737ms

Iter: 6
	PCIe Rd: 10.466034ms
	Kernel: 0.000000ms
	PCIe Wr: 10.754547ms

Iter: 7
	PCIe Rd: 10.466352ms
	Kernel: 0.000000ms
	PCIe Wr: 10.760940ms

Iter: 8
	PCIe Rd: 10.470298ms
	Kernel: 0.000000ms
	PCIe Wr: 10.774644ms

Iter: 9
	PCIe Rd: 10.467958ms
	Kernel: 0.000000ms
	PCIe Wr: 10.764179ms


------------------------------------------
Measurements 
--------------------------------------------
Iterations             = 10
Points                 = 8388608
Data Size              = 67108864 Bytes
PCIe Write Latency     = 10.78258ms
PCIe Read Latency      = 11.68526ms
PCIe Write Bandwidth   = 6.22382 GB/s
PCIe Read Bandwidth    = 5.74304 GB/s
Average Exec Time      = 0.00000ms
Average API Time       = 22.54036ms
