
------------------------------------------
Test Configuration: 
--------------------------------------------
Type               = Complex to Complex
Points             = 4096
Iterations         = 10
Interleaving       = 10
--------------------------------------------

Num of Platforms found - 1
  0 - intel(r) fpga sdk for opencl(tm) 
Iter: 0
	PCIe Rd: 0.068614ms
	Kernel: 0.000000ms
	PCIe Wr: 0.125642ms

Iter: 1
	PCIe Rd: 0.059052ms
	Kernel: 0.000000ms
	PCIe Wr: 0.086762ms

Iter: 2
	PCIe Rd: 0.056188ms
	Kernel: 0.000000ms
	PCIe Wr: 0.085185ms

Iter: 3
	PCIe Rd: 0.056271ms
	Kernel: 0.000000ms
	PCIe Wr: 0.084829ms

Iter: 4
	PCIe Rd: 0.056544ms
	Kernel: 0.000000ms
	PCIe Wr: 0.084487ms

Iter: 5
	PCIe Rd: 0.058548ms
	Kernel: 0.000000ms
	PCIe Wr: 0.091282ms

Iter: 6
	PCIe Rd: 0.055983ms
	Kernel: 0.000000ms
	PCIe Wr: 0.084832ms

Iter: 7
	PCIe Rd: 0.058787ms
	Kernel: 0.000000ms
	PCIe Wr: 0.086463ms

Iter: 8
	PCIe Rd: 0.056408ms
	Kernel: 0.000000ms
	PCIe Wr: 0.084720ms

Iter: 9
	PCIe Rd: 0.056355ms
	Kernel: 0.000000ms
	PCIe Wr: 0.084874ms


------------------------------------------
Measurements 
--------------------------------------------
Iterations             = 10
Points                 = 4096
Data Size              = 32768 Bytes
PCIe Write Latency     = 0.08991ms
PCIe Read Latency      = 0.05828ms
PCIe Write Bandwidth   = 0.36446 GB/s
PCIe Read Bandwidth    = 0.56230 GB/s
Average Exec Time      = 0.00000ms
Average API Time       = 0.15346ms
