
------------------------------------------
Test Configuration: 
--------------------------------------------
Type               = Complex to Complex
Points             = 2
Iterations         = 10
Interleaving       = 10
--------------------------------------------

Num of Platforms found - 1
  0 - intel(r) fpga sdk for opencl(tm) 
Iter: 0
	PCIe Rd: 0.021227ms
	Kernel: 0.000000ms
	PCIe Wr: 0.054265ms

Iter: 1
	PCIe Rd: 0.019684ms
	Kernel: 0.000000ms
	PCIe Wr: 0.018624ms

Iter: 2
	PCIe Rd: 0.019291ms
	Kernel: 0.000000ms
	PCIe Wr: 0.017728ms

Iter: 3
	PCIe Rd: 0.019182ms
	Kernel: 0.000000ms
	PCIe Wr: 0.017566ms

Iter: 4
	PCIe Rd: 0.019147ms
	Kernel: 0.000000ms
	PCIe Wr: 0.017511ms

Iter: 5
	PCIe Rd: 0.019280ms
	Kernel: 0.000000ms
	PCIe Wr: 0.017523ms

Iter: 6
	PCIe Rd: 0.019058ms
	Kernel: 0.000000ms
	PCIe Wr: 0.017438ms

Iter: 7
	PCIe Rd: 0.019402ms
	Kernel: 0.000000ms
	PCIe Wr: 0.019481ms

Iter: 8
	PCIe Rd: 0.019338ms
	Kernel: 0.000000ms
	PCIe Wr: 0.018224ms

Iter: 9
	PCIe Rd: 0.019240ms
	Kernel: 0.000000ms
	PCIe Wr: 0.017551ms


------------------------------------------
Measurements 
--------------------------------------------
Iterations             = 10
Points                 = 2
Data Size              = 16 Bytes
PCIe Write Latency     = 0.02159ms
PCIe Read Latency      = 0.01948ms
PCIe Write Bandwidth   = 0.00074 GB/s
PCIe Read Bandwidth    = 0.00082 GB/s
Average Exec Time      = 0.00000ms
Average API Time       = 0.04595ms
