
------------------------------------------
Test Configuration: 
--------------------------------------------
Type               = Complex to Complex
Points             = 134217728
Iterations         = 10
Interleaving       = 10
--------------------------------------------

Num of Platforms found - 1
  0 - intel(r) fpga sdk for opencl(tm) 
Iter: 0
	PCIe Rd: 341.333217ms
	Kernel: 0.000000ms
	PCIe Wr: 170.596187ms

Iter: 1
	PCIe Rd: 166.122311ms
	Kernel: 0.000000ms
	PCIe Wr: 170.275728ms

Iter: 2
	PCIe Rd: 166.092123ms
	Kernel: 0.000000ms
	PCIe Wr: 170.232484ms

Iter: 3
	PCIe Rd: 165.892327ms
	Kernel: 0.000000ms
	PCIe Wr: 170.262297ms

Iter: 4
	PCIe Rd: 166.056959ms
	Kernel: 0.000000ms
	PCIe Wr: 170.485301ms

Iter: 5
	PCIe Rd: 166.015821ms
	Kernel: 0.000000ms
	PCIe Wr: 170.229351ms

Iter: 6
	PCIe Rd: 166.019629ms
	Kernel: 0.000000ms
	PCIe Wr: 170.204383ms

Iter: 7
	PCIe Rd: 166.067418ms
	Kernel: 0.000000ms
	PCIe Wr: 170.273479ms

Iter: 8
	PCIe Rd: 166.022336ms
	Kernel: 0.000000ms
	PCIe Wr: 170.210745ms

Iter: 9
	PCIe Rd: 166.070842ms
	Kernel: 0.000000ms
	PCIe Wr: 170.151172ms


------------------------------------------
Measurements 
--------------------------------------------
Iterations             = 10
Points                 = 134217728
Data Size              = 1073741824 Bytes
PCIe Write Latency     = 170.29211ms
PCIe Read Latency      = 183.56930ms
PCIe Write Bandwidth   = 6.30529 GB/s
PCIe Read Bandwidth    = 5.84925 GB/s
Average Exec Time      = 0.00000ms
Average API Time       = 353.94248ms
