
------------------------------------------
Test Configuration: 
--------------------------------------------
Type               = Complex to Complex
Points             = 8192
Iterations         = 2
Interleaving       = 2
--------------------------------------------

Num of Platforms found - 1
  0 - intel(r) fpga sdk for opencl(tm) 
Iter: 0
	PCIe Rd: 0.090716ms
	Kernel: 0.000000ms
	PCIe Wr: 0.125022ms

Iter: 1
	PCIe Rd: 0.067736ms
	Kernel: 0.000000ms
	PCIe Wr: 0.087603ms


------------------------------------------
Measurements 
--------------------------------------------
Iterations             = 2
Points                 = 8192
Data Size              = 65536 Bytes
PCIe Write Latency     = 0.10631ms
PCIe Read Latency      = 0.07923ms
PCIe Write Bandwidth   = 0.61645 GB/s
PCIe Read Bandwidth    = 0.82720 GB/s
Average Exec Time      = 0.00000ms
Average API Time       = 0.19899ms
