
------------------------------------------
Test Configuration: 
--------------------------------------------
Type               = Complex to Complex
Points             = 16384
Iterations         = 2
Interleaving       = 2
--------------------------------------------

Num of Platforms found - 1
  0 - intel(r) fpga sdk for opencl(tm) 
Iter: 0
	PCIe Rd: 0.140726ms
	Kernel: 0.000000ms
	PCIe Wr: 0.139136ms

Iter: 1
	PCIe Rd: 0.088686ms
	Kernel: 0.000000ms
	PCIe Wr: 0.099522ms


------------------------------------------
Measurements 
--------------------------------------------
Iterations             = 2
Points                 = 16384
Data Size              = 131072 Bytes
PCIe Write Latency     = 0.11933ms
PCIe Read Latency      = 0.11471ms
PCIe Write Bandwidth   = 1.09841 GB/s
PCIe Read Bandwidth    = 1.14268 GB/s
Average Exec Time      = 0.00000ms
Average API Time       = 0.25152ms
