
------------------------------------------
Test Configuration: 
--------------------------------------------
Type               = Complex to Complex
Points             = 2
Iterations         = 2
Interleaving       = 2
--------------------------------------------

Num of Platforms found - 1
  0 - intel(r) fpga sdk for opencl(tm) 
Iter: 0
	PCIe Rd: 0.020731ms
	Kernel: 0.000000ms
	PCIe Wr: 0.060452ms

Iter: 1
	PCIe Rd: 0.019196ms
	Kernel: 0.000000ms
	PCIe Wr: 0.018128ms


------------------------------------------
Measurements 
--------------------------------------------
Iterations             = 2
Points                 = 2
Data Size              = 16 Bytes
PCIe Write Latency     = 0.03929ms
PCIe Read Latency      = 0.01996ms
PCIe Write Bandwidth   = 0.00041 GB/s
PCIe Read Bandwidth    = 0.00080 GB/s
Average Exec Time      = 0.00000ms
Average API Time       = 0.07176ms
