
------------------------------------------
Test Configuration: 
--------------------------------------------
Type               = Complex to Complex
Points             = 4
Iterations         = 2
Interleaving       = 2
--------------------------------------------

Num of Platforms found - 1
  0 - intel(r) fpga sdk for opencl(tm) 
Iter: 0
	PCIe Rd: 0.024793ms
	Kernel: 0.000000ms
	PCIe Wr: 0.051976ms

Iter: 1
	PCIe Rd: 0.023130ms
	Kernel: 0.000000ms
	PCIe Wr: 0.018532ms


------------------------------------------
Measurements 
--------------------------------------------
Iterations             = 2
Points                 = 4
Data Size              = 32 Bytes
PCIe Write Latency     = 0.03525ms
PCIe Read Latency      = 0.02396ms
PCIe Write Bandwidth   = 0.00091 GB/s
PCIe Read Bandwidth    = 0.00134 GB/s
Average Exec Time      = 0.00000ms
Average API Time       = 0.07119ms
