
------------------------------------------
Test Configuration: 
--------------------------------------------
Type               = Complex to Complex
Points             = 128
Iterations         = 2
Interleaving       = 2
--------------------------------------------

Num of Platforms found - 1
  0 - intel(r) fpga sdk for opencl(tm) 
Iter: 0
	PCIe Rd: 0.042448ms
	Kernel: 0.000000ms
	PCIe Wr: 0.068128ms

Iter: 1
	PCIe Rd: 0.039856ms
	Kernel: 0.000000ms
	PCIe Wr: 0.031992ms


------------------------------------------
Measurements 
--------------------------------------------
Iterations             = 2
Points                 = 128
Data Size              = 1024 Bytes
PCIe Write Latency     = 0.05006ms
PCIe Read Latency      = 0.04115ms
PCIe Write Bandwidth   = 0.02046 GB/s
PCIe Read Bandwidth    = 0.02488 GB/s
Average Exec Time      = 0.00000ms
Average API Time       = 0.10344ms
