
------------------------------------------
Test Configuration: 
--------------------------------------------
Type               = Complex to Complex
Points             = 4096
Iterations         = 2
Interleaving       = 2
--------------------------------------------

Num of Platforms found - 1
  0 - intel(r) fpga sdk for opencl(tm) 
Iter: 0
	PCIe Rd: 0.075985ms
	Kernel: 0.000000ms
	PCIe Wr: 0.120727ms

Iter: 1
	PCIe Rd: 0.060875ms
	Kernel: 0.000000ms
	PCIe Wr: 0.078173ms


------------------------------------------
Measurements 
--------------------------------------------
Iterations             = 2
Points                 = 4096
Data Size              = 32768 Bytes
PCIe Write Latency     = 0.09945ms
PCIe Read Latency      = 0.06843ms
PCIe Write Bandwidth   = 0.32949 GB/s
PCIe Read Bandwidth    = 0.47885 GB/s
Average Exec Time      = 0.00000ms
Average API Time       = 0.18392ms
