
------------------------------------------
Test Configuration: 
--------------------------------------------
Type               = Complex to Complex
Points             = 1048576
Iterations         = 2
Interleaving       = 2
--------------------------------------------

Num of Platforms found - 1
  0 - intel(r) fpga sdk for opencl(tm) 
Iter: 0
	PCIe Rd: 2.529472ms
	Kernel: 0.000000ms
	PCIe Wr: 1.491330ms

Iter: 1
	PCIe Rd: 1.408151ms
	Kernel: 0.000000ms
	PCIe Wr: 1.452804ms


------------------------------------------
Measurements 
--------------------------------------------
Iterations             = 2
Points                 = 1048576
Data Size              = 8388608 Bytes
PCIe Write Latency     = 1.47207ms
PCIe Read Latency      = 1.96881ms
PCIe Write Bandwidth   = 5.69852 GB/s
PCIe Read Bandwidth    = 4.26075 GB/s
Average Exec Time      = 0.00000ms
Average API Time       = 3.70314ms
