
------------------------------------------
Test Configuration: 
--------------------------------------------
Type               = Complex to Complex
Points             = 2048
Iterations         = 2
Interleaving       = 2
--------------------------------------------

Num of Platforms found - 1
  0 - intel(r) fpga sdk for opencl(tm) 
Iter: 0
	PCIe Rd: 0.067666ms
	Kernel: 0.000000ms
	PCIe Wr: 0.120788ms

Iter: 1
	PCIe Rd: 0.057914ms
	Kernel: 0.000000ms
	PCIe Wr: 0.076540ms


------------------------------------------
Measurements 
--------------------------------------------
Iterations             = 2
Points                 = 2048
Data Size              = 16384 Bytes
PCIe Write Latency     = 0.09866ms
PCIe Read Latency      = 0.06279ms
PCIe Write Bandwidth   = 0.16606 GB/s
PCIe Read Bandwidth    = 0.26093 GB/s
Average Exec Time      = 0.00000ms
Average API Time       = 0.17516ms
