
------------------------------------------
Test Configuration: 
--------------------------------------------
Type               = Complex to Complex
Points             = 1024
Iterations         = 2
Interleaving       = 2
--------------------------------------------

Num of Platforms found - 1
  0 - intel(r) fpga sdk for opencl(tm) 
Iter: 0
	PCIe Rd: 0.073783ms
	Kernel: 0.000000ms
	PCIe Wr: 0.122022ms

Iter: 1
	PCIe Rd: 0.064225ms
	Kernel: 0.000000ms
	PCIe Wr: 0.083033ms


------------------------------------------
Measurements 
--------------------------------------------
Iterations             = 2
Points                 = 1024
Data Size              = 8192 Bytes
PCIe Write Latency     = 0.10253ms
PCIe Read Latency      = 0.06900ms
PCIe Write Bandwidth   = 0.07990 GB/s
PCIe Read Bandwidth    = 0.11872 GB/s
Average Exec Time      = 0.00000ms
Average API Time       = 0.18503ms
