
------------------------------------------
Test Configuration: 
--------------------------------------------
Type               = Complex to Complex
Points             = 536870912
Iterations         = 2
Interleaving       = 2
--------------------------------------------

Num of Platforms found - 1
  0 - intel(r) fpga sdk for opencl(tm) 
Iter: 0
	PCIe Rd: 1404.864916ms
	Kernel: 0.000000ms
	PCIe Wr: 680.554540ms

Iter: 1
	PCIe Rd: 662.735352ms
	Kernel: 0.000000ms
	PCIe Wr: 680.238066ms


------------------------------------------
Measurements 
--------------------------------------------
Iterations             = 2
Points                 = 536870912
Data Size              = 0 Bytes
PCIe Write Latency     = 680.39630ms
PCIe Read Latency      = 1033.80013ms
PCIe Write Bandwidth   = 0.00000 GB/s
PCIe Read Bandwidth    = 0.00000 GB/s
Average Exec Time      = 0.00000ms
Average API Time       = 1714.52002ms
