
------------------------------------------
Test Configuration: 
--------------------------------------------
Type               = Complex to Complex
Points             = 8
Iterations         = 2
Interleaving       = 2
--------------------------------------------

Num of Platforms found - 1
  0 - intel(r) fpga sdk for opencl(tm) 
Iter: 0
	PCIe Rd: 0.032742ms
	Kernel: 0.000000ms
	PCIe Wr: 0.053134ms

Iter: 1
	PCIe Rd: 0.039144ms
	Kernel: 0.000000ms
	PCIe Wr: 0.019231ms


------------------------------------------
Measurements 
--------------------------------------------
Iterations             = 2
Points                 = 8
Data Size              = 64 Bytes
PCIe Write Latency     = 0.03618ms
PCIe Read Latency      = 0.03594ms
PCIe Write Bandwidth   = 0.00177 GB/s
PCIe Read Bandwidth    = 0.00178 GB/s
Average Exec Time      = 0.00000ms
Average API Time       = 0.08412ms
