
------------------------------------------
Test Configuration: 
--------------------------------------------
Type               = Complex to Complex
Points             = 131072
Iterations         = 2
Interleaving       = 2
--------------------------------------------

Num of Platforms found - 1
  0 - intel(r) fpga sdk for opencl(tm) 
Iter: 0
	PCIe Rd: 0.587785ms
	Kernel: 0.000000ms
	PCIe Wr: 0.332546ms

Iter: 1
	PCIe Rd: 0.255220ms
	Kernel: 0.000000ms
	PCIe Wr: 0.272156ms


------------------------------------------
Measurements 
--------------------------------------------
Iterations             = 2
Points                 = 131072
Data Size              = 1048576 Bytes
PCIe Write Latency     = 0.30235ms
PCIe Read Latency      = 0.42150ms
PCIe Write Bandwidth   = 3.46808 GB/s
PCIe Read Bandwidth    = 2.48771 GB/s
Average Exec Time      = 0.00000ms
Average API Time       = 0.74472ms
