
------------------------------------------
Test Configuration: 
--------------------------------------------
Type               = Complex to Complex
Points             = 256
Iterations         = 2
Interleaving       = 2
--------------------------------------------

Num of Platforms found - 1
  0 - intel(r) fpga sdk for opencl(tm) 
Iter: 0
	PCIe Rd: 0.031135ms
	Kernel: 0.000000ms
	PCIe Wr: 0.098286ms

Iter: 1
	PCIe Rd: 0.028900ms
	Kernel: 0.000000ms
	PCIe Wr: 0.061995ms


------------------------------------------
Measurements 
--------------------------------------------
Iterations             = 2
Points                 = 256
Data Size              = 2048 Bytes
PCIe Write Latency     = 0.08014ms
PCIe Read Latency      = 0.03002ms
PCIe Write Bandwidth   = 0.02556 GB/s
PCIe Read Bandwidth    = 0.06823 GB/s
Average Exec Time      = 0.00000ms
Average API Time       = 0.12266ms
