
------------------------------------------
Test Configuration: 
--------------------------------------------
Type               = Complex to Complex
Points             = 4194304
Iterations         = 2
Interleaving       = 2
--------------------------------------------

Num of Platforms found - 1
  0 - intel(r) fpga sdk for opencl(tm) 
Iter: 0
	PCIe Rd: 10.526997ms
	Kernel: 0.000000ms
	PCIe Wr: 5.502562ms

Iter: 1
	PCIe Rd: 5.285700ms
	Kernel: 0.000000ms
	PCIe Wr: 5.469257ms


------------------------------------------
Measurements 
--------------------------------------------
Iterations             = 2
Points                 = 4194304
Data Size              = 33554432 Bytes
PCIe Write Latency     = 5.48591ms
PCIe Read Latency      = 7.90635ms
PCIe Write Bandwidth   = 6.11648 GB/s
PCIe Read Bandwidth    = 4.24399 GB/s
Average Exec Time      = 0.00000ms
Average API Time       = 13.67378ms
