
------------------------------------------
Test Configuration: 
--------------------------------------------
Type               = Complex to Complex
Points             = 32768
Iterations         = 2
Interleaving       = 2
--------------------------------------------

Num of Platforms found - 1
  0 - intel(r) fpga sdk for opencl(tm) 
Iter: 0
	PCIe Rd: 0.180022ms
	Kernel: 0.000000ms
	PCIe Wr: 0.168660ms

Iter: 1
	PCIe Rd: 0.110595ms
	Kernel: 0.000000ms
	PCIe Wr: 0.129490ms


------------------------------------------
Measurements 
--------------------------------------------
Iterations             = 2
Points                 = 32768
Data Size              = 262144 Bytes
PCIe Write Latency     = 0.14907ms
PCIe Read Latency      = 0.14531ms
PCIe Write Bandwidth   = 1.75847 GB/s
PCIe Read Bandwidth    = 1.80405 GB/s
Average Exec Time      = 0.00000ms
Average API Time       = 0.31431ms
