
------------------------------------------
Test Configuration: 
--------------------------------------------
Type               = Complex to Complex
Points             = 268435456
Iterations         = 2
Interleaving       = 2
--------------------------------------------

Num of Platforms found - 1
  0 - intel(r) fpga sdk for opencl(tm) 
Iter: 0
	PCIe Rd: 702.956703ms
	Kernel: 0.000000ms
	PCIe Wr: 340.346475ms

Iter: 1
	PCIe Rd: 331.692915ms
	Kernel: 0.000000ms
	PCIe Wr: 340.310731ms


------------------------------------------
Measurements 
--------------------------------------------
Iterations             = 2
Points                 = 268435456
Data Size              = 2147483648 Bytes
PCIe Write Latency     = 340.32860ms
PCIe Read Latency      = 517.32481ms
PCIe Write Bandwidth   = 6.31003 GB/s
PCIe Read Bandwidth    = 4.15113 GB/s
Average Exec Time      = 0.00000ms
Average API Time       = 857.97607ms
